2016-10-12 23:21:33,439 |OFBiz-config-0       |DBCPConnectionFactory         |E| null
java.lang.ClassNotFoundException: org.postgresql.Driver
	at java.net.URLClassLoader.findClass(URLClassLoader.java:381) ~[?:1.8.0_91]
	at java.lang.ClassLoader.loadClass(ClassLoader.java:424) ~[?:1.8.0_91]
	at org.ofbiz.base.util.CachedClassLoader.loadClass(CachedClassLoader.java:188) ~[ofbiz-base.jar:?]
	at org.ofbiz.base.util.CachedClassLoader.loadClass(CachedClassLoader.java:162) ~[ofbiz-base.jar:?]
	at java.lang.Class.forName0(Native Method) ~[?:1.8.0_91]
	at java.lang.Class.forName(Class.java:348) ~[?:1.8.0_91]
	at org.ofbiz.entity.connection.DBCPConnectionFactory.getConnection(DBCPConnectionFactory.java:87) [ofbiz-entity-test.jar:?]
	at org.ofbiz.entity.jdbc.ConnectionFactory.getManagedConnection(ConnectionFactory.java:121) [ofbiz-entity-test.jar:?]
	at org.ofbiz.geronimo.GeronimoTransactionFactory.getConnection(GeronimoTransactionFactory.java:83) [ofbiz-geronimo.jar:?]
	at org.ofbiz.entity.transaction.TransactionFactory.getConnection(TransactionFactory.java:82) [ofbiz-entity-test.jar:?]
	at org.ofbiz.entity.jdbc.ConnectionFactory.getConnection(ConnectionFactory.java:97) [ofbiz-entity-test.jar:?]
	at org.ofbiz.entity.jdbc.DatabaseUtil.getConnection(DatabaseUtil.java:135) [ofbiz-entity-test.jar:?]
	at org.ofbiz.entity.jdbc.DatabaseUtil.getConnectionLogged(DatabaseUtil.java:155) [ofbiz-entity-test.jar:?]
	at org.ofbiz.entity.jdbc.DatabaseUtil.getTableNames(DatabaseUtil.java:977) [ofbiz-entity-test.jar:?]
	at org.ofbiz.entity.jdbc.DatabaseUtil.checkDb(DatabaseUtil.java:189) [ofbiz-entity-test.jar:?]
	at org.ofbiz.entity.jdbc.DatabaseUtil.checkDb(DatabaseUtil.java:178) [ofbiz-entity-test.jar:?]
	at org.ofbiz.entity.datasource.GenericDAO.checkDb(GenericDAO.java:1235) [ofbiz-entity-test.jar:?]
	at org.ofbiz.entity.datasource.GenericHelperDAO.checkDataSource(GenericHelperDAO.java:200) [ofbiz-entity-test.jar:?]
	at org.ofbiz.entity.GenericDelegator.initializeOneGenericHelper(GenericDelegator.java:286) [ofbiz-entity-test.jar:?]
	at org.ofbiz.entity.GenericDelegator.access$000(GenericDelegator.java:87) [ofbiz-entity-test.jar:?]
	at org.ofbiz.entity.GenericDelegator$1.call(GenericDelegator.java:297) [ofbiz-entity-test.jar:?]
	at org.ofbiz.entity.GenericDelegator$1.call(GenericDelegator.java:295) [ofbiz-entity-test.jar:?]
	at java.util.concurrent.FutureTask.run(FutureTask.java:266) [?:1.8.0_91]
	at java.util.concurrent.ScheduledThreadPoolExecutor$ScheduledFutureTask.access$201(ScheduledThreadPoolExecutor.java:180) [?:1.8.0_91]
	at java.util.concurrent.ScheduledThreadPoolExecutor$ScheduledFutureTask.run(ScheduledThreadPoolExecutor.java:293) [?:1.8.0_91]
	at java.util.concurrent.ThreadPoolExecutor.runWorker(ThreadPoolExecutor.java:1142) [?:1.8.0_91]
	at java.util.concurrent.ThreadPoolExecutor$Worker.run(ThreadPoolExecutor.java:617) [?:1.8.0_91]
	at java.lang.Thread.run(Thread.java:745) [?:1.8.0_91]
2016-10-12 23:21:33,519 |OFBiz-config-2       |DBCPConnectionFactory         |E| null
java.lang.ClassNotFoundException: Cached loader got a known bad class name: org.postgresql.Driver
	at org.ofbiz.base.util.CachedClassLoader.loadClass(CachedClassLoader.java:182) ~[ofbiz-base.jar:?]
	at org.ofbiz.base.util.CachedClassLoader.loadClass(CachedClassLoader.java:162) ~[ofbiz-base.jar:?]
	at java.lang.Class.forName0(Native Method) ~[?:1.8.0_91]
	at java.lang.Class.forName(Class.java:348) ~[?:1.8.0_91]
	at org.ofbiz.entity.connection.DBCPConnectionFactory.getConnection(DBCPConnectionFactory.java:87) [ofbiz-entity-test.jar:?]
	at org.ofbiz.entity.jdbc.ConnectionFactory.getManagedConnection(ConnectionFactory.java:121) [ofbiz-entity-test.jar:?]
	at org.ofbiz.geronimo.GeronimoTransactionFactory.getConnection(GeronimoTransactionFactory.java:83) [ofbiz-geronimo.jar:?]
	at org.ofbiz.entity.transaction.TransactionFactory.getConnection(TransactionFactory.java:82) [ofbiz-entity-test.jar:?]
	at org.ofbiz.entity.jdbc.ConnectionFactory.getConnection(ConnectionFactory.java:97) [ofbiz-entity-test.jar:?]
	at org.ofbiz.entity.jdbc.DatabaseUtil.getConnection(DatabaseUtil.java:135) [ofbiz-entity-test.jar:?]
	at org.ofbiz.entity.jdbc.DatabaseUtil.getConnectionLogged(DatabaseUtil.java:155) [ofbiz-entity-test.jar:?]
	at org.ofbiz.entity.jdbc.DatabaseUtil.getTableNames(DatabaseUtil.java:977) [ofbiz-entity-test.jar:?]
	at org.ofbiz.entity.jdbc.DatabaseUtil.checkDb(DatabaseUtil.java:189) [ofbiz-entity-test.jar:?]
	at org.ofbiz.entity.jdbc.DatabaseUtil.checkDb(DatabaseUtil.java:178) [ofbiz-entity-test.jar:?]
	at org.ofbiz.entity.datasource.GenericDAO.checkDb(GenericDAO.java:1235) [ofbiz-entity-test.jar:?]
	at org.ofbiz.entity.datasource.GenericHelperDAO.checkDataSource(GenericHelperDAO.java:200) [ofbiz-entity-test.jar:?]
	at org.ofbiz.entity.GenericDelegator.initializeOneGenericHelper(GenericDelegator.java:286) [ofbiz-entity-test.jar:?]
	at org.ofbiz.entity.GenericDelegator.access$000(GenericDelegator.java:87) [ofbiz-entity-test.jar:?]
	at org.ofbiz.entity.GenericDelegator$1.call(GenericDelegator.java:297) [ofbiz-entity-test.jar:?]
	at org.ofbiz.entity.GenericDelegator$1.call(GenericDelegator.java:295) [ofbiz-entity-test.jar:?]
	at java.util.concurrent.FutureTask.run(FutureTask.java:266) [?:1.8.0_91]
	at java.util.concurrent.ScheduledThreadPoolExecutor$ScheduledFutureTask.access$201(ScheduledThreadPoolExecutor.java:180) [?:1.8.0_91]
	at java.util.concurrent.ScheduledThreadPoolExecutor$ScheduledFutureTask.run(ScheduledThreadPoolExecutor.java:293) [?:1.8.0_91]
	at java.util.concurrent.ThreadPoolExecutor.runWorker(ThreadPoolExecutor.java:1142) [?:1.8.0_91]
	at java.util.concurrent.ThreadPoolExecutor$Worker.run(ThreadPoolExecutor.java:617) [?:1.8.0_91]
	at java.lang.Thread.run(Thread.java:745) [?:1.8.0_91]
2016-10-12 23:21:33,524 |OFBiz-config-2       |DatabaseUtil                  |E| Unable to establish a connection with the database for helperName [localpostnew]... Error was: org.ofbiz.entity.GenericEntityException: Cached loader got a known bad class name: org.postgresql.Driver (Cached loader got a known bad class name: org.postgresql.Driver)
2016-10-12 23:21:33,524 |OFBiz-config-2       |DatabaseUtil                  |E| Unable to establish a connection with the database, no additional information available.
2016-10-12 23:21:33,524 |OFBiz-config-2       |DatabaseUtil                  |E| Could not get table name information from the database, aborting.
2016-10-12 23:21:33,526 |OFBiz-config-0       |DatabaseUtil                  |E| Unable to establish a connection with the database for helperName [localposttenant]... Error was: org.ofbiz.entity.GenericEntityException: org.postgresql.Driver (org.postgresql.Driver)
2016-10-12 23:21:33,527 |OFBiz-config-0       |DatabaseUtil                  |E| Unable to establish a connection with the database, no additional information available.
2016-10-12 23:21:33,527 |OFBiz-config-0       |DatabaseUtil                  |E| Could not get table name information from the database, aborting.
2016-10-12 23:21:33,528 |OFBiz-config-1       |DBCPConnectionFactory         |E| null
java.lang.ClassNotFoundException: Cached loader got a known bad class name: org.postgresql.Driver
	at org.ofbiz.base.util.CachedClassLoader.loadClass(CachedClassLoader.java:182) ~[ofbiz-base.jar:?]
	at org.ofbiz.base.util.CachedClassLoader.loadClass(CachedClassLoader.java:162) ~[ofbiz-base.jar:?]
	at java.lang.Class.forName0(Native Method) ~[?:1.8.0_91]
	at java.lang.Class.forName(Class.java:348) ~[?:1.8.0_91]
	at org.ofbiz.entity.connection.DBCPConnectionFactory.getConnection(DBCPConnectionFactory.java:87) [ofbiz-entity-test.jar:?]
	at org.ofbiz.entity.jdbc.ConnectionFactory.getManagedConnection(ConnectionFactory.java:121) [ofbiz-entity-test.jar:?]
	at org.ofbiz.geronimo.GeronimoTransactionFactory.getConnection(GeronimoTransactionFactory.java:83) [ofbiz-geronimo.jar:?]
	at org.ofbiz.entity.transaction.TransactionFactory.getConnection(TransactionFactory.java:82) [ofbiz-entity-test.jar:?]
	at org.ofbiz.entity.jdbc.ConnectionFactory.getConnection(ConnectionFactory.java:97) [ofbiz-entity-test.jar:?]
	at org.ofbiz.entity.jdbc.DatabaseUtil.getConnection(DatabaseUtil.java:135) [ofbiz-entity-test.jar:?]
	at org.ofbiz.entity.jdbc.DatabaseUtil.getConnectionLogged(DatabaseUtil.java:155) [ofbiz-entity-test.jar:?]
	at org.ofbiz.entity.jdbc.DatabaseUtil.getTableNames(DatabaseUtil.java:977) [ofbiz-entity-test.jar:?]
	at org.ofbiz.entity.jdbc.DatabaseUtil.checkDb(DatabaseUtil.java:189) [ofbiz-entity-test.jar:?]
	at org.ofbiz.entity.jdbc.DatabaseUtil.checkDb(DatabaseUtil.java:178) [ofbiz-entity-test.jar:?]
	at org.ofbiz.entity.datasource.GenericDAO.checkDb(GenericDAO.java:1235) [ofbiz-entity-test.jar:?]
	at org.ofbiz.entity.datasource.GenericHelperDAO.checkDataSource(GenericHelperDAO.java:200) [ofbiz-entity-test.jar:?]
	at org.ofbiz.entity.GenericDelegator.initializeOneGenericHelper(GenericDelegator.java:286) [ofbiz-entity-test.jar:?]
	at org.ofbiz.entity.GenericDelegator.access$000(GenericDelegator.java:87) [ofbiz-entity-test.jar:?]
	at org.ofbiz.entity.GenericDelegator$1.call(GenericDelegator.java:297) [ofbiz-entity-test.jar:?]
	at org.ofbiz.entity.GenericDelegator$1.call(GenericDelegator.java:295) [ofbiz-entity-test.jar:?]
	at java.util.concurrent.FutureTask.run(FutureTask.java:266) [?:1.8.0_91]
	at java.util.concurrent.ScheduledThreadPoolExecutor$ScheduledFutureTask.access$201(ScheduledThreadPoolExecutor.java:180) [?:1.8.0_91]
	at java.util.concurrent.ScheduledThreadPoolExecutor$ScheduledFutureTask.run(ScheduledThreadPoolExecutor.java:293) [?:1.8.0_91]
	at java.util.concurrent.ThreadPoolExecutor.runWorker(ThreadPoolExecutor.java:1142) [?:1.8.0_91]
	at java.util.concurrent.ThreadPoolExecutor$Worker.run(ThreadPoolExecutor.java:617) [?:1.8.0_91]
	at java.lang.Thread.run(Thread.java:745) [?:1.8.0_91]
2016-10-12 23:21:33,529 |OFBiz-config-1       |DatabaseUtil                  |E| Unable to establish a connection with the database for helperName [localpostolap]... Error was: org.ofbiz.entity.GenericEntityException: Cached loader got a known bad class name: org.postgresql.Driver (Cached loader got a known bad class name: org.postgresql.Driver)
2016-10-12 23:21:33,529 |OFBiz-config-1       |DatabaseUtil                  |E| Unable to establish a connection with the database, no additional information available.
2016-10-12 23:21:33,529 |OFBiz-config-1       |DatabaseUtil                  |E| Could not get table name information from the database, aborting.
2016-10-12 23:21:35,654 |main                 |DBCPConnectionFactory         |E| null
java.lang.ClassNotFoundException: Cached loader got a known bad class name: org.postgresql.Driver
	at org.ofbiz.base.util.CachedClassLoader.loadClass(CachedClassLoader.java:182) ~[ofbiz-base.jar:?]
	at org.ofbiz.base.util.CachedClassLoader.loadClass(CachedClassLoader.java:162) ~[ofbiz-base.jar:?]
	at java.lang.Class.forName0(Native Method) ~[?:1.8.0_91]
	at java.lang.Class.forName(Class.java:348) ~[?:1.8.0_91]
	at org.ofbiz.entity.connection.DBCPConnectionFactory.getConnection(DBCPConnectionFactory.java:87) [ofbiz-entity-test.jar:?]
	at org.ofbiz.entity.jdbc.ConnectionFactory.getManagedConnection(ConnectionFactory.java:121) [ofbiz-entity-test.jar:?]
	at org.ofbiz.geronimo.GeronimoTransactionFactory.getConnection(GeronimoTransactionFactory.java:83) [ofbiz-geronimo.jar:?]
	at org.ofbiz.entity.transaction.TransactionFactory.getConnection(TransactionFactory.java:82) [ofbiz-entity-test.jar:?]
	at org.ofbiz.entity.jdbc.ConnectionFactory.getConnection(ConnectionFactory.java:97) [ofbiz-entity-test.jar:?]
	at org.ofbiz.entity.jdbc.SQLProcessor.getConnection(SQLProcessor.java:250) [ofbiz-entity-test.jar:?]
	at org.ofbiz.entity.jdbc.SQLProcessor.prepareStatement(SQLProcessor.java:356) [ofbiz-entity-test.jar:?]
	at org.ofbiz.entity.jdbc.SQLProcessor.prepareStatement(SQLProcessor.java:327) [ofbiz-entity-test.jar:?]
	at org.ofbiz.entity.datasource.GenericDAO.deleteByCondition(GenericDAO.java:1223) [ofbiz-entity-test.jar:?]
	at org.ofbiz.entity.datasource.GenericDAO.deleteByCondition(GenericDAO.java:1199) [ofbiz-entity-test.jar:?]
	at org.ofbiz.entity.datasource.GenericHelperDAO.removeByCondition(GenericHelperDAO.java:166) [ofbiz-entity-test.jar:?]
	at org.ofbiz.entity.GenericDelegator.removeByCondition(GenericDelegator.java:1140) [ofbiz-entity-test.jar:?]
	at org.ofbiz.entity.GenericDelegator.removeByAnd(GenericDelegator.java:1110) [ofbiz-entity-test.jar:?]
	at org.ofbiz.entity.GenericDelegator.removeByAnd(GenericDelegator.java:1091) [ofbiz-entity-test.jar:?]
	at org.ofbiz.entity.GenericDelegator.removeByAnd(GenericDelegator.java:1084) [ofbiz-entity-test.jar:?]
	at org.ofbiz.service.ServiceDispatcher.<init>(ServiceDispatcher.java:111) [ofbiz-service.jar:?]
	at org.ofbiz.service.ServiceDispatcher.<init>(ServiceDispatcher.java:142) [ofbiz-service.jar:?]
	at org.ofbiz.service.ServiceDispatcher.getInstance(ServiceDispatcher.java:176) [ofbiz-service.jar:?]
	at org.ofbiz.service.ServiceDispatcher.getLocalDispatcher(ServiceDispatcher.java:153) [ofbiz-service.jar:?]
	at org.ofbiz.service.GenericDispatcherFactory.createLocalDispatcher(GenericDispatcherFactory.java:40) [ofbiz-service.jar:?]
	at org.ofbiz.service.ServiceContainer.getLocalDispatcher(ServiceContainer.java:90) [ofbiz-service.jar:?]
	at org.ofbiz.entityext.EntityServiceFactory.getLocalDispatcher(EntityServiceFactory.java:34) [ofbiz-entityext.jar:?]
	at org.ofbiz.entityext.EntityServiceFactory.getDispatchContext(EntityServiceFactory.java:39) [ofbiz-entityext.jar:?]
	at org.ofbiz.entityext.eca.DelegatorEcaHandler.setDelegator(DelegatorEcaHandler.java:53) [ofbiz-entityext.jar:?]
	at org.ofbiz.entity.GenericDelegator.initEntityEcaHandler(GenericDelegator.java:333) [ofbiz-entity-test.jar:?]
	at org.ofbiz.entity.DelegatorFactory.getDelegator(DelegatorFactory.java:42) [ofbiz-entity-test.jar:?]
	at org.ofbiz.catalina.container.CatalinaContainer.init(CatalinaContainer.java:190) [ofbiz-catalina.jar:?]
	at org.ofbiz.base.container.ContainerLoader.loadContainer(ContainerLoader.java:185) [ofbiz-base.jar:?]
	at org.ofbiz.base.container.ContainerLoader.load(ContainerLoader.java:121) [ofbiz-base.jar:?]
	at org.ofbiz.base.start.Start.initStartLoaders(Start.java:273) [ofbiz.jar:?]
	at org.ofbiz.base.start.Start.init(Start.java:241) [ofbiz.jar:?]
	at org.ofbiz.base.start.Start.main(Start.java:127) [ofbiz.jar:?]
2016-10-12 23:21:35,657 |main                 |GenericDelegator              |E| Failure in removeByCondition operation for entity [ServiceSemaphore]: org.ofbiz.entity.GenericEntityException: Cached loader got a known bad class name: org.postgresql.Driver (Cached loader got a known bad class name: org.postgresql.Driver). Rolling back transaction.
org.ofbiz.entity.GenericEntityException: Cached loader got a known bad class name: org.postgresql.Driver (Cached loader got a known bad class name: org.postgresql.Driver)
	at org.ofbiz.entity.connection.DBCPConnectionFactory.getConnection(DBCPConnectionFactory.java:90) ~[ofbiz-entity-test.jar:?]
	at org.ofbiz.entity.jdbc.ConnectionFactory.getManagedConnection(ConnectionFactory.java:121) ~[ofbiz-entity-test.jar:?]
	at org.ofbiz.geronimo.GeronimoTransactionFactory.getConnection(GeronimoTransactionFactory.java:83) ~[ofbiz-geronimo.jar:?]
	at org.ofbiz.entity.transaction.TransactionFactory.getConnection(TransactionFactory.java:82) ~[ofbiz-entity-test.jar:?]
	at org.ofbiz.entity.jdbc.ConnectionFactory.getConnection(ConnectionFactory.java:97) ~[ofbiz-entity-test.jar:?]
	at org.ofbiz.entity.jdbc.SQLProcessor.getConnection(SQLProcessor.java:250) ~[ofbiz-entity-test.jar:?]
	at org.ofbiz.entity.jdbc.SQLProcessor.prepareStatement(SQLProcessor.java:356) ~[ofbiz-entity-test.jar:?]
	at org.ofbiz.entity.jdbc.SQLProcessor.prepareStatement(SQLProcessor.java:327) ~[ofbiz-entity-test.jar:?]
	at org.ofbiz.entity.datasource.GenericDAO.deleteByCondition(GenericDAO.java:1223) ~[ofbiz-entity-test.jar:?]
	at org.ofbiz.entity.datasource.GenericDAO.deleteByCondition(GenericDAO.java:1199) ~[ofbiz-entity-test.jar:?]
	at org.ofbiz.entity.datasource.GenericHelperDAO.removeByCondition(GenericHelperDAO.java:166) ~[ofbiz-entity-test.jar:?]
	at org.ofbiz.entity.GenericDelegator.removeByCondition(GenericDelegator.java:1140) [ofbiz-entity-test.jar:?]
	at org.ofbiz.entity.GenericDelegator.removeByAnd(GenericDelegator.java:1110) [ofbiz-entity-test.jar:?]
	at org.ofbiz.entity.GenericDelegator.removeByAnd(GenericDelegator.java:1091) [ofbiz-entity-test.jar:?]
	at org.ofbiz.entity.GenericDelegator.removeByAnd(GenericDelegator.java:1084) [ofbiz-entity-test.jar:?]
	at org.ofbiz.service.ServiceDispatcher.<init>(ServiceDispatcher.java:111) [ofbiz-service.jar:?]
	at org.ofbiz.service.ServiceDispatcher.<init>(ServiceDispatcher.java:142) [ofbiz-service.jar:?]
	at org.ofbiz.service.ServiceDispatcher.getInstance(ServiceDispatcher.java:176) [ofbiz-service.jar:?]
	at org.ofbiz.service.ServiceDispatcher.getLocalDispatcher(ServiceDispatcher.java:153) [ofbiz-service.jar:?]
	at org.ofbiz.service.GenericDispatcherFactory.createLocalDispatcher(GenericDispatcherFactory.java:40) [ofbiz-service.jar:?]
	at org.ofbiz.service.ServiceContainer.getLocalDispatcher(ServiceContainer.java:90) [ofbiz-service.jar:?]
	at org.ofbiz.entityext.EntityServiceFactory.getLocalDispatcher(EntityServiceFactory.java:34) [ofbiz-entityext.jar:?]
	at org.ofbiz.entityext.EntityServiceFactory.getDispatchContext(EntityServiceFactory.java:39) [ofbiz-entityext.jar:?]
	at org.ofbiz.entityext.eca.DelegatorEcaHandler.setDelegator(DelegatorEcaHandler.java:53) [ofbiz-entityext.jar:?]
	at org.ofbiz.entity.GenericDelegator.initEntityEcaHandler(GenericDelegator.java:333) [ofbiz-entity-test.jar:?]
	at org.ofbiz.entity.DelegatorFactory.getDelegator(DelegatorFactory.java:42) [ofbiz-entity-test.jar:?]
	at org.ofbiz.catalina.container.CatalinaContainer.init(CatalinaContainer.java:190) [ofbiz-catalina.jar:?]
	at org.ofbiz.base.container.ContainerLoader.loadContainer(ContainerLoader.java:185) [ofbiz-base.jar:?]
	at org.ofbiz.base.container.ContainerLoader.load(ContainerLoader.java:121) [ofbiz-base.jar:?]
	at org.ofbiz.base.start.Start.initStartLoaders(Start.java:273) [ofbiz.jar:?]
	at org.ofbiz.base.start.Start.init(Start.java:241) [ofbiz.jar:?]
	at org.ofbiz.base.start.Start.main(Start.java:127) [ofbiz.jar:?]
Caused by: java.lang.ClassNotFoundException: Cached loader got a known bad class name: org.postgresql.Driver
	at org.ofbiz.base.util.CachedClassLoader.loadClass(CachedClassLoader.java:182) ~[ofbiz-base.jar:?]
	at org.ofbiz.base.util.CachedClassLoader.loadClass(CachedClassLoader.java:162) ~[ofbiz-base.jar:?]
	at java.lang.Class.forName0(Native Method) ~[?:1.8.0_91]
	at java.lang.Class.forName(Class.java:348) ~[?:1.8.0_91]
	at org.ofbiz.entity.connection.DBCPConnectionFactory.getConnection(DBCPConnectionFactory.java:87) ~[ofbiz-entity-test.jar:?]
	... 31 more
2016-10-12 23:21:35,718 |main                 |ServiceDispatcher             |E| null
org.ofbiz.entity.GenericEntityException: org.ofbiz.entity.GenericEntityException: Cached loader got a known bad class name: org.postgresql.Driver (Cached loader got a known bad class name: org.postgresql.Driver) (Cached loader got a known bad class name: org.postgresql.Driver (Cached loader got a known bad class name: org.postgresql.Driver))
	at org.ofbiz.entity.GenericDelegator.removeByCondition(GenericDelegator.java:1156) ~[ofbiz-entity-test.jar:?]
	at org.ofbiz.entity.GenericDelegator.removeByAnd(GenericDelegator.java:1110) ~[ofbiz-entity-test.jar:?]
	at org.ofbiz.entity.GenericDelegator.removeByAnd(GenericDelegator.java:1091) ~[ofbiz-entity-test.jar:?]
	at org.ofbiz.entity.GenericDelegator.removeByAnd(GenericDelegator.java:1084) ~[ofbiz-entity-test.jar:?]
	at org.ofbiz.service.ServiceDispatcher.<init>(ServiceDispatcher.java:111) [ofbiz-service.jar:?]
	at org.ofbiz.service.ServiceDispatcher.<init>(ServiceDispatcher.java:142) [ofbiz-service.jar:?]
	at org.ofbiz.service.ServiceDispatcher.getInstance(ServiceDispatcher.java:176) [ofbiz-service.jar:?]
	at org.ofbiz.service.ServiceDispatcher.getLocalDispatcher(ServiceDispatcher.java:153) [ofbiz-service.jar:?]
	at org.ofbiz.service.GenericDispatcherFactory.createLocalDispatcher(GenericDispatcherFactory.java:40) [ofbiz-service.jar:?]
	at org.ofbiz.service.ServiceContainer.getLocalDispatcher(ServiceContainer.java:90) [ofbiz-service.jar:?]
	at org.ofbiz.entityext.EntityServiceFactory.getLocalDispatcher(EntityServiceFactory.java:34) [ofbiz-entityext.jar:?]
	at org.ofbiz.entityext.EntityServiceFactory.getDispatchContext(EntityServiceFactory.java:39) [ofbiz-entityext.jar:?]
	at org.ofbiz.entityext.eca.DelegatorEcaHandler.setDelegator(DelegatorEcaHandler.java:53) [ofbiz-entityext.jar:?]
	at org.ofbiz.entity.GenericDelegator.initEntityEcaHandler(GenericDelegator.java:333) [ofbiz-entity-test.jar:?]
	at org.ofbiz.entity.DelegatorFactory.getDelegator(DelegatorFactory.java:42) [ofbiz-entity-test.jar:?]
	at org.ofbiz.catalina.container.CatalinaContainer.init(CatalinaContainer.java:190) [ofbiz-catalina.jar:?]
	at org.ofbiz.base.container.ContainerLoader.loadContainer(ContainerLoader.java:185) [ofbiz-base.jar:?]
	at org.ofbiz.base.container.ContainerLoader.load(ContainerLoader.java:121) [ofbiz-base.jar:?]
	at org.ofbiz.base.start.Start.initStartLoaders(Start.java:273) [ofbiz.jar:?]
	at org.ofbiz.base.start.Start.init(Start.java:241) [ofbiz.jar:?]
	at org.ofbiz.base.start.Start.main(Start.java:127) [ofbiz.jar:?]
Caused by: org.ofbiz.entity.GenericEntityException: Cached loader got a known bad class name: org.postgresql.Driver (Cached loader got a known bad class name: org.postgresql.Driver)
	at org.ofbiz.entity.connection.DBCPConnectionFactory.getConnection(DBCPConnectionFactory.java:90) ~[ofbiz-entity-test.jar:?]
	at org.ofbiz.entity.jdbc.ConnectionFactory.getManagedConnection(ConnectionFactory.java:121) ~[ofbiz-entity-test.jar:?]
	at org.ofbiz.geronimo.GeronimoTransactionFactory.getConnection(GeronimoTransactionFactory.java:83) ~[ofbiz-geronimo.jar:?]
	at org.ofbiz.entity.transaction.TransactionFactory.getConnection(TransactionFactory.java:82) ~[ofbiz-entity-test.jar:?]
	at org.ofbiz.entity.jdbc.ConnectionFactory.getConnection(ConnectionFactory.java:97) ~[ofbiz-entity-test.jar:?]
	at org.ofbiz.entity.jdbc.SQLProcessor.getConnection(SQLProcessor.java:250) ~[ofbiz-entity-test.jar:?]
	at org.ofbiz.entity.jdbc.SQLProcessor.prepareStatement(SQLProcessor.java:356) ~[ofbiz-entity-test.jar:?]
	at org.ofbiz.entity.jdbc.SQLProcessor.prepareStatement(SQLProcessor.java:327) ~[ofbiz-entity-test.jar:?]
	at org.ofbiz.entity.datasource.GenericDAO.deleteByCondition(GenericDAO.java:1223) ~[ofbiz-entity-test.jar:?]
	at org.ofbiz.entity.datasource.GenericDAO.deleteByCondition(GenericDAO.java:1199) ~[ofbiz-entity-test.jar:?]
	at org.ofbiz.entity.datasource.GenericHelperDAO.removeByCondition(GenericHelperDAO.java:166) ~[ofbiz-entity-test.jar:?]
	at org.ofbiz.entity.GenericDelegator.removeByCondition(GenericDelegator.java:1140) ~[ofbiz-entity-test.jar:?]
	... 20 more
Caused by: java.lang.ClassNotFoundException: Cached loader got a known bad class name: org.postgresql.Driver
	at org.ofbiz.base.util.CachedClassLoader.loadClass(CachedClassLoader.java:182) ~[ofbiz-base.jar:?]
	at org.ofbiz.base.util.CachedClassLoader.loadClass(CachedClassLoader.java:162) ~[ofbiz-base.jar:?]
	at java.lang.Class.forName0(Native Method) ~[?:1.8.0_91]
	at java.lang.Class.forName(Class.java:348) ~[?:1.8.0_91]
	at org.ofbiz.entity.connection.DBCPConnectionFactory.getConnection(DBCPConnectionFactory.java:87) ~[ofbiz-entity-test.jar:?]
	at org.ofbiz.entity.jdbc.ConnectionFactory.getManagedConnection(ConnectionFactory.java:121) ~[ofbiz-entity-test.jar:?]
	at org.ofbiz.geronimo.GeronimoTransactionFactory.getConnection(GeronimoTransactionFactory.java:83) ~[ofbiz-geronimo.jar:?]
	at org.ofbiz.entity.transaction.TransactionFactory.getConnection(TransactionFactory.java:82) ~[ofbiz-entity-test.jar:?]
	at org.ofbiz.entity.jdbc.ConnectionFactory.getConnection(ConnectionFactory.java:97) ~[ofbiz-entity-test.jar:?]
	at org.ofbiz.entity.jdbc.SQLProcessor.getConnection(SQLProcessor.java:250) ~[ofbiz-entity-test.jar:?]
	at org.ofbiz.entity.jdbc.SQLProcessor.prepareStatement(SQLProcessor.java:356) ~[ofbiz-entity-test.jar:?]
	at org.ofbiz.entity.jdbc.SQLProcessor.prepareStatement(SQLProcessor.java:327) ~[ofbiz-entity-test.jar:?]
	at org.ofbiz.entity.datasource.GenericDAO.deleteByCondition(GenericDAO.java:1223) ~[ofbiz-entity-test.jar:?]
	at org.ofbiz.entity.datasource.GenericDAO.deleteByCondition(GenericDAO.java:1199) ~[ofbiz-entity-test.jar:?]
	at org.ofbiz.entity.datasource.GenericHelperDAO.removeByCondition(GenericHelperDAO.java:166) ~[ofbiz-entity-test.jar:?]
	at org.ofbiz.entity.GenericDelegator.removeByCondition(GenericDelegator.java:1140) ~[ofbiz-entity-test.jar:?]
	... 20 more
2016-10-12 23:21:58,283 |OFBiz-JobPoller      |DBCPConnectionFactory         |E| null
java.lang.ClassNotFoundException: Cached loader got a known bad class name: org.postgresql.Driver
	at org.ofbiz.base.util.CachedClassLoader.loadClass(CachedClassLoader.java:182) ~[ofbiz-base.jar:?]
	at org.ofbiz.base.util.CachedClassLoader.loadClass(CachedClassLoader.java:162) ~[ofbiz-base.jar:?]
	at java.lang.Class.forName0(Native Method) ~[?:1.8.0_91]
	at java.lang.Class.forName(Class.java:348) ~[?:1.8.0_91]
	at org.ofbiz.entity.connection.DBCPConnectionFactory.getConnection(DBCPConnectionFactory.java:87) [ofbiz-entity-test.jar:?]
	at org.ofbiz.entity.jdbc.ConnectionFactory.getManagedConnection(ConnectionFactory.java:121) [ofbiz-entity-test.jar:?]
	at org.ofbiz.geronimo.GeronimoTransactionFactory.getConnection(GeronimoTransactionFactory.java:83) [ofbiz-geronimo.jar:?]
	at org.ofbiz.entity.transaction.TransactionFactory.getConnection(TransactionFactory.java:82) [ofbiz-entity-test.jar:?]
	at org.ofbiz.entity.jdbc.ConnectionFactory.getConnection(ConnectionFactory.java:97) [ofbiz-entity-test.jar:?]
	at org.ofbiz.entity.jdbc.SQLProcessor.getConnection(SQLProcessor.java:250) [ofbiz-entity-test.jar:?]
	at org.ofbiz.entity.jdbc.SQLProcessor.prepareStatement(SQLProcessor.java:356) [ofbiz-entity-test.jar:?]
	at org.ofbiz.entity.datasource.GenericDAO.selectListIteratorByCondition(GenericDAO.java:774) [ofbiz-entity-test.jar:?]
	at org.ofbiz.entity.datasource.GenericHelperDAO.findListIteratorByCondition(GenericHelperDAO.java:145) [ofbiz-entity-test.jar:?]
	at org.ofbiz.entity.GenericDelegator.find(GenericDelegator.java:1688) [ofbiz-entity-test.jar:?]
	at org.ofbiz.entity.GenericDelegator.findList(GenericDelegator.java:1723) [ofbiz-entity-test.jar:?]
	at org.ofbiz.service.job.JobManager.reloadCrashedJobs(JobManager.java:294) [ofbiz-service.jar:?]
	at org.ofbiz.service.job.JobPoller$JobManagerPoller.run(JobPoller.java:223) [ofbiz-service.jar:?]
	at java.lang.Thread.run(Thread.java:745) [?:1.8.0_91]
2016-10-12 23:21:58,284 |OFBiz-JobPoller      |GenericDelegator              |E| Failure in findByCondition operation for entity [JobSandbox]: org.ofbiz.entity.GenericEntityException: Cached loader got a known bad class name: org.postgresql.Driver (Cached loader got a known bad class name: org.postgresql.Driver). Rolling back transaction.
org.ofbiz.entity.GenericEntityException: Cached loader got a known bad class name: org.postgresql.Driver (Cached loader got a known bad class name: org.postgresql.Driver)
	at org.ofbiz.entity.connection.DBCPConnectionFactory.getConnection(DBCPConnectionFactory.java:90) ~[ofbiz-entity-test.jar:?]
	at org.ofbiz.entity.jdbc.ConnectionFactory.getManagedConnection(ConnectionFactory.java:121) ~[ofbiz-entity-test.jar:?]
	at org.ofbiz.geronimo.GeronimoTransactionFactory.getConnection(GeronimoTransactionFactory.java:83) ~[ofbiz-geronimo.jar:?]
	at org.ofbiz.entity.transaction.TransactionFactory.getConnection(TransactionFactory.java:82) ~[ofbiz-entity-test.jar:?]
	at org.ofbiz.entity.jdbc.ConnectionFactory.getConnection(ConnectionFactory.java:97) ~[ofbiz-entity-test.jar:?]
	at org.ofbiz.entity.jdbc.SQLProcessor.getConnection(SQLProcessor.java:250) ~[ofbiz-entity-test.jar:?]
	at org.ofbiz.entity.jdbc.SQLProcessor.prepareStatement(SQLProcessor.java:356) ~[ofbiz-entity-test.jar:?]
	at org.ofbiz.entity.datasource.GenericDAO.selectListIteratorByCondition(GenericDAO.java:774) ~[ofbiz-entity-test.jar:?]
	at org.ofbiz.entity.datasource.GenericHelperDAO.findListIteratorByCondition(GenericHelperDAO.java:145) ~[ofbiz-entity-test.jar:?]
	at org.ofbiz.entity.GenericDelegator.find(GenericDelegator.java:1688) ~[ofbiz-entity-test.jar:?]
	at org.ofbiz.entity.GenericDelegator.findList(GenericDelegator.java:1723) [ofbiz-entity-test.jar:?]
	at org.ofbiz.service.job.JobManager.reloadCrashedJobs(JobManager.java:294) [ofbiz-service.jar:?]
	at org.ofbiz.service.job.JobPoller$JobManagerPoller.run(JobPoller.java:223) [ofbiz-service.jar:?]
	at java.lang.Thread.run(Thread.java:745) [?:1.8.0_91]
Caused by: java.lang.ClassNotFoundException: Cached loader got a known bad class name: org.postgresql.Driver
	at org.ofbiz.base.util.CachedClassLoader.loadClass(CachedClassLoader.java:182) ~[ofbiz-base.jar:?]
	at org.ofbiz.base.util.CachedClassLoader.loadClass(CachedClassLoader.java:162) ~[ofbiz-base.jar:?]
	at java.lang.Class.forName0(Native Method) ~[?:1.8.0_91]
	at java.lang.Class.forName(Class.java:348) ~[?:1.8.0_91]
	at org.ofbiz.entity.connection.DBCPConnectionFactory.getConnection(DBCPConnectionFactory.java:87) ~[ofbiz-entity-test.jar:?]
	... 13 more
2016-10-12 23:21:58,289 |OFBiz-JobPoller      |DBCPConnectionFactory         |E| null
java.lang.ClassNotFoundException: Cached loader got a known bad class name: org.postgresql.Driver
	at org.ofbiz.base.util.CachedClassLoader.loadClass(CachedClassLoader.java:182) ~[ofbiz-base.jar:?]
	at org.ofbiz.base.util.CachedClassLoader.loadClass(CachedClassLoader.java:162) ~[ofbiz-base.jar:?]
	at java.lang.Class.forName0(Native Method) ~[?:1.8.0_91]
	at java.lang.Class.forName(Class.java:348) ~[?:1.8.0_91]
	at org.ofbiz.entity.connection.DBCPConnectionFactory.getConnection(DBCPConnectionFactory.java:87) [ofbiz-entity-test.jar:?]
	at org.ofbiz.entity.jdbc.ConnectionFactory.getManagedConnection(ConnectionFactory.java:121) [ofbiz-entity-test.jar:?]
	at org.ofbiz.geronimo.GeronimoTransactionFactory.getConnection(GeronimoTransactionFactory.java:83) [ofbiz-geronimo.jar:?]
	at org.ofbiz.entity.transaction.TransactionFactory.getConnection(TransactionFactory.java:82) [ofbiz-entity-test.jar:?]
	at org.ofbiz.entity.jdbc.ConnectionFactory.getConnection(ConnectionFactory.java:97) [ofbiz-entity-test.jar:?]
	at org.ofbiz.entity.jdbc.SQLProcessor.getConnection(SQLProcessor.java:250) [ofbiz-entity-test.jar:?]
	at org.ofbiz.entity.jdbc.SQLProcessor.prepareStatement(SQLProcessor.java:356) [ofbiz-entity-test.jar:?]
	at org.ofbiz.entity.datasource.GenericDAO.selectListIteratorByCondition(GenericDAO.java:774) [ofbiz-entity-test.jar:?]
	at org.ofbiz.entity.datasource.GenericHelperDAO.findListIteratorByCondition(GenericHelperDAO.java:145) [ofbiz-entity-test.jar:?]
	at org.ofbiz.entity.GenericDelegator.find(GenericDelegator.java:1688) [ofbiz-entity-test.jar:?]
	at org.ofbiz.service.job.JobManager.poll(JobManager.java:194) [ofbiz-service.jar:?]
	at org.ofbiz.service.job.JobPoller$JobManagerPoller.run(JobPoller.java:224) [ofbiz-service.jar:?]
	at java.lang.Thread.run(Thread.java:745) [?:1.8.0_91]
2016-10-12 23:22:28,295 |OFBiz-JobPoller      |DBCPConnectionFactory         |E| null
java.lang.ClassNotFoundException: Cached loader got a known bad class name: org.postgresql.Driver
	at org.ofbiz.base.util.CachedClassLoader.loadClass(CachedClassLoader.java:182) ~[ofbiz-base.jar:?]
	at org.ofbiz.base.util.CachedClassLoader.loadClass(CachedClassLoader.java:162) ~[ofbiz-base.jar:?]
	at java.lang.Class.forName0(Native Method) ~[?:1.8.0_91]
	at java.lang.Class.forName(Class.java:348) ~[?:1.8.0_91]
	at org.ofbiz.entity.connection.DBCPConnectionFactory.getConnection(DBCPConnectionFactory.java:87) [ofbiz-entity-test.jar:?]
	at org.ofbiz.entity.jdbc.ConnectionFactory.getManagedConnection(ConnectionFactory.java:121) [ofbiz-entity-test.jar:?]
	at org.ofbiz.geronimo.GeronimoTransactionFactory.getConnection(GeronimoTransactionFactory.java:83) [ofbiz-geronimo.jar:?]
	at org.ofbiz.entity.transaction.TransactionFactory.getConnection(TransactionFactory.java:82) [ofbiz-entity-test.jar:?]
	at org.ofbiz.entity.jdbc.ConnectionFactory.getConnection(ConnectionFactory.java:97) [ofbiz-entity-test.jar:?]
	at org.ofbiz.entity.jdbc.SQLProcessor.getConnection(SQLProcessor.java:250) [ofbiz-entity-test.jar:?]
	at org.ofbiz.entity.jdbc.SQLProcessor.prepareStatement(SQLProcessor.java:356) [ofbiz-entity-test.jar:?]
	at org.ofbiz.entity.datasource.GenericDAO.selectListIteratorByCondition(GenericDAO.java:774) [ofbiz-entity-test.jar:?]
	at org.ofbiz.entity.datasource.GenericHelperDAO.findListIteratorByCondition(GenericHelperDAO.java:145) [ofbiz-entity-test.jar:?]
	at org.ofbiz.entity.GenericDelegator.find(GenericDelegator.java:1688) [ofbiz-entity-test.jar:?]
	at org.ofbiz.service.job.JobManager.poll(JobManager.java:194) [ofbiz-service.jar:?]
	at org.ofbiz.service.job.JobPoller$JobManagerPoller.run(JobPoller.java:224) [ofbiz-service.jar:?]
	at java.lang.Thread.run(Thread.java:745) [?:1.8.0_91]
2016-10-12 23:22:58,299 |OFBiz-JobPoller      |DBCPConnectionFactory         |E| null
java.lang.ClassNotFoundException: Cached loader got a known bad class name: org.postgresql.Driver
	at org.ofbiz.base.util.CachedClassLoader.loadClass(CachedClassLoader.java:182) ~[ofbiz-base.jar:?]
	at org.ofbiz.base.util.CachedClassLoader.loadClass(CachedClassLoader.java:162) ~[ofbiz-base.jar:?]
	at java.lang.Class.forName0(Native Method) ~[?:1.8.0_91]
	at java.lang.Class.forName(Class.java:348) ~[?:1.8.0_91]
	at org.ofbiz.entity.connection.DBCPConnectionFactory.getConnection(DBCPConnectionFactory.java:87) [ofbiz-entity-test.jar:?]
	at org.ofbiz.entity.jdbc.ConnectionFactory.getManagedConnection(ConnectionFactory.java:121) [ofbiz-entity-test.jar:?]
	at org.ofbiz.geronimo.GeronimoTransactionFactory.getConnection(GeronimoTransactionFactory.java:83) [ofbiz-geronimo.jar:?]
	at org.ofbiz.entity.transaction.TransactionFactory.getConnection(TransactionFactory.java:82) [ofbiz-entity-test.jar:?]
	at org.ofbiz.entity.jdbc.ConnectionFactory.getConnection(ConnectionFactory.java:97) [ofbiz-entity-test.jar:?]
	at org.ofbiz.entity.jdbc.SQLProcessor.getConnection(SQLProcessor.java:250) [ofbiz-entity-test.jar:?]
	at org.ofbiz.entity.jdbc.SQLProcessor.prepareStatement(SQLProcessor.java:356) [ofbiz-entity-test.jar:?]
	at org.ofbiz.entity.datasource.GenericDAO.selectListIteratorByCondition(GenericDAO.java:774) [ofbiz-entity-test.jar:?]
	at org.ofbiz.entity.datasource.GenericHelperDAO.findListIteratorByCondition(GenericHelperDAO.java:145) [ofbiz-entity-test.jar:?]
	at org.ofbiz.entity.GenericDelegator.find(GenericDelegator.java:1688) [ofbiz-entity-test.jar:?]
	at org.ofbiz.service.job.JobManager.poll(JobManager.java:194) [ofbiz-service.jar:?]
	at org.ofbiz.service.job.JobPoller$JobManagerPoller.run(JobPoller.java:224) [ofbiz-service.jar:?]
	at java.lang.Thread.run(Thread.java:745) [?:1.8.0_91]
2016-10-12 23:23:28,350 |OFBiz-JobPoller      |DBCPConnectionFactory         |E| null
java.lang.ClassNotFoundException: Cached loader got a known bad class name: org.postgresql.Driver
	at org.ofbiz.base.util.CachedClassLoader.loadClass(CachedClassLoader.java:182) ~[ofbiz-base.jar:?]
	at org.ofbiz.base.util.CachedClassLoader.loadClass(CachedClassLoader.java:162) ~[ofbiz-base.jar:?]
	at java.lang.Class.forName0(Native Method) ~[?:1.8.0_91]
	at java.lang.Class.forName(Class.java:348) ~[?:1.8.0_91]
	at org.ofbiz.entity.connection.DBCPConnectionFactory.getConnection(DBCPConnectionFactory.java:87) [ofbiz-entity-test.jar:?]
	at org.ofbiz.entity.jdbc.ConnectionFactory.getManagedConnection(ConnectionFactory.java:121) [ofbiz-entity-test.jar:?]
	at org.ofbiz.geronimo.GeronimoTransactionFactory.getConnection(GeronimoTransactionFactory.java:83) [ofbiz-geronimo.jar:?]
	at org.ofbiz.entity.transaction.TransactionFactory.getConnection(TransactionFactory.java:82) [ofbiz-entity-test.jar:?]
	at org.ofbiz.entity.jdbc.ConnectionFactory.getConnection(ConnectionFactory.java:97) [ofbiz-entity-test.jar:?]
	at org.ofbiz.entity.jdbc.SQLProcessor.getConnection(SQLProcessor.java:250) [ofbiz-entity-test.jar:?]
	at org.ofbiz.entity.jdbc.SQLProcessor.prepareStatement(SQLProcessor.java:356) [ofbiz-entity-test.jar:?]
	at org.ofbiz.entity.datasource.GenericDAO.selectListIteratorByCondition(GenericDAO.java:774) [ofbiz-entity-test.jar:?]
	at org.ofbiz.entity.datasource.GenericHelperDAO.findListIteratorByCondition(GenericHelperDAO.java:145) [ofbiz-entity-test.jar:?]
	at org.ofbiz.entity.GenericDelegator.find(GenericDelegator.java:1688) [ofbiz-entity-test.jar:?]
	at org.ofbiz.service.job.JobManager.poll(JobManager.java:194) [ofbiz-service.jar:?]
	at org.ofbiz.service.job.JobPoller$JobManagerPoller.run(JobPoller.java:224) [ofbiz-service.jar:?]
	at java.lang.Thread.run(Thread.java:745) [?:1.8.0_91]
2016-10-12 23:23:58,360 |OFBiz-JobPoller      |DBCPConnectionFactory         |E| null
java.lang.ClassNotFoundException: Cached loader got a known bad class name: org.postgresql.Driver
	at org.ofbiz.base.util.CachedClassLoader.loadClass(CachedClassLoader.java:182) ~[ofbiz-base.jar:?]
	at org.ofbiz.base.util.CachedClassLoader.loadClass(CachedClassLoader.java:162) ~[ofbiz-base.jar:?]
	at java.lang.Class.forName0(Native Method) ~[?:1.8.0_91]
	at java.lang.Class.forName(Class.java:348) ~[?:1.8.0_91]
	at org.ofbiz.entity.connection.DBCPConnectionFactory.getConnection(DBCPConnectionFactory.java:87) [ofbiz-entity-test.jar:?]
	at org.ofbiz.entity.jdbc.ConnectionFactory.getManagedConnection(ConnectionFactory.java:121) [ofbiz-entity-test.jar:?]
	at org.ofbiz.geronimo.GeronimoTransactionFactory.getConnection(GeronimoTransactionFactory.java:83) [ofbiz-geronimo.jar:?]
	at org.ofbiz.entity.transaction.TransactionFactory.getConnection(TransactionFactory.java:82) [ofbiz-entity-test.jar:?]
	at org.ofbiz.entity.jdbc.ConnectionFactory.getConnection(ConnectionFactory.java:97) [ofbiz-entity-test.jar:?]
	at org.ofbiz.entity.jdbc.SQLProcessor.getConnection(SQLProcessor.java:250) [ofbiz-entity-test.jar:?]
	at org.ofbiz.entity.jdbc.SQLProcessor.prepareStatement(SQLProcessor.java:356) [ofbiz-entity-test.jar:?]
	at org.ofbiz.entity.datasource.GenericDAO.selectListIteratorByCondition(GenericDAO.java:774) [ofbiz-entity-test.jar:?]
	at org.ofbiz.entity.datasource.GenericHelperDAO.findListIteratorByCondition(GenericHelperDAO.java:145) [ofbiz-entity-test.jar:?]
	at org.ofbiz.entity.GenericDelegator.find(GenericDelegator.java:1688) [ofbiz-entity-test.jar:?]
	at org.ofbiz.service.job.JobManager.poll(JobManager.java:194) [ofbiz-service.jar:?]
	at org.ofbiz.service.job.JobPoller$JobManagerPoller.run(JobPoller.java:224) [ofbiz-service.jar:?]
	at java.lang.Thread.run(Thread.java:745) [?:1.8.0_91]
2016-10-12 23:24:28,365 |OFBiz-JobPoller      |DBCPConnectionFactory         |E| null
java.lang.ClassNotFoundException: Cached loader got a known bad class name: org.postgresql.Driver
	at org.ofbiz.base.util.CachedClassLoader.loadClass(CachedClassLoader.java:182) ~[ofbiz-base.jar:?]
	at org.ofbiz.base.util.CachedClassLoader.loadClass(CachedClassLoader.java:162) ~[ofbiz-base.jar:?]
	at java.lang.Class.forName0(Native Method) ~[?:1.8.0_91]
	at java.lang.Class.forName(Class.java:348) ~[?:1.8.0_91]
	at org.ofbiz.entity.connection.DBCPConnectionFactory.getConnection(DBCPConnectionFactory.java:87) [ofbiz-entity-test.jar:?]
	at org.ofbiz.entity.jdbc.ConnectionFactory.getManagedConnection(ConnectionFactory.java:121) [ofbiz-entity-test.jar:?]
	at org.ofbiz.geronimo.GeronimoTransactionFactory.getConnection(GeronimoTransactionFactory.java:83) [ofbiz-geronimo.jar:?]
	at org.ofbiz.entity.transaction.TransactionFactory.getConnection(TransactionFactory.java:82) [ofbiz-entity-test.jar:?]
	at org.ofbiz.entity.jdbc.ConnectionFactory.getConnection(ConnectionFactory.java:97) [ofbiz-entity-test.jar:?]
	at org.ofbiz.entity.jdbc.SQLProcessor.getConnection(SQLProcessor.java:250) [ofbiz-entity-test.jar:?]
	at org.ofbiz.entity.jdbc.SQLProcessor.prepareStatement(SQLProcessor.java:356) [ofbiz-entity-test.jar:?]
	at org.ofbiz.entity.datasource.GenericDAO.selectListIteratorByCondition(GenericDAO.java:774) [ofbiz-entity-test.jar:?]
	at org.ofbiz.entity.datasource.GenericHelperDAO.findListIteratorByCondition(GenericHelperDAO.java:145) [ofbiz-entity-test.jar:?]
	at org.ofbiz.entity.GenericDelegator.find(GenericDelegator.java:1688) [ofbiz-entity-test.jar:?]
	at org.ofbiz.service.job.JobManager.poll(JobManager.java:194) [ofbiz-service.jar:?]
	at org.ofbiz.service.job.JobPoller$JobManagerPoller.run(JobPoller.java:224) [ofbiz-service.jar:?]
	at java.lang.Thread.run(Thread.java:745) [?:1.8.0_91]
2016-10-12 23:24:58,370 |OFBiz-JobPoller      |DBCPConnectionFactory         |E| null
java.lang.ClassNotFoundException: Cached loader got a known bad class name: org.postgresql.Driver
	at org.ofbiz.base.util.CachedClassLoader.loadClass(CachedClassLoader.java:182) ~[ofbiz-base.jar:?]
	at org.ofbiz.base.util.CachedClassLoader.loadClass(CachedClassLoader.java:162) ~[ofbiz-base.jar:?]
	at java.lang.Class.forName0(Native Method) ~[?:1.8.0_91]
	at java.lang.Class.forName(Class.java:348) ~[?:1.8.0_91]
	at org.ofbiz.entity.connection.DBCPConnectionFactory.getConnection(DBCPConnectionFactory.java:87) [ofbiz-entity-test.jar:?]
	at org.ofbiz.entity.jdbc.ConnectionFactory.getManagedConnection(ConnectionFactory.java:121) [ofbiz-entity-test.jar:?]
	at org.ofbiz.geronimo.GeronimoTransactionFactory.getConnection(GeronimoTransactionFactory.java:83) [ofbiz-geronimo.jar:?]
	at org.ofbiz.entity.transaction.TransactionFactory.getConnection(TransactionFactory.java:82) [ofbiz-entity-test.jar:?]
	at org.ofbiz.entity.jdbc.ConnectionFactory.getConnection(ConnectionFactory.java:97) [ofbiz-entity-test.jar:?]
	at org.ofbiz.entity.jdbc.SQLProcessor.getConnection(SQLProcessor.java:250) [ofbiz-entity-test.jar:?]
	at org.ofbiz.entity.jdbc.SQLProcessor.prepareStatement(SQLProcessor.java:356) [ofbiz-entity-test.jar:?]
	at org.ofbiz.entity.datasource.GenericDAO.selectListIteratorByCondition(GenericDAO.java:774) [ofbiz-entity-test.jar:?]
	at org.ofbiz.entity.datasource.GenericHelperDAO.findListIteratorByCondition(GenericHelperDAO.java:145) [ofbiz-entity-test.jar:?]
	at org.ofbiz.entity.GenericDelegator.find(GenericDelegator.java:1688) [ofbiz-entity-test.jar:?]
	at org.ofbiz.service.job.JobManager.poll(JobManager.java:194) [ofbiz-service.jar:?]
	at org.ofbiz.service.job.JobPoller$JobManagerPoller.run(JobPoller.java:224) [ofbiz-service.jar:?]
	at java.lang.Thread.run(Thread.java:745) [?:1.8.0_91]
2016-10-12 23:25:28,373 |OFBiz-JobPoller      |DBCPConnectionFactory         |E| null
java.lang.ClassNotFoundException: Cached loader got a known bad class name: org.postgresql.Driver
	at org.ofbiz.base.util.CachedClassLoader.loadClass(CachedClassLoader.java:182) ~[ofbiz-base.jar:?]
	at org.ofbiz.base.util.CachedClassLoader.loadClass(CachedClassLoader.java:162) ~[ofbiz-base.jar:?]
	at java.lang.Class.forName0(Native Method) ~[?:1.8.0_91]
	at java.lang.Class.forName(Class.java:348) ~[?:1.8.0_91]
	at org.ofbiz.entity.connection.DBCPConnectionFactory.getConnection(DBCPConnectionFactory.java:87) [ofbiz-entity-test.jar:?]
	at org.ofbiz.entity.jdbc.ConnectionFactory.getManagedConnection(ConnectionFactory.java:121) [ofbiz-entity-test.jar:?]
	at org.ofbiz.geronimo.GeronimoTransactionFactory.getConnection(GeronimoTransactionFactory.java:83) [ofbiz-geronimo.jar:?]
	at org.ofbiz.entity.transaction.TransactionFactory.getConnection(TransactionFactory.java:82) [ofbiz-entity-test.jar:?]
	at org.ofbiz.entity.jdbc.ConnectionFactory.getConnection(ConnectionFactory.java:97) [ofbiz-entity-test.jar:?]
	at org.ofbiz.entity.jdbc.SQLProcessor.getConnection(SQLProcessor.java:250) [ofbiz-entity-test.jar:?]
	at org.ofbiz.entity.jdbc.SQLProcessor.prepareStatement(SQLProcessor.java:356) [ofbiz-entity-test.jar:?]
	at org.ofbiz.entity.datasource.GenericDAO.selectListIteratorByCondition(GenericDAO.java:774) [ofbiz-entity-test.jar:?]
	at org.ofbiz.entity.datasource.GenericHelperDAO.findListIteratorByCondition(GenericHelperDAO.java:145) [ofbiz-entity-test.jar:?]
	at org.ofbiz.entity.GenericDelegator.find(GenericDelegator.java:1688) [ofbiz-entity-test.jar:?]
	at org.ofbiz.service.job.JobManager.poll(JobManager.java:194) [ofbiz-service.jar:?]
	at org.ofbiz.service.job.JobPoller$JobManagerPoller.run(JobPoller.java:224) [ofbiz-service.jar:?]
	at java.lang.Thread.run(Thread.java:745) [?:1.8.0_91]
2016-10-12 23:25:58,379 |OFBiz-JobPoller      |DBCPConnectionFactory         |E| null
java.lang.ClassNotFoundException: Cached loader got a known bad class name: org.postgresql.Driver
	at org.ofbiz.base.util.CachedClassLoader.loadClass(CachedClassLoader.java:182) ~[ofbiz-base.jar:?]
	at org.ofbiz.base.util.CachedClassLoader.loadClass(CachedClassLoader.java:162) ~[ofbiz-base.jar:?]
	at java.lang.Class.forName0(Native Method) ~[?:1.8.0_91]
	at java.lang.Class.forName(Class.java:348) ~[?:1.8.0_91]
	at org.ofbiz.entity.connection.DBCPConnectionFactory.getConnection(DBCPConnectionFactory.java:87) [ofbiz-entity-test.jar:?]
	at org.ofbiz.entity.jdbc.ConnectionFactory.getManagedConnection(ConnectionFactory.java:121) [ofbiz-entity-test.jar:?]
	at org.ofbiz.geronimo.GeronimoTransactionFactory.getConnection(GeronimoTransactionFactory.java:83) [ofbiz-geronimo.jar:?]
	at org.ofbiz.entity.transaction.TransactionFactory.getConnection(TransactionFactory.java:82) [ofbiz-entity-test.jar:?]
	at org.ofbiz.entity.jdbc.ConnectionFactory.getConnection(ConnectionFactory.java:97) [ofbiz-entity-test.jar:?]
	at org.ofbiz.entity.jdbc.SQLProcessor.getConnection(SQLProcessor.java:250) [ofbiz-entity-test.jar:?]
	at org.ofbiz.entity.jdbc.SQLProcessor.prepareStatement(SQLProcessor.java:356) [ofbiz-entity-test.jar:?]
	at org.ofbiz.entity.datasource.GenericDAO.selectListIteratorByCondition(GenericDAO.java:774) [ofbiz-entity-test.jar:?]
	at org.ofbiz.entity.datasource.GenericHelperDAO.findListIteratorByCondition(GenericHelperDAO.java:145) [ofbiz-entity-test.jar:?]
	at org.ofbiz.entity.GenericDelegator.find(GenericDelegator.java:1688) [ofbiz-entity-test.jar:?]
	at org.ofbiz.service.job.JobManager.poll(JobManager.java:194) [ofbiz-service.jar:?]
	at org.ofbiz.service.job.JobPoller$JobManagerPoller.run(JobPoller.java:224) [ofbiz-service.jar:?]
	at java.lang.Thread.run(Thread.java:745) [?:1.8.0_91]
2016-10-12 23:26:17,182 |OFBiz-config-1       |DBCPConnectionFactory         |E| null
java.lang.ClassNotFoundException: org.postgresql.Driver
	at java.net.URLClassLoader.findClass(URLClassLoader.java:381) ~[?:1.8.0_91]
	at java.lang.ClassLoader.loadClass(ClassLoader.java:424) ~[?:1.8.0_91]
	at org.ofbiz.base.util.CachedClassLoader.loadClass(CachedClassLoader.java:188) ~[ofbiz-base.jar:?]
	at org.ofbiz.base.util.CachedClassLoader.loadClass(CachedClassLoader.java:162) ~[ofbiz-base.jar:?]
	at java.lang.Class.forName0(Native Method) ~[?:1.8.0_91]
	at java.lang.Class.forName(Class.java:348) ~[?:1.8.0_91]
	at org.ofbiz.entity.connection.DBCPConnectionFactory.getConnection(DBCPConnectionFactory.java:87) [ofbiz-entity-test.jar:?]
	at org.ofbiz.entity.jdbc.ConnectionFactory.getManagedConnection(ConnectionFactory.java:121) [ofbiz-entity-test.jar:?]
	at org.ofbiz.geronimo.GeronimoTransactionFactory.getConnection(GeronimoTransactionFactory.java:83) [ofbiz-geronimo.jar:?]
	at org.ofbiz.entity.transaction.TransactionFactory.getConnection(TransactionFactory.java:82) [ofbiz-entity-test.jar:?]
	at org.ofbiz.entity.jdbc.ConnectionFactory.getConnection(ConnectionFactory.java:97) [ofbiz-entity-test.jar:?]
	at org.ofbiz.entity.jdbc.DatabaseUtil.getConnection(DatabaseUtil.java:135) [ofbiz-entity-test.jar:?]
	at org.ofbiz.entity.jdbc.DatabaseUtil.getConnectionLogged(DatabaseUtil.java:155) [ofbiz-entity-test.jar:?]
	at org.ofbiz.entity.jdbc.DatabaseUtil.getTableNames(DatabaseUtil.java:977) [ofbiz-entity-test.jar:?]
	at org.ofbiz.entity.jdbc.DatabaseUtil.checkDb(DatabaseUtil.java:189) [ofbiz-entity-test.jar:?]
	at org.ofbiz.entity.jdbc.DatabaseUtil.checkDb(DatabaseUtil.java:178) [ofbiz-entity-test.jar:?]
	at org.ofbiz.entity.datasource.GenericDAO.checkDb(GenericDAO.java:1235) [ofbiz-entity-test.jar:?]
	at org.ofbiz.entity.datasource.GenericHelperDAO.checkDataSource(GenericHelperDAO.java:200) [ofbiz-entity-test.jar:?]
	at org.ofbiz.entity.GenericDelegator.initializeOneGenericHelper(GenericDelegator.java:286) [ofbiz-entity-test.jar:?]
	at org.ofbiz.entity.GenericDelegator.access$000(GenericDelegator.java:87) [ofbiz-entity-test.jar:?]
	at org.ofbiz.entity.GenericDelegator$1.call(GenericDelegator.java:297) [ofbiz-entity-test.jar:?]
	at org.ofbiz.entity.GenericDelegator$1.call(GenericDelegator.java:295) [ofbiz-entity-test.jar:?]
	at java.util.concurrent.FutureTask.run(FutureTask.java:266) [?:1.8.0_91]
	at java.util.concurrent.ScheduledThreadPoolExecutor$ScheduledFutureTask.access$201(ScheduledThreadPoolExecutor.java:180) [?:1.8.0_91]
	at java.util.concurrent.ScheduledThreadPoolExecutor$ScheduledFutureTask.run(ScheduledThreadPoolExecutor.java:293) [?:1.8.0_91]
	at java.util.concurrent.ThreadPoolExecutor.runWorker(ThreadPoolExecutor.java:1142) [?:1.8.0_91]
	at java.util.concurrent.ThreadPoolExecutor$Worker.run(ThreadPoolExecutor.java:617) [?:1.8.0_91]
	at java.lang.Thread.run(Thread.java:745) [?:1.8.0_91]
2016-10-12 23:26:17,189 |OFBiz-config-2       |DBCPConnectionFactory         |E| null
java.lang.ClassNotFoundException: Cached loader got a known bad class name: org.postgresql.Driver
	at org.ofbiz.base.util.CachedClassLoader.loadClass(CachedClassLoader.java:182) ~[ofbiz-base.jar:?]
	at org.ofbiz.base.util.CachedClassLoader.loadClass(CachedClassLoader.java:162) ~[ofbiz-base.jar:?]
	at java.lang.Class.forName0(Native Method) ~[?:1.8.0_91]
	at java.lang.Class.forName(Class.java:348) ~[?:1.8.0_91]
	at org.ofbiz.entity.connection.DBCPConnectionFactory.getConnection(DBCPConnectionFactory.java:87) [ofbiz-entity-test.jar:?]
	at org.ofbiz.entity.jdbc.ConnectionFactory.getManagedConnection(ConnectionFactory.java:121) [ofbiz-entity-test.jar:?]
	at org.ofbiz.geronimo.GeronimoTransactionFactory.getConnection(GeronimoTransactionFactory.java:83) [ofbiz-geronimo.jar:?]
	at org.ofbiz.entity.transaction.TransactionFactory.getConnection(TransactionFactory.java:82) [ofbiz-entity-test.jar:?]
	at org.ofbiz.entity.jdbc.ConnectionFactory.getConnection(ConnectionFactory.java:97) [ofbiz-entity-test.jar:?]
	at org.ofbiz.entity.jdbc.DatabaseUtil.getConnection(DatabaseUtil.java:135) [ofbiz-entity-test.jar:?]
	at org.ofbiz.entity.jdbc.DatabaseUtil.getConnectionLogged(DatabaseUtil.java:155) [ofbiz-entity-test.jar:?]
	at org.ofbiz.entity.jdbc.DatabaseUtil.getTableNames(DatabaseUtil.java:977) [ofbiz-entity-test.jar:?]
	at org.ofbiz.entity.jdbc.DatabaseUtil.checkDb(DatabaseUtil.java:189) [ofbiz-entity-test.jar:?]
	at org.ofbiz.entity.jdbc.DatabaseUtil.checkDb(DatabaseUtil.java:178) [ofbiz-entity-test.jar:?]
	at org.ofbiz.entity.datasource.GenericDAO.checkDb(GenericDAO.java:1235) [ofbiz-entity-test.jar:?]
	at org.ofbiz.entity.datasource.GenericHelperDAO.checkDataSource(GenericHelperDAO.java:200) [ofbiz-entity-test.jar:?]
	at org.ofbiz.entity.GenericDelegator.initializeOneGenericHelper(GenericDelegator.java:286) [ofbiz-entity-test.jar:?]
	at org.ofbiz.entity.GenericDelegator.access$000(GenericDelegator.java:87) [ofbiz-entity-test.jar:?]
	at org.ofbiz.entity.GenericDelegator$1.call(GenericDelegator.java:297) [ofbiz-entity-test.jar:?]
	at org.ofbiz.entity.GenericDelegator$1.call(GenericDelegator.java:295) [ofbiz-entity-test.jar:?]
	at java.util.concurrent.FutureTask.run(FutureTask.java:266) [?:1.8.0_91]
	at java.util.concurrent.ScheduledThreadPoolExecutor$ScheduledFutureTask.access$201(ScheduledThreadPoolExecutor.java:180) [?:1.8.0_91]
	at java.util.concurrent.ScheduledThreadPoolExecutor$ScheduledFutureTask.run(ScheduledThreadPoolExecutor.java:293) [?:1.8.0_91]
	at java.util.concurrent.ThreadPoolExecutor.runWorker(ThreadPoolExecutor.java:1142) [?:1.8.0_91]
	at java.util.concurrent.ThreadPoolExecutor$Worker.run(ThreadPoolExecutor.java:617) [?:1.8.0_91]
	at java.lang.Thread.run(Thread.java:745) [?:1.8.0_91]
2016-10-12 23:26:17,189 |OFBiz-config-1       |DatabaseUtil                  |E| Unable to establish a connection with the database for helperName [localpostnew]... Error was: org.ofbiz.entity.GenericEntityException: org.postgresql.Driver (org.postgresql.Driver)
2016-10-12 23:26:17,189 |OFBiz-config-1       |DatabaseUtil                  |E| Unable to establish a connection with the database, no additional information available.
2016-10-12 23:26:17,189 |OFBiz-config-1       |DatabaseUtil                  |E| Could not get table name information from the database, aborting.
2016-10-12 23:26:17,190 |OFBiz-config-2       |DatabaseUtil                  |E| Unable to establish a connection with the database for helperName [localpostolap]... Error was: org.ofbiz.entity.GenericEntityException: Cached loader got a known bad class name: org.postgresql.Driver (Cached loader got a known bad class name: org.postgresql.Driver)
2016-10-12 23:26:17,190 |OFBiz-config-2       |DatabaseUtil                  |E| Unable to establish a connection with the database, no additional information available.
2016-10-12 23:26:17,190 |OFBiz-config-2       |DatabaseUtil                  |E| Could not get table name information from the database, aborting.
2016-10-12 23:26:17,190 |OFBiz-config-0       |DBCPConnectionFactory         |E| null
java.lang.ClassNotFoundException: Cached loader got a known bad class name: org.postgresql.Driver
	at org.ofbiz.base.util.CachedClassLoader.loadClass(CachedClassLoader.java:182) ~[ofbiz-base.jar:?]
	at org.ofbiz.base.util.CachedClassLoader.loadClass(CachedClassLoader.java:162) ~[ofbiz-base.jar:?]
	at java.lang.Class.forName0(Native Method) ~[?:1.8.0_91]
	at java.lang.Class.forName(Class.java:348) ~[?:1.8.0_91]
	at org.ofbiz.entity.connection.DBCPConnectionFactory.getConnection(DBCPConnectionFactory.java:87) [ofbiz-entity-test.jar:?]
	at org.ofbiz.entity.jdbc.ConnectionFactory.getManagedConnection(ConnectionFactory.java:121) [ofbiz-entity-test.jar:?]
	at org.ofbiz.geronimo.GeronimoTransactionFactory.getConnection(GeronimoTransactionFactory.java:83) [ofbiz-geronimo.jar:?]
	at org.ofbiz.entity.transaction.TransactionFactory.getConnection(TransactionFactory.java:82) [ofbiz-entity-test.jar:?]
	at org.ofbiz.entity.jdbc.ConnectionFactory.getConnection(ConnectionFactory.java:97) [ofbiz-entity-test.jar:?]
	at org.ofbiz.entity.jdbc.DatabaseUtil.getConnection(DatabaseUtil.java:135) [ofbiz-entity-test.jar:?]
	at org.ofbiz.entity.jdbc.DatabaseUtil.getConnectionLogged(DatabaseUtil.java:155) [ofbiz-entity-test.jar:?]
	at org.ofbiz.entity.jdbc.DatabaseUtil.getTableNames(DatabaseUtil.java:977) [ofbiz-entity-test.jar:?]
	at org.ofbiz.entity.jdbc.DatabaseUtil.checkDb(DatabaseUtil.java:189) [ofbiz-entity-test.jar:?]
	at org.ofbiz.entity.jdbc.DatabaseUtil.checkDb(DatabaseUtil.java:178) [ofbiz-entity-test.jar:?]
	at org.ofbiz.entity.datasource.GenericDAO.checkDb(GenericDAO.java:1235) [ofbiz-entity-test.jar:?]
	at org.ofbiz.entity.datasource.GenericHelperDAO.checkDataSource(GenericHelperDAO.java:200) [ofbiz-entity-test.jar:?]
	at org.ofbiz.entity.GenericDelegator.initializeOneGenericHelper(GenericDelegator.java:286) [ofbiz-entity-test.jar:?]
	at org.ofbiz.entity.GenericDelegator.access$000(GenericDelegator.java:87) [ofbiz-entity-test.jar:?]
	at org.ofbiz.entity.GenericDelegator$1.call(GenericDelegator.java:297) [ofbiz-entity-test.jar:?]
	at org.ofbiz.entity.GenericDelegator$1.call(GenericDelegator.java:295) [ofbiz-entity-test.jar:?]
	at java.util.concurrent.FutureTask.run(FutureTask.java:266) [?:1.8.0_91]
	at java.util.concurrent.ScheduledThreadPoolExecutor$ScheduledFutureTask.access$201(ScheduledThreadPoolExecutor.java:180) [?:1.8.0_91]
	at java.util.concurrent.ScheduledThreadPoolExecutor$ScheduledFutureTask.run(ScheduledThreadPoolExecutor.java:293) [?:1.8.0_91]
	at java.util.concurrent.ThreadPoolExecutor.runWorker(ThreadPoolExecutor.java:1142) [?:1.8.0_91]
	at java.util.concurrent.ThreadPoolExecutor$Worker.run(ThreadPoolExecutor.java:617) [?:1.8.0_91]
	at java.lang.Thread.run(Thread.java:745) [?:1.8.0_91]
2016-10-12 23:26:17,190 |OFBiz-config-0       |DatabaseUtil                  |E| Unable to establish a connection with the database for helperName [localposttenant]... Error was: org.ofbiz.entity.GenericEntityException: Cached loader got a known bad class name: org.postgresql.Driver (Cached loader got a known bad class name: org.postgresql.Driver)
2016-10-12 23:26:17,190 |OFBiz-config-0       |DatabaseUtil                  |E| Unable to establish a connection with the database, no additional information available.
2016-10-12 23:26:17,190 |OFBiz-config-0       |DatabaseUtil                  |E| Could not get table name information from the database, aborting.
2016-10-12 23:26:19,439 |main                 |DBCPConnectionFactory         |E| null
java.lang.ClassNotFoundException: Cached loader got a known bad class name: org.postgresql.Driver
	at org.ofbiz.base.util.CachedClassLoader.loadClass(CachedClassLoader.java:182) ~[ofbiz-base.jar:?]
	at org.ofbiz.base.util.CachedClassLoader.loadClass(CachedClassLoader.java:162) ~[ofbiz-base.jar:?]
	at java.lang.Class.forName0(Native Method) ~[?:1.8.0_91]
	at java.lang.Class.forName(Class.java:348) ~[?:1.8.0_91]
	at org.ofbiz.entity.connection.DBCPConnectionFactory.getConnection(DBCPConnectionFactory.java:87) [ofbiz-entity-test.jar:?]
	at org.ofbiz.entity.jdbc.ConnectionFactory.getManagedConnection(ConnectionFactory.java:121) [ofbiz-entity-test.jar:?]
	at org.ofbiz.geronimo.GeronimoTransactionFactory.getConnection(GeronimoTransactionFactory.java:83) [ofbiz-geronimo.jar:?]
	at org.ofbiz.entity.transaction.TransactionFactory.getConnection(TransactionFactory.java:82) [ofbiz-entity-test.jar:?]
	at org.ofbiz.entity.jdbc.ConnectionFactory.getConnection(ConnectionFactory.java:97) [ofbiz-entity-test.jar:?]
	at org.ofbiz.entity.jdbc.SQLProcessor.getConnection(SQLProcessor.java:250) [ofbiz-entity-test.jar:?]
	at org.ofbiz.entity.jdbc.SQLProcessor.prepareStatement(SQLProcessor.java:356) [ofbiz-entity-test.jar:?]
	at org.ofbiz.entity.jdbc.SQLProcessor.prepareStatement(SQLProcessor.java:327) [ofbiz-entity-test.jar:?]
	at org.ofbiz.entity.datasource.GenericDAO.deleteByCondition(GenericDAO.java:1223) [ofbiz-entity-test.jar:?]
	at org.ofbiz.entity.datasource.GenericDAO.deleteByCondition(GenericDAO.java:1199) [ofbiz-entity-test.jar:?]
	at org.ofbiz.entity.datasource.GenericHelperDAO.removeByCondition(GenericHelperDAO.java:166) [ofbiz-entity-test.jar:?]
	at org.ofbiz.entity.GenericDelegator.removeByCondition(GenericDelegator.java:1140) [ofbiz-entity-test.jar:?]
	at org.ofbiz.entity.GenericDelegator.removeByAnd(GenericDelegator.java:1110) [ofbiz-entity-test.jar:?]
	at org.ofbiz.entity.GenericDelegator.removeByAnd(GenericDelegator.java:1091) [ofbiz-entity-test.jar:?]
	at org.ofbiz.entity.GenericDelegator.removeByAnd(GenericDelegator.java:1084) [ofbiz-entity-test.jar:?]
	at org.ofbiz.service.ServiceDispatcher.<init>(ServiceDispatcher.java:111) [ofbiz-service.jar:?]
	at org.ofbiz.service.ServiceDispatcher.<init>(ServiceDispatcher.java:142) [ofbiz-service.jar:?]
	at org.ofbiz.service.ServiceDispatcher.getInstance(ServiceDispatcher.java:176) [ofbiz-service.jar:?]
	at org.ofbiz.service.ServiceDispatcher.getLocalDispatcher(ServiceDispatcher.java:153) [ofbiz-service.jar:?]
	at org.ofbiz.service.GenericDispatcherFactory.createLocalDispatcher(GenericDispatcherFactory.java:40) [ofbiz-service.jar:?]
	at org.ofbiz.service.ServiceContainer.getLocalDispatcher(ServiceContainer.java:90) [ofbiz-service.jar:?]
	at org.ofbiz.entityext.EntityServiceFactory.getLocalDispatcher(EntityServiceFactory.java:34) [ofbiz-entityext.jar:?]
	at org.ofbiz.entityext.EntityServiceFactory.getDispatchContext(EntityServiceFactory.java:39) [ofbiz-entityext.jar:?]
	at org.ofbiz.entityext.eca.DelegatorEcaHandler.setDelegator(DelegatorEcaHandler.java:53) [ofbiz-entityext.jar:?]
	at org.ofbiz.entity.GenericDelegator.initEntityEcaHandler(GenericDelegator.java:333) [ofbiz-entity-test.jar:?]
	at org.ofbiz.entity.DelegatorFactory.getDelegator(DelegatorFactory.java:42) [ofbiz-entity-test.jar:?]
	at org.ofbiz.catalina.container.CatalinaContainer.init(CatalinaContainer.java:190) [ofbiz-catalina.jar:?]
	at org.ofbiz.base.container.ContainerLoader.loadContainer(ContainerLoader.java:185) [ofbiz-base.jar:?]
	at org.ofbiz.base.container.ContainerLoader.load(ContainerLoader.java:121) [ofbiz-base.jar:?]
	at org.ofbiz.base.start.Start.initStartLoaders(Start.java:273) [ofbiz.jar:?]
	at org.ofbiz.base.start.Start.init(Start.java:241) [ofbiz.jar:?]
	at org.ofbiz.base.start.Start.main(Start.java:127) [ofbiz.jar:?]
2016-10-12 23:26:19,453 |main                 |GenericDelegator              |E| Failure in removeByCondition operation for entity [ServiceSemaphore]: org.ofbiz.entity.GenericEntityException: Cached loader got a known bad class name: org.postgresql.Driver (Cached loader got a known bad class name: org.postgresql.Driver). Rolling back transaction.
org.ofbiz.entity.GenericEntityException: Cached loader got a known bad class name: org.postgresql.Driver (Cached loader got a known bad class name: org.postgresql.Driver)
	at org.ofbiz.entity.connection.DBCPConnectionFactory.getConnection(DBCPConnectionFactory.java:90) ~[ofbiz-entity-test.jar:?]
	at org.ofbiz.entity.jdbc.ConnectionFactory.getManagedConnection(ConnectionFactory.java:121) ~[ofbiz-entity-test.jar:?]
	at org.ofbiz.geronimo.GeronimoTransactionFactory.getConnection(GeronimoTransactionFactory.java:83) ~[ofbiz-geronimo.jar:?]
	at org.ofbiz.entity.transaction.TransactionFactory.getConnection(TransactionFactory.java:82) ~[ofbiz-entity-test.jar:?]
	at org.ofbiz.entity.jdbc.ConnectionFactory.getConnection(ConnectionFactory.java:97) ~[ofbiz-entity-test.jar:?]
	at org.ofbiz.entity.jdbc.SQLProcessor.getConnection(SQLProcessor.java:250) ~[ofbiz-entity-test.jar:?]
	at org.ofbiz.entity.jdbc.SQLProcessor.prepareStatement(SQLProcessor.java:356) ~[ofbiz-entity-test.jar:?]
	at org.ofbiz.entity.jdbc.SQLProcessor.prepareStatement(SQLProcessor.java:327) ~[ofbiz-entity-test.jar:?]
	at org.ofbiz.entity.datasource.GenericDAO.deleteByCondition(GenericDAO.java:1223) ~[ofbiz-entity-test.jar:?]
	at org.ofbiz.entity.datasource.GenericDAO.deleteByCondition(GenericDAO.java:1199) ~[ofbiz-entity-test.jar:?]
	at org.ofbiz.entity.datasource.GenericHelperDAO.removeByCondition(GenericHelperDAO.java:166) ~[ofbiz-entity-test.jar:?]
	at org.ofbiz.entity.GenericDelegator.removeByCondition(GenericDelegator.java:1140) [ofbiz-entity-test.jar:?]
	at org.ofbiz.entity.GenericDelegator.removeByAnd(GenericDelegator.java:1110) [ofbiz-entity-test.jar:?]
	at org.ofbiz.entity.GenericDelegator.removeByAnd(GenericDelegator.java:1091) [ofbiz-entity-test.jar:?]
	at org.ofbiz.entity.GenericDelegator.removeByAnd(GenericDelegator.java:1084) [ofbiz-entity-test.jar:?]
	at org.ofbiz.service.ServiceDispatcher.<init>(ServiceDispatcher.java:111) [ofbiz-service.jar:?]
	at org.ofbiz.service.ServiceDispatcher.<init>(ServiceDispatcher.java:142) [ofbiz-service.jar:?]
	at org.ofbiz.service.ServiceDispatcher.getInstance(ServiceDispatcher.java:176) [ofbiz-service.jar:?]
	at org.ofbiz.service.ServiceDispatcher.getLocalDispatcher(ServiceDispatcher.java:153) [ofbiz-service.jar:?]
	at org.ofbiz.service.GenericDispatcherFactory.createLocalDispatcher(GenericDispatcherFactory.java:40) [ofbiz-service.jar:?]
	at org.ofbiz.service.ServiceContainer.getLocalDispatcher(ServiceContainer.java:90) [ofbiz-service.jar:?]
	at org.ofbiz.entityext.EntityServiceFactory.getLocalDispatcher(EntityServiceFactory.java:34) [ofbiz-entityext.jar:?]
	at org.ofbiz.entityext.EntityServiceFactory.getDispatchContext(EntityServiceFactory.java:39) [ofbiz-entityext.jar:?]
	at org.ofbiz.entityext.eca.DelegatorEcaHandler.setDelegator(DelegatorEcaHandler.java:53) [ofbiz-entityext.jar:?]
	at org.ofbiz.entity.GenericDelegator.initEntityEcaHandler(GenericDelegator.java:333) [ofbiz-entity-test.jar:?]
	at org.ofbiz.entity.DelegatorFactory.getDelegator(DelegatorFactory.java:42) [ofbiz-entity-test.jar:?]
	at org.ofbiz.catalina.container.CatalinaContainer.init(CatalinaContainer.java:190) [ofbiz-catalina.jar:?]
	at org.ofbiz.base.container.ContainerLoader.loadContainer(ContainerLoader.java:185) [ofbiz-base.jar:?]
	at org.ofbiz.base.container.ContainerLoader.load(ContainerLoader.java:121) [ofbiz-base.jar:?]
	at org.ofbiz.base.start.Start.initStartLoaders(Start.java:273) [ofbiz.jar:?]
	at org.ofbiz.base.start.Start.init(Start.java:241) [ofbiz.jar:?]
	at org.ofbiz.base.start.Start.main(Start.java:127) [ofbiz.jar:?]
Caused by: java.lang.ClassNotFoundException: Cached loader got a known bad class name: org.postgresql.Driver
	at org.ofbiz.base.util.CachedClassLoader.loadClass(CachedClassLoader.java:182) ~[ofbiz-base.jar:?]
	at org.ofbiz.base.util.CachedClassLoader.loadClass(CachedClassLoader.java:162) ~[ofbiz-base.jar:?]
	at java.lang.Class.forName0(Native Method) ~[?:1.8.0_91]
	at java.lang.Class.forName(Class.java:348) ~[?:1.8.0_91]
	at org.ofbiz.entity.connection.DBCPConnectionFactory.getConnection(DBCPConnectionFactory.java:87) ~[ofbiz-entity-test.jar:?]
	... 31 more
2016-10-12 23:26:19,475 |main                 |ServiceDispatcher             |E| null
org.ofbiz.entity.GenericEntityException: org.ofbiz.entity.GenericEntityException: Cached loader got a known bad class name: org.postgresql.Driver (Cached loader got a known bad class name: org.postgresql.Driver) (Cached loader got a known bad class name: org.postgresql.Driver (Cached loader got a known bad class name: org.postgresql.Driver))
	at org.ofbiz.entity.GenericDelegator.removeByCondition(GenericDelegator.java:1156) ~[ofbiz-entity-test.jar:?]
	at org.ofbiz.entity.GenericDelegator.removeByAnd(GenericDelegator.java:1110) ~[ofbiz-entity-test.jar:?]
	at org.ofbiz.entity.GenericDelegator.removeByAnd(GenericDelegator.java:1091) ~[ofbiz-entity-test.jar:?]
	at org.ofbiz.entity.GenericDelegator.removeByAnd(GenericDelegator.java:1084) ~[ofbiz-entity-test.jar:?]
	at org.ofbiz.service.ServiceDispatcher.<init>(ServiceDispatcher.java:111) [ofbiz-service.jar:?]
	at org.ofbiz.service.ServiceDispatcher.<init>(ServiceDispatcher.java:142) [ofbiz-service.jar:?]
	at org.ofbiz.service.ServiceDispatcher.getInstance(ServiceDispatcher.java:176) [ofbiz-service.jar:?]
	at org.ofbiz.service.ServiceDispatcher.getLocalDispatcher(ServiceDispatcher.java:153) [ofbiz-service.jar:?]
	at org.ofbiz.service.GenericDispatcherFactory.createLocalDispatcher(GenericDispatcherFactory.java:40) [ofbiz-service.jar:?]
	at org.ofbiz.service.ServiceContainer.getLocalDispatcher(ServiceContainer.java:90) [ofbiz-service.jar:?]
	at org.ofbiz.entityext.EntityServiceFactory.getLocalDispatcher(EntityServiceFactory.java:34) [ofbiz-entityext.jar:?]
	at org.ofbiz.entityext.EntityServiceFactory.getDispatchContext(EntityServiceFactory.java:39) [ofbiz-entityext.jar:?]
	at org.ofbiz.entityext.eca.DelegatorEcaHandler.setDelegator(DelegatorEcaHandler.java:53) [ofbiz-entityext.jar:?]
	at org.ofbiz.entity.GenericDelegator.initEntityEcaHandler(GenericDelegator.java:333) [ofbiz-entity-test.jar:?]
	at org.ofbiz.entity.DelegatorFactory.getDelegator(DelegatorFactory.java:42) [ofbiz-entity-test.jar:?]
	at org.ofbiz.catalina.container.CatalinaContainer.init(CatalinaContainer.java:190) [ofbiz-catalina.jar:?]
	at org.ofbiz.base.container.ContainerLoader.loadContainer(ContainerLoader.java:185) [ofbiz-base.jar:?]
	at org.ofbiz.base.container.ContainerLoader.load(ContainerLoader.java:121) [ofbiz-base.jar:?]
	at org.ofbiz.base.start.Start.initStartLoaders(Start.java:273) [ofbiz.jar:?]
	at org.ofbiz.base.start.Start.init(Start.java:241) [ofbiz.jar:?]
	at org.ofbiz.base.start.Start.main(Start.java:127) [ofbiz.jar:?]
Caused by: org.ofbiz.entity.GenericEntityException: Cached loader got a known bad class name: org.postgresql.Driver (Cached loader got a known bad class name: org.postgresql.Driver)
	at org.ofbiz.entity.connection.DBCPConnectionFactory.getConnection(DBCPConnectionFactory.java:90) ~[ofbiz-entity-test.jar:?]
	at org.ofbiz.entity.jdbc.ConnectionFactory.getManagedConnection(ConnectionFactory.java:121) ~[ofbiz-entity-test.jar:?]
	at org.ofbiz.geronimo.GeronimoTransactionFactory.getConnection(GeronimoTransactionFactory.java:83) ~[ofbiz-geronimo.jar:?]
	at org.ofbiz.entity.transaction.TransactionFactory.getConnection(TransactionFactory.java:82) ~[ofbiz-entity-test.jar:?]
	at org.ofbiz.entity.jdbc.ConnectionFactory.getConnection(ConnectionFactory.java:97) ~[ofbiz-entity-test.jar:?]
	at org.ofbiz.entity.jdbc.SQLProcessor.getConnection(SQLProcessor.java:250) ~[ofbiz-entity-test.jar:?]
	at org.ofbiz.entity.jdbc.SQLProcessor.prepareStatement(SQLProcessor.java:356) ~[ofbiz-entity-test.jar:?]
	at org.ofbiz.entity.jdbc.SQLProcessor.prepareStatement(SQLProcessor.java:327) ~[ofbiz-entity-test.jar:?]
	at org.ofbiz.entity.datasource.GenericDAO.deleteByCondition(GenericDAO.java:1223) ~[ofbiz-entity-test.jar:?]
	at org.ofbiz.entity.datasource.GenericDAO.deleteByCondition(GenericDAO.java:1199) ~[ofbiz-entity-test.jar:?]
	at org.ofbiz.entity.datasource.GenericHelperDAO.removeByCondition(GenericHelperDAO.java:166) ~[ofbiz-entity-test.jar:?]
	at org.ofbiz.entity.GenericDelegator.removeByCondition(GenericDelegator.java:1140) ~[ofbiz-entity-test.jar:?]
	... 20 more
Caused by: java.lang.ClassNotFoundException: Cached loader got a known bad class name: org.postgresql.Driver
	at org.ofbiz.base.util.CachedClassLoader.loadClass(CachedClassLoader.java:182) ~[ofbiz-base.jar:?]
	at org.ofbiz.base.util.CachedClassLoader.loadClass(CachedClassLoader.java:162) ~[ofbiz-base.jar:?]
	at java.lang.Class.forName0(Native Method) ~[?:1.8.0_91]
	at java.lang.Class.forName(Class.java:348) ~[?:1.8.0_91]
	at org.ofbiz.entity.connection.DBCPConnectionFactory.getConnection(DBCPConnectionFactory.java:87) ~[ofbiz-entity-test.jar:?]
	at org.ofbiz.entity.jdbc.ConnectionFactory.getManagedConnection(ConnectionFactory.java:121) ~[ofbiz-entity-test.jar:?]
	at org.ofbiz.geronimo.GeronimoTransactionFactory.getConnection(GeronimoTransactionFactory.java:83) ~[ofbiz-geronimo.jar:?]
	at org.ofbiz.entity.transaction.TransactionFactory.getConnection(TransactionFactory.java:82) ~[ofbiz-entity-test.jar:?]
	at org.ofbiz.entity.jdbc.ConnectionFactory.getConnection(ConnectionFactory.java:97) ~[ofbiz-entity-test.jar:?]
	at org.ofbiz.entity.jdbc.SQLProcessor.getConnection(SQLProcessor.java:250) ~[ofbiz-entity-test.jar:?]
	at org.ofbiz.entity.jdbc.SQLProcessor.prepareStatement(SQLProcessor.java:356) ~[ofbiz-entity-test.jar:?]
	at org.ofbiz.entity.jdbc.SQLProcessor.prepareStatement(SQLProcessor.java:327) ~[ofbiz-entity-test.jar:?]
	at org.ofbiz.entity.datasource.GenericDAO.deleteByCondition(GenericDAO.java:1223) ~[ofbiz-entity-test.jar:?]
	at org.ofbiz.entity.datasource.GenericDAO.deleteByCondition(GenericDAO.java:1199) ~[ofbiz-entity-test.jar:?]
	at org.ofbiz.entity.datasource.GenericHelperDAO.removeByCondition(GenericHelperDAO.java:166) ~[ofbiz-entity-test.jar:?]
	at org.ofbiz.entity.GenericDelegator.removeByCondition(GenericDelegator.java:1140) ~[ofbiz-entity-test.jar:?]
	... 20 more
2016-10-12 23:26:37,153 |OFBiz-JobPoller      |DBCPConnectionFactory         |E| null
java.lang.ClassNotFoundException: Cached loader got a known bad class name: org.postgresql.Driver
	at org.ofbiz.base.util.CachedClassLoader.loadClass(CachedClassLoader.java:182) ~[ofbiz-base.jar:?]
	at org.ofbiz.base.util.CachedClassLoader.loadClass(CachedClassLoader.java:162) ~[ofbiz-base.jar:?]
	at java.lang.Class.forName0(Native Method) ~[?:1.8.0_91]
	at java.lang.Class.forName(Class.java:348) ~[?:1.8.0_91]
	at org.ofbiz.entity.connection.DBCPConnectionFactory.getConnection(DBCPConnectionFactory.java:87) [ofbiz-entity-test.jar:?]
	at org.ofbiz.entity.jdbc.ConnectionFactory.getManagedConnection(ConnectionFactory.java:121) [ofbiz-entity-test.jar:?]
	at org.ofbiz.geronimo.GeronimoTransactionFactory.getConnection(GeronimoTransactionFactory.java:83) [ofbiz-geronimo.jar:?]
	at org.ofbiz.entity.transaction.TransactionFactory.getConnection(TransactionFactory.java:82) [ofbiz-entity-test.jar:?]
	at org.ofbiz.entity.jdbc.ConnectionFactory.getConnection(ConnectionFactory.java:97) [ofbiz-entity-test.jar:?]
	at org.ofbiz.entity.jdbc.SQLProcessor.getConnection(SQLProcessor.java:250) [ofbiz-entity-test.jar:?]
	at org.ofbiz.entity.jdbc.SQLProcessor.prepareStatement(SQLProcessor.java:356) [ofbiz-entity-test.jar:?]
	at org.ofbiz.entity.datasource.GenericDAO.selectListIteratorByCondition(GenericDAO.java:774) [ofbiz-entity-test.jar:?]
	at org.ofbiz.entity.datasource.GenericHelperDAO.findListIteratorByCondition(GenericHelperDAO.java:145) [ofbiz-entity-test.jar:?]
	at org.ofbiz.entity.GenericDelegator.find(GenericDelegator.java:1688) [ofbiz-entity-test.jar:?]
	at org.ofbiz.entity.GenericDelegator.findList(GenericDelegator.java:1723) [ofbiz-entity-test.jar:?]
	at org.ofbiz.service.job.JobManager.reloadCrashedJobs(JobManager.java:294) [ofbiz-service.jar:?]
	at org.ofbiz.service.job.JobPoller$JobManagerPoller.run(JobPoller.java:223) [ofbiz-service.jar:?]
	at java.lang.Thread.run(Thread.java:745) [?:1.8.0_91]
2016-10-12 23:26:37,154 |OFBiz-JobPoller      |GenericDelegator              |E| Failure in findByCondition operation for entity [JobSandbox]: org.ofbiz.entity.GenericEntityException: Cached loader got a known bad class name: org.postgresql.Driver (Cached loader got a known bad class name: org.postgresql.Driver). Rolling back transaction.
org.ofbiz.entity.GenericEntityException: Cached loader got a known bad class name: org.postgresql.Driver (Cached loader got a known bad class name: org.postgresql.Driver)
	at org.ofbiz.entity.connection.DBCPConnectionFactory.getConnection(DBCPConnectionFactory.java:90) ~[ofbiz-entity-test.jar:?]
	at org.ofbiz.entity.jdbc.ConnectionFactory.getManagedConnection(ConnectionFactory.java:121) ~[ofbiz-entity-test.jar:?]
	at org.ofbiz.geronimo.GeronimoTransactionFactory.getConnection(GeronimoTransactionFactory.java:83) ~[ofbiz-geronimo.jar:?]
	at org.ofbiz.entity.transaction.TransactionFactory.getConnection(TransactionFactory.java:82) ~[ofbiz-entity-test.jar:?]
	at org.ofbiz.entity.jdbc.ConnectionFactory.getConnection(ConnectionFactory.java:97) ~[ofbiz-entity-test.jar:?]
	at org.ofbiz.entity.jdbc.SQLProcessor.getConnection(SQLProcessor.java:250) ~[ofbiz-entity-test.jar:?]
	at org.ofbiz.entity.jdbc.SQLProcessor.prepareStatement(SQLProcessor.java:356) ~[ofbiz-entity-test.jar:?]
	at org.ofbiz.entity.datasource.GenericDAO.selectListIteratorByCondition(GenericDAO.java:774) ~[ofbiz-entity-test.jar:?]
	at org.ofbiz.entity.datasource.GenericHelperDAO.findListIteratorByCondition(GenericHelperDAO.java:145) ~[ofbiz-entity-test.jar:?]
	at org.ofbiz.entity.GenericDelegator.find(GenericDelegator.java:1688) ~[ofbiz-entity-test.jar:?]
	at org.ofbiz.entity.GenericDelegator.findList(GenericDelegator.java:1723) [ofbiz-entity-test.jar:?]
	at org.ofbiz.service.job.JobManager.reloadCrashedJobs(JobManager.java:294) [ofbiz-service.jar:?]
	at org.ofbiz.service.job.JobPoller$JobManagerPoller.run(JobPoller.java:223) [ofbiz-service.jar:?]
	at java.lang.Thread.run(Thread.java:745) [?:1.8.0_91]
Caused by: java.lang.ClassNotFoundException: Cached loader got a known bad class name: org.postgresql.Driver
	at org.ofbiz.base.util.CachedClassLoader.loadClass(CachedClassLoader.java:182) ~[ofbiz-base.jar:?]
	at org.ofbiz.base.util.CachedClassLoader.loadClass(CachedClassLoader.java:162) ~[ofbiz-base.jar:?]
	at java.lang.Class.forName0(Native Method) ~[?:1.8.0_91]
	at java.lang.Class.forName(Class.java:348) ~[?:1.8.0_91]
	at org.ofbiz.entity.connection.DBCPConnectionFactory.getConnection(DBCPConnectionFactory.java:87) ~[ofbiz-entity-test.jar:?]
	... 13 more
2016-10-12 23:26:37,156 |OFBiz-JobPoller      |DBCPConnectionFactory         |E| null
java.lang.ClassNotFoundException: Cached loader got a known bad class name: org.postgresql.Driver
	at org.ofbiz.base.util.CachedClassLoader.loadClass(CachedClassLoader.java:182) ~[ofbiz-base.jar:?]
	at org.ofbiz.base.util.CachedClassLoader.loadClass(CachedClassLoader.java:162) ~[ofbiz-base.jar:?]
	at java.lang.Class.forName0(Native Method) ~[?:1.8.0_91]
	at java.lang.Class.forName(Class.java:348) ~[?:1.8.0_91]
	at org.ofbiz.entity.connection.DBCPConnectionFactory.getConnection(DBCPConnectionFactory.java:87) [ofbiz-entity-test.jar:?]
	at org.ofbiz.entity.jdbc.ConnectionFactory.getManagedConnection(ConnectionFactory.java:121) [ofbiz-entity-test.jar:?]
	at org.ofbiz.geronimo.GeronimoTransactionFactory.getConnection(GeronimoTransactionFactory.java:83) [ofbiz-geronimo.jar:?]
	at org.ofbiz.entity.transaction.TransactionFactory.getConnection(TransactionFactory.java:82) [ofbiz-entity-test.jar:?]
	at org.ofbiz.entity.jdbc.ConnectionFactory.getConnection(ConnectionFactory.java:97) [ofbiz-entity-test.jar:?]
	at org.ofbiz.entity.jdbc.SQLProcessor.getConnection(SQLProcessor.java:250) [ofbiz-entity-test.jar:?]
	at org.ofbiz.entity.jdbc.SQLProcessor.prepareStatement(SQLProcessor.java:356) [ofbiz-entity-test.jar:?]
	at org.ofbiz.entity.datasource.GenericDAO.selectListIteratorByCondition(GenericDAO.java:774) [ofbiz-entity-test.jar:?]
	at org.ofbiz.entity.datasource.GenericHelperDAO.findListIteratorByCondition(GenericHelperDAO.java:145) [ofbiz-entity-test.jar:?]
	at org.ofbiz.entity.GenericDelegator.find(GenericDelegator.java:1688) [ofbiz-entity-test.jar:?]
	at org.ofbiz.service.job.JobManager.poll(JobManager.java:194) [ofbiz-service.jar:?]
	at org.ofbiz.service.job.JobPoller$JobManagerPoller.run(JobPoller.java:224) [ofbiz-service.jar:?]
	at java.lang.Thread.run(Thread.java:745) [?:1.8.0_91]
2016-10-12 23:27:07,159 |OFBiz-JobPoller      |DBCPConnectionFactory         |E| null
java.lang.ClassNotFoundException: Cached loader got a known bad class name: org.postgresql.Driver
	at org.ofbiz.base.util.CachedClassLoader.loadClass(CachedClassLoader.java:182) ~[ofbiz-base.jar:?]
	at org.ofbiz.base.util.CachedClassLoader.loadClass(CachedClassLoader.java:162) ~[ofbiz-base.jar:?]
	at java.lang.Class.forName0(Native Method) ~[?:1.8.0_91]
	at java.lang.Class.forName(Class.java:348) ~[?:1.8.0_91]
	at org.ofbiz.entity.connection.DBCPConnectionFactory.getConnection(DBCPConnectionFactory.java:87) [ofbiz-entity-test.jar:?]
	at org.ofbiz.entity.jdbc.ConnectionFactory.getManagedConnection(ConnectionFactory.java:121) [ofbiz-entity-test.jar:?]
	at org.ofbiz.geronimo.GeronimoTransactionFactory.getConnection(GeronimoTransactionFactory.java:83) [ofbiz-geronimo.jar:?]
	at org.ofbiz.entity.transaction.TransactionFactory.getConnection(TransactionFactory.java:82) [ofbiz-entity-test.jar:?]
	at org.ofbiz.entity.jdbc.ConnectionFactory.getConnection(ConnectionFactory.java:97) [ofbiz-entity-test.jar:?]
	at org.ofbiz.entity.jdbc.SQLProcessor.getConnection(SQLProcessor.java:250) [ofbiz-entity-test.jar:?]
	at org.ofbiz.entity.jdbc.SQLProcessor.prepareStatement(SQLProcessor.java:356) [ofbiz-entity-test.jar:?]
	at org.ofbiz.entity.datasource.GenericDAO.selectListIteratorByCondition(GenericDAO.java:774) [ofbiz-entity-test.jar:?]
	at org.ofbiz.entity.datasource.GenericHelperDAO.findListIteratorByCondition(GenericHelperDAO.java:145) [ofbiz-entity-test.jar:?]
	at org.ofbiz.entity.GenericDelegator.find(GenericDelegator.java:1688) [ofbiz-entity-test.jar:?]
	at org.ofbiz.service.job.JobManager.poll(JobManager.java:194) [ofbiz-service.jar:?]
	at org.ofbiz.service.job.JobPoller$JobManagerPoller.run(JobPoller.java:224) [ofbiz-service.jar:?]
	at java.lang.Thread.run(Thread.java:745) [?:1.8.0_91]
2016-10-12 23:27:37,164 |OFBiz-JobPoller      |DBCPConnectionFactory         |E| null
java.lang.ClassNotFoundException: Cached loader got a known bad class name: org.postgresql.Driver
	at org.ofbiz.base.util.CachedClassLoader.loadClass(CachedClassLoader.java:182) ~[ofbiz-base.jar:?]
	at org.ofbiz.base.util.CachedClassLoader.loadClass(CachedClassLoader.java:162) ~[ofbiz-base.jar:?]
	at java.lang.Class.forName0(Native Method) ~[?:1.8.0_91]
	at java.lang.Class.forName(Class.java:348) ~[?:1.8.0_91]
	at org.ofbiz.entity.connection.DBCPConnectionFactory.getConnection(DBCPConnectionFactory.java:87) [ofbiz-entity-test.jar:?]
	at org.ofbiz.entity.jdbc.ConnectionFactory.getManagedConnection(ConnectionFactory.java:121) [ofbiz-entity-test.jar:?]
	at org.ofbiz.geronimo.GeronimoTransactionFactory.getConnection(GeronimoTransactionFactory.java:83) [ofbiz-geronimo.jar:?]
	at org.ofbiz.entity.transaction.TransactionFactory.getConnection(TransactionFactory.java:82) [ofbiz-entity-test.jar:?]
	at org.ofbiz.entity.jdbc.ConnectionFactory.getConnection(ConnectionFactory.java:97) [ofbiz-entity-test.jar:?]
	at org.ofbiz.entity.jdbc.SQLProcessor.getConnection(SQLProcessor.java:250) [ofbiz-entity-test.jar:?]
	at org.ofbiz.entity.jdbc.SQLProcessor.prepareStatement(SQLProcessor.java:356) [ofbiz-entity-test.jar:?]
	at org.ofbiz.entity.datasource.GenericDAO.selectListIteratorByCondition(GenericDAO.java:774) [ofbiz-entity-test.jar:?]
	at org.ofbiz.entity.datasource.GenericHelperDAO.findListIteratorByCondition(GenericHelperDAO.java:145) [ofbiz-entity-test.jar:?]
	at org.ofbiz.entity.GenericDelegator.find(GenericDelegator.java:1688) [ofbiz-entity-test.jar:?]
	at org.ofbiz.service.job.JobManager.poll(JobManager.java:194) [ofbiz-service.jar:?]
	at org.ofbiz.service.job.JobPoller$JobManagerPoller.run(JobPoller.java:224) [ofbiz-service.jar:?]
	at java.lang.Thread.run(Thread.java:745) [?:1.8.0_91]
2016-10-12 23:28:07,171 |OFBiz-JobPoller      |DBCPConnectionFactory         |E| null
java.lang.ClassNotFoundException: Cached loader got a known bad class name: org.postgresql.Driver
	at org.ofbiz.base.util.CachedClassLoader.loadClass(CachedClassLoader.java:182) ~[ofbiz-base.jar:?]
	at org.ofbiz.base.util.CachedClassLoader.loadClass(CachedClassLoader.java:162) ~[ofbiz-base.jar:?]
	at java.lang.Class.forName0(Native Method) ~[?:1.8.0_91]
	at java.lang.Class.forName(Class.java:348) ~[?:1.8.0_91]
	at org.ofbiz.entity.connection.DBCPConnectionFactory.getConnection(DBCPConnectionFactory.java:87) [ofbiz-entity-test.jar:?]
	at org.ofbiz.entity.jdbc.ConnectionFactory.getManagedConnection(ConnectionFactory.java:121) [ofbiz-entity-test.jar:?]
	at org.ofbiz.geronimo.GeronimoTransactionFactory.getConnection(GeronimoTransactionFactory.java:83) [ofbiz-geronimo.jar:?]
	at org.ofbiz.entity.transaction.TransactionFactory.getConnection(TransactionFactory.java:82) [ofbiz-entity-test.jar:?]
	at org.ofbiz.entity.jdbc.ConnectionFactory.getConnection(ConnectionFactory.java:97) [ofbiz-entity-test.jar:?]
	at org.ofbiz.entity.jdbc.SQLProcessor.getConnection(SQLProcessor.java:250) [ofbiz-entity-test.jar:?]
	at org.ofbiz.entity.jdbc.SQLProcessor.prepareStatement(SQLProcessor.java:356) [ofbiz-entity-test.jar:?]
	at org.ofbiz.entity.datasource.GenericDAO.selectListIteratorByCondition(GenericDAO.java:774) [ofbiz-entity-test.jar:?]
	at org.ofbiz.entity.datasource.GenericHelperDAO.findListIteratorByCondition(GenericHelperDAO.java:145) [ofbiz-entity-test.jar:?]
	at org.ofbiz.entity.GenericDelegator.find(GenericDelegator.java:1688) [ofbiz-entity-test.jar:?]
	at org.ofbiz.service.job.JobManager.poll(JobManager.java:194) [ofbiz-service.jar:?]
	at org.ofbiz.service.job.JobPoller$JobManagerPoller.run(JobPoller.java:224) [ofbiz-service.jar:?]
	at java.lang.Thread.run(Thread.java:745) [?:1.8.0_91]
2016-10-12 23:28:37,180 |OFBiz-JobPoller      |DBCPConnectionFactory         |E| null
java.lang.ClassNotFoundException: Cached loader got a known bad class name: org.postgresql.Driver
	at org.ofbiz.base.util.CachedClassLoader.loadClass(CachedClassLoader.java:182) ~[ofbiz-base.jar:?]
	at org.ofbiz.base.util.CachedClassLoader.loadClass(CachedClassLoader.java:162) ~[ofbiz-base.jar:?]
	at java.lang.Class.forName0(Native Method) ~[?:1.8.0_91]
	at java.lang.Class.forName(Class.java:348) ~[?:1.8.0_91]
	at org.ofbiz.entity.connection.DBCPConnectionFactory.getConnection(DBCPConnectionFactory.java:87) [ofbiz-entity-test.jar:?]
	at org.ofbiz.entity.jdbc.ConnectionFactory.getManagedConnection(ConnectionFactory.java:121) [ofbiz-entity-test.jar:?]
	at org.ofbiz.geronimo.GeronimoTransactionFactory.getConnection(GeronimoTransactionFactory.java:83) [ofbiz-geronimo.jar:?]
	at org.ofbiz.entity.transaction.TransactionFactory.getConnection(TransactionFactory.java:82) [ofbiz-entity-test.jar:?]
	at org.ofbiz.entity.jdbc.ConnectionFactory.getConnection(ConnectionFactory.java:97) [ofbiz-entity-test.jar:?]
	at org.ofbiz.entity.jdbc.SQLProcessor.getConnection(SQLProcessor.java:250) [ofbiz-entity-test.jar:?]
	at org.ofbiz.entity.jdbc.SQLProcessor.prepareStatement(SQLProcessor.java:356) [ofbiz-entity-test.jar:?]
	at org.ofbiz.entity.datasource.GenericDAO.selectListIteratorByCondition(GenericDAO.java:774) [ofbiz-entity-test.jar:?]
	at org.ofbiz.entity.datasource.GenericHelperDAO.findListIteratorByCondition(GenericHelperDAO.java:145) [ofbiz-entity-test.jar:?]
	at org.ofbiz.entity.GenericDelegator.find(GenericDelegator.java:1688) [ofbiz-entity-test.jar:?]
	at org.ofbiz.service.job.JobManager.poll(JobManager.java:194) [ofbiz-service.jar:?]
	at org.ofbiz.service.job.JobPoller$JobManagerPoller.run(JobPoller.java:224) [ofbiz-service.jar:?]
	at java.lang.Thread.run(Thread.java:745) [?:1.8.0_91]
2016-10-12 23:29:07,184 |OFBiz-JobPoller      |DBCPConnectionFactory         |E| null
java.lang.ClassNotFoundException: Cached loader got a known bad class name: org.postgresql.Driver
	at org.ofbiz.base.util.CachedClassLoader.loadClass(CachedClassLoader.java:182) ~[ofbiz-base.jar:?]
	at org.ofbiz.base.util.CachedClassLoader.loadClass(CachedClassLoader.java:162) ~[ofbiz-base.jar:?]
	at java.lang.Class.forName0(Native Method) ~[?:1.8.0_91]
	at java.lang.Class.forName(Class.java:348) ~[?:1.8.0_91]
	at org.ofbiz.entity.connection.DBCPConnectionFactory.getConnection(DBCPConnectionFactory.java:87) [ofbiz-entity-test.jar:?]
	at org.ofbiz.entity.jdbc.ConnectionFactory.getManagedConnection(ConnectionFactory.java:121) [ofbiz-entity-test.jar:?]
	at org.ofbiz.geronimo.GeronimoTransactionFactory.getConnection(GeronimoTransactionFactory.java:83) [ofbiz-geronimo.jar:?]
	at org.ofbiz.entity.transaction.TransactionFactory.getConnection(TransactionFactory.java:82) [ofbiz-entity-test.jar:?]
	at org.ofbiz.entity.jdbc.ConnectionFactory.getConnection(ConnectionFactory.java:97) [ofbiz-entity-test.jar:?]
	at org.ofbiz.entity.jdbc.SQLProcessor.getConnection(SQLProcessor.java:250) [ofbiz-entity-test.jar:?]
	at org.ofbiz.entity.jdbc.SQLProcessor.prepareStatement(SQLProcessor.java:356) [ofbiz-entity-test.jar:?]
	at org.ofbiz.entity.datasource.GenericDAO.selectListIteratorByCondition(GenericDAO.java:774) [ofbiz-entity-test.jar:?]
	at org.ofbiz.entity.datasource.GenericHelperDAO.findListIteratorByCondition(GenericHelperDAO.java:145) [ofbiz-entity-test.jar:?]
	at org.ofbiz.entity.GenericDelegator.find(GenericDelegator.java:1688) [ofbiz-entity-test.jar:?]
	at org.ofbiz.service.job.JobManager.poll(JobManager.java:194) [ofbiz-service.jar:?]
	at org.ofbiz.service.job.JobPoller$JobManagerPoller.run(JobPoller.java:224) [ofbiz-service.jar:?]
	at java.lang.Thread.run(Thread.java:745) [?:1.8.0_91]
2016-10-12 23:29:37,189 |OFBiz-JobPoller      |DBCPConnectionFactory         |E| null
java.lang.ClassNotFoundException: Cached loader got a known bad class name: org.postgresql.Driver
	at org.ofbiz.base.util.CachedClassLoader.loadClass(CachedClassLoader.java:182) ~[ofbiz-base.jar:?]
	at org.ofbiz.base.util.CachedClassLoader.loadClass(CachedClassLoader.java:162) ~[ofbiz-base.jar:?]
	at java.lang.Class.forName0(Native Method) ~[?:1.8.0_91]
	at java.lang.Class.forName(Class.java:348) ~[?:1.8.0_91]
	at org.ofbiz.entity.connection.DBCPConnectionFactory.getConnection(DBCPConnectionFactory.java:87) [ofbiz-entity-test.jar:?]
	at org.ofbiz.entity.jdbc.ConnectionFactory.getManagedConnection(ConnectionFactory.java:121) [ofbiz-entity-test.jar:?]
	at org.ofbiz.geronimo.GeronimoTransactionFactory.getConnection(GeronimoTransactionFactory.java:83) [ofbiz-geronimo.jar:?]
	at org.ofbiz.entity.transaction.TransactionFactory.getConnection(TransactionFactory.java:82) [ofbiz-entity-test.jar:?]
	at org.ofbiz.entity.jdbc.ConnectionFactory.getConnection(ConnectionFactory.java:97) [ofbiz-entity-test.jar:?]
	at org.ofbiz.entity.jdbc.SQLProcessor.getConnection(SQLProcessor.java:250) [ofbiz-entity-test.jar:?]
	at org.ofbiz.entity.jdbc.SQLProcessor.prepareStatement(SQLProcessor.java:356) [ofbiz-entity-test.jar:?]
	at org.ofbiz.entity.datasource.GenericDAO.selectListIteratorByCondition(GenericDAO.java:774) [ofbiz-entity-test.jar:?]
	at org.ofbiz.entity.datasource.GenericHelperDAO.findListIteratorByCondition(GenericHelperDAO.java:145) [ofbiz-entity-test.jar:?]
	at org.ofbiz.entity.GenericDelegator.find(GenericDelegator.java:1688) [ofbiz-entity-test.jar:?]
	at org.ofbiz.service.job.JobManager.poll(JobManager.java:194) [ofbiz-service.jar:?]
	at org.ofbiz.service.job.JobPoller$JobManagerPoller.run(JobPoller.java:224) [ofbiz-service.jar:?]
	at java.lang.Thread.run(Thread.java:745) [?:1.8.0_91]
2016-10-12 23:30:07,201 |OFBiz-JobPoller      |DBCPConnectionFactory         |E| null
java.lang.ClassNotFoundException: Cached loader got a known bad class name: org.postgresql.Driver
	at org.ofbiz.base.util.CachedClassLoader.loadClass(CachedClassLoader.java:182) ~[ofbiz-base.jar:?]
	at org.ofbiz.base.util.CachedClassLoader.loadClass(CachedClassLoader.java:162) ~[ofbiz-base.jar:?]
	at java.lang.Class.forName0(Native Method) ~[?:1.8.0_91]
	at java.lang.Class.forName(Class.java:348) ~[?:1.8.0_91]
	at org.ofbiz.entity.connection.DBCPConnectionFactory.getConnection(DBCPConnectionFactory.java:87) [ofbiz-entity-test.jar:?]
	at org.ofbiz.entity.jdbc.ConnectionFactory.getManagedConnection(ConnectionFactory.java:121) [ofbiz-entity-test.jar:?]
	at org.ofbiz.geronimo.GeronimoTransactionFactory.getConnection(GeronimoTransactionFactory.java:83) [ofbiz-geronimo.jar:?]
	at org.ofbiz.entity.transaction.TransactionFactory.getConnection(TransactionFactory.java:82) [ofbiz-entity-test.jar:?]
	at org.ofbiz.entity.jdbc.ConnectionFactory.getConnection(ConnectionFactory.java:97) [ofbiz-entity-test.jar:?]
	at org.ofbiz.entity.jdbc.SQLProcessor.getConnection(SQLProcessor.java:250) [ofbiz-entity-test.jar:?]
	at org.ofbiz.entity.jdbc.SQLProcessor.prepareStatement(SQLProcessor.java:356) [ofbiz-entity-test.jar:?]
	at org.ofbiz.entity.datasource.GenericDAO.selectListIteratorByCondition(GenericDAO.java:774) [ofbiz-entity-test.jar:?]
	at org.ofbiz.entity.datasource.GenericHelperDAO.findListIteratorByCondition(GenericHelperDAO.java:145) [ofbiz-entity-test.jar:?]
	at org.ofbiz.entity.GenericDelegator.find(GenericDelegator.java:1688) [ofbiz-entity-test.jar:?]
	at org.ofbiz.service.job.JobManager.poll(JobManager.java:194) [ofbiz-service.jar:?]
	at org.ofbiz.service.job.JobPoller$JobManagerPoller.run(JobPoller.java:224) [ofbiz-service.jar:?]
	at java.lang.Thread.run(Thread.java:745) [?:1.8.0_91]
2016-10-12 23:30:37,214 |OFBiz-JobPoller      |DBCPConnectionFactory         |E| null
java.lang.ClassNotFoundException: Cached loader got a known bad class name: org.postgresql.Driver
	at org.ofbiz.base.util.CachedClassLoader.loadClass(CachedClassLoader.java:182) ~[ofbiz-base.jar:?]
	at org.ofbiz.base.util.CachedClassLoader.loadClass(CachedClassLoader.java:162) ~[ofbiz-base.jar:?]
	at java.lang.Class.forName0(Native Method) ~[?:1.8.0_91]
	at java.lang.Class.forName(Class.java:348) ~[?:1.8.0_91]
	at org.ofbiz.entity.connection.DBCPConnectionFactory.getConnection(DBCPConnectionFactory.java:87) [ofbiz-entity-test.jar:?]
	at org.ofbiz.entity.jdbc.ConnectionFactory.getManagedConnection(ConnectionFactory.java:121) [ofbiz-entity-test.jar:?]
	at org.ofbiz.geronimo.GeronimoTransactionFactory.getConnection(GeronimoTransactionFactory.java:83) [ofbiz-geronimo.jar:?]
	at org.ofbiz.entity.transaction.TransactionFactory.getConnection(TransactionFactory.java:82) [ofbiz-entity-test.jar:?]
	at org.ofbiz.entity.jdbc.ConnectionFactory.getConnection(ConnectionFactory.java:97) [ofbiz-entity-test.jar:?]
	at org.ofbiz.entity.jdbc.SQLProcessor.getConnection(SQLProcessor.java:250) [ofbiz-entity-test.jar:?]
	at org.ofbiz.entity.jdbc.SQLProcessor.prepareStatement(SQLProcessor.java:356) [ofbiz-entity-test.jar:?]
	at org.ofbiz.entity.datasource.GenericDAO.selectListIteratorByCondition(GenericDAO.java:774) [ofbiz-entity-test.jar:?]
	at org.ofbiz.entity.datasource.GenericHelperDAO.findListIteratorByCondition(GenericHelperDAO.java:145) [ofbiz-entity-test.jar:?]
	at org.ofbiz.entity.GenericDelegator.find(GenericDelegator.java:1688) [ofbiz-entity-test.jar:?]
	at org.ofbiz.service.job.JobManager.poll(JobManager.java:194) [ofbiz-service.jar:?]
	at org.ofbiz.service.job.JobPoller$JobManagerPoller.run(JobPoller.java:224) [ofbiz-service.jar:?]
	at java.lang.Thread.run(Thread.java:745) [?:1.8.0_91]
2016-10-12 23:31:07,218 |OFBiz-JobPoller      |DBCPConnectionFactory         |E| null
java.lang.ClassNotFoundException: Cached loader got a known bad class name: org.postgresql.Driver
	at org.ofbiz.base.util.CachedClassLoader.loadClass(CachedClassLoader.java:182) ~[ofbiz-base.jar:?]
	at org.ofbiz.base.util.CachedClassLoader.loadClass(CachedClassLoader.java:162) ~[ofbiz-base.jar:?]
	at java.lang.Class.forName0(Native Method) ~[?:1.8.0_91]
	at java.lang.Class.forName(Class.java:348) ~[?:1.8.0_91]
	at org.ofbiz.entity.connection.DBCPConnectionFactory.getConnection(DBCPConnectionFactory.java:87) [ofbiz-entity-test.jar:?]
	at org.ofbiz.entity.jdbc.ConnectionFactory.getManagedConnection(ConnectionFactory.java:121) [ofbiz-entity-test.jar:?]
	at org.ofbiz.geronimo.GeronimoTransactionFactory.getConnection(GeronimoTransactionFactory.java:83) [ofbiz-geronimo.jar:?]
	at org.ofbiz.entity.transaction.TransactionFactory.getConnection(TransactionFactory.java:82) [ofbiz-entity-test.jar:?]
	at org.ofbiz.entity.jdbc.ConnectionFactory.getConnection(ConnectionFactory.java:97) [ofbiz-entity-test.jar:?]
	at org.ofbiz.entity.jdbc.SQLProcessor.getConnection(SQLProcessor.java:250) [ofbiz-entity-test.jar:?]
	at org.ofbiz.entity.jdbc.SQLProcessor.prepareStatement(SQLProcessor.java:356) [ofbiz-entity-test.jar:?]
	at org.ofbiz.entity.datasource.GenericDAO.selectListIteratorByCondition(GenericDAO.java:774) [ofbiz-entity-test.jar:?]
	at org.ofbiz.entity.datasource.GenericHelperDAO.findListIteratorByCondition(GenericHelperDAO.java:145) [ofbiz-entity-test.jar:?]
	at org.ofbiz.entity.GenericDelegator.find(GenericDelegator.java:1688) [ofbiz-entity-test.jar:?]
	at org.ofbiz.service.job.JobManager.poll(JobManager.java:194) [ofbiz-service.jar:?]
	at org.ofbiz.service.job.JobPoller$JobManagerPoller.run(JobPoller.java:224) [ofbiz-service.jar:?]
	at java.lang.Thread.run(Thread.java:745) [?:1.8.0_91]
2016-10-12 23:47:46,060 |OFBiz-config-2       |DatabaseUtil                  |E| Unable to establish a connection with the database for helperName [localpostolap]... Error was: java.sql.SQLException: Unable to acquire a new connection from the pool
2016-10-12 23:47:46,061 |OFBiz-config-2       |DatabaseUtil                  |E| Unable to establish a connection with the database, no additional information available.
2016-10-12 23:47:46,061 |OFBiz-config-2       |DatabaseUtil                  |E| Could not get table name information from the database, aborting.
2016-10-12 23:47:46,076 |OFBiz-config-0       |DatabaseUtil                  |E| Unable to establish a connection with the database for helperName [localposttenant]... Error was: java.sql.SQLException: Unable to acquire a new connection from the pool
2016-10-12 23:47:46,077 |OFBiz-config-0       |DatabaseUtil                  |E| Unable to establish a connection with the database, no additional information available.
2016-10-12 23:47:46,077 |OFBiz-config-0       |DatabaseUtil                  |E| Could not get table name information from the database, aborting.
