2016-10-11 23:20:28,998 |OFBiz-config-0       |DBCPConnectionFactory         |E| null
java.lang.ClassNotFoundException: org.postgresql.Driver
	at java.net.URLClassLoader.findClass(URLClassLoader.java:381) ~[?:1.8.0_91]
	at java.lang.ClassLoader.loadClass(ClassLoader.java:424) ~[?:1.8.0_91]
	at org.ofbiz.base.util.CachedClassLoader.loadClass(CachedClassLoader.java:188) ~[ofbiz-base.jar:?]
	at org.ofbiz.base.util.CachedClassLoader.loadClass(CachedClassLoader.java:162) ~[ofbiz-base.jar:?]
	at java.lang.Class.forName0(Native Method) ~[?:1.8.0_91]
	at java.lang.Class.forName(Class.java:348) ~[?:1.8.0_91]
	at org.ofbiz.entity.connection.DBCPConnectionFactory.getConnection(DBCPConnectionFactory.java:87) [ofbiz-entity-test.jar:?]
	at org.ofbiz.entity.jdbc.ConnectionFactory.getManagedConnection(ConnectionFactory.java:121) [ofbiz-entity-test.jar:?]
	at org.ofbiz.geronimo.GeronimoTransactionFactory.getConnection(GeronimoTransactionFactory.java:83) [ofbiz-geronimo.jar:?]
	at org.ofbiz.entity.transaction.TransactionFactory.getConnection(TransactionFactory.java:82) [ofbiz-entity-test.jar:?]
	at org.ofbiz.entity.jdbc.ConnectionFactory.getConnection(ConnectionFactory.java:97) [ofbiz-entity-test.jar:?]
	at org.ofbiz.entity.jdbc.DatabaseUtil.getConnection(DatabaseUtil.java:135) [ofbiz-entity-test.jar:?]
	at org.ofbiz.entity.jdbc.DatabaseUtil.getConnectionLogged(DatabaseUtil.java:155) [ofbiz-entity-test.jar:?]
	at org.ofbiz.entity.jdbc.DatabaseUtil.getTableNames(DatabaseUtil.java:977) [ofbiz-entity-test.jar:?]
	at org.ofbiz.entity.jdbc.DatabaseUtil.checkDb(DatabaseUtil.java:189) [ofbiz-entity-test.jar:?]
	at org.ofbiz.entity.jdbc.DatabaseUtil.checkDb(DatabaseUtil.java:178) [ofbiz-entity-test.jar:?]
	at org.ofbiz.entity.datasource.GenericDAO.checkDb(GenericDAO.java:1235) [ofbiz-entity-test.jar:?]
	at org.ofbiz.entity.datasource.GenericHelperDAO.checkDataSource(GenericHelperDAO.java:200) [ofbiz-entity-test.jar:?]
	at org.ofbiz.entity.GenericDelegator.initializeOneGenericHelper(GenericDelegator.java:286) [ofbiz-entity-test.jar:?]
	at org.ofbiz.entity.GenericDelegator.access$000(GenericDelegator.java:87) [ofbiz-entity-test.jar:?]
	at org.ofbiz.entity.GenericDelegator$1.call(GenericDelegator.java:297) [ofbiz-entity-test.jar:?]
	at org.ofbiz.entity.GenericDelegator$1.call(GenericDelegator.java:295) [ofbiz-entity-test.jar:?]
	at java.util.concurrent.FutureTask.run(FutureTask.java:266) [?:1.8.0_91]
	at java.util.concurrent.ScheduledThreadPoolExecutor$ScheduledFutureTask.access$201(ScheduledThreadPoolExecutor.java:180) [?:1.8.0_91]
	at java.util.concurrent.ScheduledThreadPoolExecutor$ScheduledFutureTask.run(ScheduledThreadPoolExecutor.java:293) [?:1.8.0_91]
	at java.util.concurrent.ThreadPoolExecutor.runWorker(ThreadPoolExecutor.java:1142) [?:1.8.0_91]
	at java.util.concurrent.ThreadPoolExecutor$Worker.run(ThreadPoolExecutor.java:617) [?:1.8.0_91]
	at java.lang.Thread.run(Thread.java:745) [?:1.8.0_91]
2016-10-11 23:20:29,057 |OFBiz-config-2       |DBCPConnectionFactory         |E| null
java.lang.ClassNotFoundException: Cached loader got a known bad class name: org.postgresql.Driver
	at org.ofbiz.base.util.CachedClassLoader.loadClass(CachedClassLoader.java:182) ~[ofbiz-base.jar:?]
	at org.ofbiz.base.util.CachedClassLoader.loadClass(CachedClassLoader.java:162) ~[ofbiz-base.jar:?]
	at java.lang.Class.forName0(Native Method) ~[?:1.8.0_91]
	at java.lang.Class.forName(Class.java:348) ~[?:1.8.0_91]
	at org.ofbiz.entity.connection.DBCPConnectionFactory.getConnection(DBCPConnectionFactory.java:87) [ofbiz-entity-test.jar:?]
	at org.ofbiz.entity.jdbc.ConnectionFactory.getManagedConnection(ConnectionFactory.java:121) [ofbiz-entity-test.jar:?]
	at org.ofbiz.geronimo.GeronimoTransactionFactory.getConnection(GeronimoTransactionFactory.java:83) [ofbiz-geronimo.jar:?]
	at org.ofbiz.entity.transaction.TransactionFactory.getConnection(TransactionFactory.java:82) [ofbiz-entity-test.jar:?]
	at org.ofbiz.entity.jdbc.ConnectionFactory.getConnection(ConnectionFactory.java:97) [ofbiz-entity-test.jar:?]
	at org.ofbiz.entity.jdbc.DatabaseUtil.getConnection(DatabaseUtil.java:135) [ofbiz-entity-test.jar:?]
	at org.ofbiz.entity.jdbc.DatabaseUtil.getConnectionLogged(DatabaseUtil.java:155) [ofbiz-entity-test.jar:?]
	at org.ofbiz.entity.jdbc.DatabaseUtil.getTableNames(DatabaseUtil.java:977) [ofbiz-entity-test.jar:?]
	at org.ofbiz.entity.jdbc.DatabaseUtil.checkDb(DatabaseUtil.java:189) [ofbiz-entity-test.jar:?]
	at org.ofbiz.entity.jdbc.DatabaseUtil.checkDb(DatabaseUtil.java:178) [ofbiz-entity-test.jar:?]
	at org.ofbiz.entity.datasource.GenericDAO.checkDb(GenericDAO.java:1235) [ofbiz-entity-test.jar:?]
	at org.ofbiz.entity.datasource.GenericHelperDAO.checkDataSource(GenericHelperDAO.java:200) [ofbiz-entity-test.jar:?]
	at org.ofbiz.entity.GenericDelegator.initializeOneGenericHelper(GenericDelegator.java:286) [ofbiz-entity-test.jar:?]
	at org.ofbiz.entity.GenericDelegator.access$000(GenericDelegator.java:87) [ofbiz-entity-test.jar:?]
	at org.ofbiz.entity.GenericDelegator$1.call(GenericDelegator.java:297) [ofbiz-entity-test.jar:?]
	at org.ofbiz.entity.GenericDelegator$1.call(GenericDelegator.java:295) [ofbiz-entity-test.jar:?]
	at java.util.concurrent.FutureTask.run(FutureTask.java:266) [?:1.8.0_91]
	at java.util.concurrent.ScheduledThreadPoolExecutor$ScheduledFutureTask.access$201(ScheduledThreadPoolExecutor.java:180) [?:1.8.0_91]
	at java.util.concurrent.ScheduledThreadPoolExecutor$ScheduledFutureTask.run(ScheduledThreadPoolExecutor.java:293) [?:1.8.0_91]
	at java.util.concurrent.ThreadPoolExecutor.runWorker(ThreadPoolExecutor.java:1142) [?:1.8.0_91]
	at java.util.concurrent.ThreadPoolExecutor$Worker.run(ThreadPoolExecutor.java:617) [?:1.8.0_91]
	at java.lang.Thread.run(Thread.java:745) [?:1.8.0_91]
2016-10-11 23:20:29,058 |OFBiz-config-0       |DatabaseUtil                  |E| Unable to establish a connection with the database for helperName [localposttenant]... Error was: org.ofbiz.entity.GenericEntityException: org.postgresql.Driver (org.postgresql.Driver)
2016-10-11 23:20:29,058 |OFBiz-config-0       |DatabaseUtil                  |E| Unable to establish a connection with the database, no additional information available.
2016-10-11 23:20:29,058 |OFBiz-config-0       |DatabaseUtil                  |E| Could not get table name information from the database, aborting.
2016-10-11 23:20:29,059 |OFBiz-config-2       |DatabaseUtil                  |E| Unable to establish a connection with the database for helperName [localpostnew]... Error was: org.ofbiz.entity.GenericEntityException: Cached loader got a known bad class name: org.postgresql.Driver (Cached loader got a known bad class name: org.postgresql.Driver)
2016-10-11 23:20:29,059 |OFBiz-config-2       |DatabaseUtil                  |E| Unable to establish a connection with the database, no additional information available.
2016-10-11 23:20:29,059 |OFBiz-config-2       |DatabaseUtil                  |E| Could not get table name information from the database, aborting.
2016-10-11 23:20:29,059 |OFBiz-config-1       |DBCPConnectionFactory         |E| null
java.lang.ClassNotFoundException: Cached loader got a known bad class name: org.postgresql.Driver
	at org.ofbiz.base.util.CachedClassLoader.loadClass(CachedClassLoader.java:182) ~[ofbiz-base.jar:?]
	at org.ofbiz.base.util.CachedClassLoader.loadClass(CachedClassLoader.java:162) ~[ofbiz-base.jar:?]
	at java.lang.Class.forName0(Native Method) ~[?:1.8.0_91]
	at java.lang.Class.forName(Class.java:348) ~[?:1.8.0_91]
	at org.ofbiz.entity.connection.DBCPConnectionFactory.getConnection(DBCPConnectionFactory.java:87) [ofbiz-entity-test.jar:?]
	at org.ofbiz.entity.jdbc.ConnectionFactory.getManagedConnection(ConnectionFactory.java:121) [ofbiz-entity-test.jar:?]
	at org.ofbiz.geronimo.GeronimoTransactionFactory.getConnection(GeronimoTransactionFactory.java:83) [ofbiz-geronimo.jar:?]
	at org.ofbiz.entity.transaction.TransactionFactory.getConnection(TransactionFactory.java:82) [ofbiz-entity-test.jar:?]
	at org.ofbiz.entity.jdbc.ConnectionFactory.getConnection(ConnectionFactory.java:97) [ofbiz-entity-test.jar:?]
	at org.ofbiz.entity.jdbc.DatabaseUtil.getConnection(DatabaseUtil.java:135) [ofbiz-entity-test.jar:?]
	at org.ofbiz.entity.jdbc.DatabaseUtil.getConnectionLogged(DatabaseUtil.java:155) [ofbiz-entity-test.jar:?]
	at org.ofbiz.entity.jdbc.DatabaseUtil.getTableNames(DatabaseUtil.java:977) [ofbiz-entity-test.jar:?]
	at org.ofbiz.entity.jdbc.DatabaseUtil.checkDb(DatabaseUtil.java:189) [ofbiz-entity-test.jar:?]
	at org.ofbiz.entity.jdbc.DatabaseUtil.checkDb(DatabaseUtil.java:178) [ofbiz-entity-test.jar:?]
	at org.ofbiz.entity.datasource.GenericDAO.checkDb(GenericDAO.java:1235) [ofbiz-entity-test.jar:?]
	at org.ofbiz.entity.datasource.GenericHelperDAO.checkDataSource(GenericHelperDAO.java:200) [ofbiz-entity-test.jar:?]
	at org.ofbiz.entity.GenericDelegator.initializeOneGenericHelper(GenericDelegator.java:286) [ofbiz-entity-test.jar:?]
	at org.ofbiz.entity.GenericDelegator.access$000(GenericDelegator.java:87) [ofbiz-entity-test.jar:?]
	at org.ofbiz.entity.GenericDelegator$1.call(GenericDelegator.java:297) [ofbiz-entity-test.jar:?]
	at org.ofbiz.entity.GenericDelegator$1.call(GenericDelegator.java:295) [ofbiz-entity-test.jar:?]
	at java.util.concurrent.FutureTask.run(FutureTask.java:266) [?:1.8.0_91]
	at java.util.concurrent.ScheduledThreadPoolExecutor$ScheduledFutureTask.access$201(ScheduledThreadPoolExecutor.java:180) [?:1.8.0_91]
	at java.util.concurrent.ScheduledThreadPoolExecutor$ScheduledFutureTask.run(ScheduledThreadPoolExecutor.java:293) [?:1.8.0_91]
	at java.util.concurrent.ThreadPoolExecutor.runWorker(ThreadPoolExecutor.java:1142) [?:1.8.0_91]
	at java.util.concurrent.ThreadPoolExecutor$Worker.run(ThreadPoolExecutor.java:617) [?:1.8.0_91]
	at java.lang.Thread.run(Thread.java:745) [?:1.8.0_91]
2016-10-11 23:20:29,060 |OFBiz-config-1       |DatabaseUtil                  |E| Unable to establish a connection with the database for helperName [localpostolap]... Error was: org.ofbiz.entity.GenericEntityException: Cached loader got a known bad class name: org.postgresql.Driver (Cached loader got a known bad class name: org.postgresql.Driver)
2016-10-11 23:20:29,061 |OFBiz-config-1       |DatabaseUtil                  |E| Unable to establish a connection with the database, no additional information available.
2016-10-11 23:20:29,061 |OFBiz-config-1       |DatabaseUtil                  |E| Could not get table name information from the database, aborting.
2016-10-11 23:20:30,570 |main                 |DBCPConnectionFactory         |E| null
java.lang.ClassNotFoundException: Cached loader got a known bad class name: org.postgresql.Driver
	at org.ofbiz.base.util.CachedClassLoader.loadClass(CachedClassLoader.java:182) ~[ofbiz-base.jar:?]
	at org.ofbiz.base.util.CachedClassLoader.loadClass(CachedClassLoader.java:162) ~[ofbiz-base.jar:?]
	at java.lang.Class.forName0(Native Method) ~[?:1.8.0_91]
	at java.lang.Class.forName(Class.java:348) ~[?:1.8.0_91]
	at org.ofbiz.entity.connection.DBCPConnectionFactory.getConnection(DBCPConnectionFactory.java:87) [ofbiz-entity-test.jar:?]
	at org.ofbiz.entity.jdbc.ConnectionFactory.getManagedConnection(ConnectionFactory.java:121) [ofbiz-entity-test.jar:?]
	at org.ofbiz.geronimo.GeronimoTransactionFactory.getConnection(GeronimoTransactionFactory.java:83) [ofbiz-geronimo.jar:?]
	at org.ofbiz.entity.transaction.TransactionFactory.getConnection(TransactionFactory.java:82) [ofbiz-entity-test.jar:?]
	at org.ofbiz.entity.jdbc.ConnectionFactory.getConnection(ConnectionFactory.java:97) [ofbiz-entity-test.jar:?]
	at org.ofbiz.entity.jdbc.SQLProcessor.getConnection(SQLProcessor.java:250) [ofbiz-entity-test.jar:?]
	at org.ofbiz.entity.jdbc.SQLProcessor.prepareStatement(SQLProcessor.java:356) [ofbiz-entity-test.jar:?]
	at org.ofbiz.entity.jdbc.SQLProcessor.prepareStatement(SQLProcessor.java:327) [ofbiz-entity-test.jar:?]
	at org.ofbiz.entity.datasource.GenericDAO.deleteByCondition(GenericDAO.java:1223) [ofbiz-entity-test.jar:?]
	at org.ofbiz.entity.datasource.GenericDAO.deleteByCondition(GenericDAO.java:1199) [ofbiz-entity-test.jar:?]
	at org.ofbiz.entity.datasource.GenericHelperDAO.removeByCondition(GenericHelperDAO.java:166) [ofbiz-entity-test.jar:?]
	at org.ofbiz.entity.GenericDelegator.removeByCondition(GenericDelegator.java:1140) [ofbiz-entity-test.jar:?]
	at org.ofbiz.entity.GenericDelegator.removeByAnd(GenericDelegator.java:1110) [ofbiz-entity-test.jar:?]
	at org.ofbiz.entity.GenericDelegator.removeByAnd(GenericDelegator.java:1091) [ofbiz-entity-test.jar:?]
	at org.ofbiz.entity.GenericDelegator.removeByAnd(GenericDelegator.java:1084) [ofbiz-entity-test.jar:?]
	at org.ofbiz.service.ServiceDispatcher.<init>(ServiceDispatcher.java:111) [ofbiz-service.jar:?]
	at org.ofbiz.service.ServiceDispatcher.<init>(ServiceDispatcher.java:142) [ofbiz-service.jar:?]
	at org.ofbiz.service.ServiceDispatcher.getInstance(ServiceDispatcher.java:176) [ofbiz-service.jar:?]
	at org.ofbiz.service.ServiceDispatcher.getLocalDispatcher(ServiceDispatcher.java:153) [ofbiz-service.jar:?]
	at org.ofbiz.service.GenericDispatcherFactory.createLocalDispatcher(GenericDispatcherFactory.java:40) [ofbiz-service.jar:?]
	at org.ofbiz.service.ServiceContainer.getLocalDispatcher(ServiceContainer.java:90) [ofbiz-service.jar:?]
	at org.ofbiz.entityext.EntityServiceFactory.getLocalDispatcher(EntityServiceFactory.java:34) [ofbiz-entityext.jar:?]
	at org.ofbiz.entityext.EntityServiceFactory.getDispatchContext(EntityServiceFactory.java:39) [ofbiz-entityext.jar:?]
	at org.ofbiz.entityext.eca.DelegatorEcaHandler.setDelegator(DelegatorEcaHandler.java:53) [ofbiz-entityext.jar:?]
	at org.ofbiz.entity.GenericDelegator.initEntityEcaHandler(GenericDelegator.java:333) [ofbiz-entity-test.jar:?]
	at org.ofbiz.entity.DelegatorFactory.getDelegator(DelegatorFactory.java:42) [ofbiz-entity-test.jar:?]
	at org.ofbiz.catalina.container.CatalinaContainer.init(CatalinaContainer.java:190) [ofbiz-catalina.jar:?]
	at org.ofbiz.base.container.ContainerLoader.loadContainer(ContainerLoader.java:185) [ofbiz-base.jar:?]
	at org.ofbiz.base.container.ContainerLoader.load(ContainerLoader.java:121) [ofbiz-base.jar:?]
	at org.ofbiz.base.start.Start.initStartLoaders(Start.java:273) [ofbiz.jar:?]
	at org.ofbiz.base.start.Start.init(Start.java:241) [ofbiz.jar:?]
	at org.ofbiz.base.start.Start.main(Start.java:127) [ofbiz.jar:?]
2016-10-11 23:20:30,571 |main                 |GenericDelegator              |E| Failure in removeByCondition operation for entity [ServiceSemaphore]: org.ofbiz.entity.GenericEntityException: Cached loader got a known bad class name: org.postgresql.Driver (Cached loader got a known bad class name: org.postgresql.Driver). Rolling back transaction.
org.ofbiz.entity.GenericEntityException: Cached loader got a known bad class name: org.postgresql.Driver (Cached loader got a known bad class name: org.postgresql.Driver)
	at org.ofbiz.entity.connection.DBCPConnectionFactory.getConnection(DBCPConnectionFactory.java:90) ~[ofbiz-entity-test.jar:?]
	at org.ofbiz.entity.jdbc.ConnectionFactory.getManagedConnection(ConnectionFactory.java:121) ~[ofbiz-entity-test.jar:?]
	at org.ofbiz.geronimo.GeronimoTransactionFactory.getConnection(GeronimoTransactionFactory.java:83) ~[ofbiz-geronimo.jar:?]
	at org.ofbiz.entity.transaction.TransactionFactory.getConnection(TransactionFactory.java:82) ~[ofbiz-entity-test.jar:?]
	at org.ofbiz.entity.jdbc.ConnectionFactory.getConnection(ConnectionFactory.java:97) ~[ofbiz-entity-test.jar:?]
	at org.ofbiz.entity.jdbc.SQLProcessor.getConnection(SQLProcessor.java:250) ~[ofbiz-entity-test.jar:?]
	at org.ofbiz.entity.jdbc.SQLProcessor.prepareStatement(SQLProcessor.java:356) ~[ofbiz-entity-test.jar:?]
	at org.ofbiz.entity.jdbc.SQLProcessor.prepareStatement(SQLProcessor.java:327) ~[ofbiz-entity-test.jar:?]
	at org.ofbiz.entity.datasource.GenericDAO.deleteByCondition(GenericDAO.java:1223) ~[ofbiz-entity-test.jar:?]
	at org.ofbiz.entity.datasource.GenericDAO.deleteByCondition(GenericDAO.java:1199) ~[ofbiz-entity-test.jar:?]
	at org.ofbiz.entity.datasource.GenericHelperDAO.removeByCondition(GenericHelperDAO.java:166) ~[ofbiz-entity-test.jar:?]
	at org.ofbiz.entity.GenericDelegator.removeByCondition(GenericDelegator.java:1140) [ofbiz-entity-test.jar:?]
	at org.ofbiz.entity.GenericDelegator.removeByAnd(GenericDelegator.java:1110) [ofbiz-entity-test.jar:?]
	at org.ofbiz.entity.GenericDelegator.removeByAnd(GenericDelegator.java:1091) [ofbiz-entity-test.jar:?]
	at org.ofbiz.entity.GenericDelegator.removeByAnd(GenericDelegator.java:1084) [ofbiz-entity-test.jar:?]
	at org.ofbiz.service.ServiceDispatcher.<init>(ServiceDispatcher.java:111) [ofbiz-service.jar:?]
	at org.ofbiz.service.ServiceDispatcher.<init>(ServiceDispatcher.java:142) [ofbiz-service.jar:?]
	at org.ofbiz.service.ServiceDispatcher.getInstance(ServiceDispatcher.java:176) [ofbiz-service.jar:?]
	at org.ofbiz.service.ServiceDispatcher.getLocalDispatcher(ServiceDispatcher.java:153) [ofbiz-service.jar:?]
	at org.ofbiz.service.GenericDispatcherFactory.createLocalDispatcher(GenericDispatcherFactory.java:40) [ofbiz-service.jar:?]
	at org.ofbiz.service.ServiceContainer.getLocalDispatcher(ServiceContainer.java:90) [ofbiz-service.jar:?]
	at org.ofbiz.entityext.EntityServiceFactory.getLocalDispatcher(EntityServiceFactory.java:34) [ofbiz-entityext.jar:?]
	at org.ofbiz.entityext.EntityServiceFactory.getDispatchContext(EntityServiceFactory.java:39) [ofbiz-entityext.jar:?]
	at org.ofbiz.entityext.eca.DelegatorEcaHandler.setDelegator(DelegatorEcaHandler.java:53) [ofbiz-entityext.jar:?]
	at org.ofbiz.entity.GenericDelegator.initEntityEcaHandler(GenericDelegator.java:333) [ofbiz-entity-test.jar:?]
	at org.ofbiz.entity.DelegatorFactory.getDelegator(DelegatorFactory.java:42) [ofbiz-entity-test.jar:?]
	at org.ofbiz.catalina.container.CatalinaContainer.init(CatalinaContainer.java:190) [ofbiz-catalina.jar:?]
	at org.ofbiz.base.container.ContainerLoader.loadContainer(ContainerLoader.java:185) [ofbiz-base.jar:?]
	at org.ofbiz.base.container.ContainerLoader.load(ContainerLoader.java:121) [ofbiz-base.jar:?]
	at org.ofbiz.base.start.Start.initStartLoaders(Start.java:273) [ofbiz.jar:?]
	at org.ofbiz.base.start.Start.init(Start.java:241) [ofbiz.jar:?]
	at org.ofbiz.base.start.Start.main(Start.java:127) [ofbiz.jar:?]
Caused by: java.lang.ClassNotFoundException: Cached loader got a known bad class name: org.postgresql.Driver
	at org.ofbiz.base.util.CachedClassLoader.loadClass(CachedClassLoader.java:182) ~[ofbiz-base.jar:?]
	at org.ofbiz.base.util.CachedClassLoader.loadClass(CachedClassLoader.java:162) ~[ofbiz-base.jar:?]
	at java.lang.Class.forName0(Native Method) ~[?:1.8.0_91]
	at java.lang.Class.forName(Class.java:348) ~[?:1.8.0_91]
	at org.ofbiz.entity.connection.DBCPConnectionFactory.getConnection(DBCPConnectionFactory.java:87) ~[ofbiz-entity-test.jar:?]
	... 31 more
2016-10-11 23:20:30,608 |main                 |ServiceDispatcher             |E| null
org.ofbiz.entity.GenericEntityException: org.ofbiz.entity.GenericEntityException: Cached loader got a known bad class name: org.postgresql.Driver (Cached loader got a known bad class name: org.postgresql.Driver) (Cached loader got a known bad class name: org.postgresql.Driver (Cached loader got a known bad class name: org.postgresql.Driver))
	at org.ofbiz.entity.GenericDelegator.removeByCondition(GenericDelegator.java:1156) ~[ofbiz-entity-test.jar:?]
	at org.ofbiz.entity.GenericDelegator.removeByAnd(GenericDelegator.java:1110) ~[ofbiz-entity-test.jar:?]
	at org.ofbiz.entity.GenericDelegator.removeByAnd(GenericDelegator.java:1091) ~[ofbiz-entity-test.jar:?]
	at org.ofbiz.entity.GenericDelegator.removeByAnd(GenericDelegator.java:1084) ~[ofbiz-entity-test.jar:?]
	at org.ofbiz.service.ServiceDispatcher.<init>(ServiceDispatcher.java:111) [ofbiz-service.jar:?]
	at org.ofbiz.service.ServiceDispatcher.<init>(ServiceDispatcher.java:142) [ofbiz-service.jar:?]
	at org.ofbiz.service.ServiceDispatcher.getInstance(ServiceDispatcher.java:176) [ofbiz-service.jar:?]
	at org.ofbiz.service.ServiceDispatcher.getLocalDispatcher(ServiceDispatcher.java:153) [ofbiz-service.jar:?]
	at org.ofbiz.service.GenericDispatcherFactory.createLocalDispatcher(GenericDispatcherFactory.java:40) [ofbiz-service.jar:?]
	at org.ofbiz.service.ServiceContainer.getLocalDispatcher(ServiceContainer.java:90) [ofbiz-service.jar:?]
	at org.ofbiz.entityext.EntityServiceFactory.getLocalDispatcher(EntityServiceFactory.java:34) [ofbiz-entityext.jar:?]
	at org.ofbiz.entityext.EntityServiceFactory.getDispatchContext(EntityServiceFactory.java:39) [ofbiz-entityext.jar:?]
	at org.ofbiz.entityext.eca.DelegatorEcaHandler.setDelegator(DelegatorEcaHandler.java:53) [ofbiz-entityext.jar:?]
	at org.ofbiz.entity.GenericDelegator.initEntityEcaHandler(GenericDelegator.java:333) [ofbiz-entity-test.jar:?]
	at org.ofbiz.entity.DelegatorFactory.getDelegator(DelegatorFactory.java:42) [ofbiz-entity-test.jar:?]
	at org.ofbiz.catalina.container.CatalinaContainer.init(CatalinaContainer.java:190) [ofbiz-catalina.jar:?]
	at org.ofbiz.base.container.ContainerLoader.loadContainer(ContainerLoader.java:185) [ofbiz-base.jar:?]
	at org.ofbiz.base.container.ContainerLoader.load(ContainerLoader.java:121) [ofbiz-base.jar:?]
	at org.ofbiz.base.start.Start.initStartLoaders(Start.java:273) [ofbiz.jar:?]
	at org.ofbiz.base.start.Start.init(Start.java:241) [ofbiz.jar:?]
	at org.ofbiz.base.start.Start.main(Start.java:127) [ofbiz.jar:?]
Caused by: org.ofbiz.entity.GenericEntityException: Cached loader got a known bad class name: org.postgresql.Driver (Cached loader got a known bad class name: org.postgresql.Driver)
	at org.ofbiz.entity.connection.DBCPConnectionFactory.getConnection(DBCPConnectionFactory.java:90) ~[ofbiz-entity-test.jar:?]
	at org.ofbiz.entity.jdbc.ConnectionFactory.getManagedConnection(ConnectionFactory.java:121) ~[ofbiz-entity-test.jar:?]
	at org.ofbiz.geronimo.GeronimoTransactionFactory.getConnection(GeronimoTransactionFactory.java:83) ~[ofbiz-geronimo.jar:?]
	at org.ofbiz.entity.transaction.TransactionFactory.getConnection(TransactionFactory.java:82) ~[ofbiz-entity-test.jar:?]
	at org.ofbiz.entity.jdbc.ConnectionFactory.getConnection(ConnectionFactory.java:97) ~[ofbiz-entity-test.jar:?]
	at org.ofbiz.entity.jdbc.SQLProcessor.getConnection(SQLProcessor.java:250) ~[ofbiz-entity-test.jar:?]
	at org.ofbiz.entity.jdbc.SQLProcessor.prepareStatement(SQLProcessor.java:356) ~[ofbiz-entity-test.jar:?]
	at org.ofbiz.entity.jdbc.SQLProcessor.prepareStatement(SQLProcessor.java:327) ~[ofbiz-entity-test.jar:?]
	at org.ofbiz.entity.datasource.GenericDAO.deleteByCondition(GenericDAO.java:1223) ~[ofbiz-entity-test.jar:?]
	at org.ofbiz.entity.datasource.GenericDAO.deleteByCondition(GenericDAO.java:1199) ~[ofbiz-entity-test.jar:?]
	at org.ofbiz.entity.datasource.GenericHelperDAO.removeByCondition(GenericHelperDAO.java:166) ~[ofbiz-entity-test.jar:?]
	at org.ofbiz.entity.GenericDelegator.removeByCondition(GenericDelegator.java:1140) ~[ofbiz-entity-test.jar:?]
	... 20 more
Caused by: java.lang.ClassNotFoundException: Cached loader got a known bad class name: org.postgresql.Driver
	at org.ofbiz.base.util.CachedClassLoader.loadClass(CachedClassLoader.java:182) ~[ofbiz-base.jar:?]
	at org.ofbiz.base.util.CachedClassLoader.loadClass(CachedClassLoader.java:162) ~[ofbiz-base.jar:?]
	at java.lang.Class.forName0(Native Method) ~[?:1.8.0_91]
	at java.lang.Class.forName(Class.java:348) ~[?:1.8.0_91]
	at org.ofbiz.entity.connection.DBCPConnectionFactory.getConnection(DBCPConnectionFactory.java:87) ~[ofbiz-entity-test.jar:?]
	at org.ofbiz.entity.jdbc.ConnectionFactory.getManagedConnection(ConnectionFactory.java:121) ~[ofbiz-entity-test.jar:?]
	at org.ofbiz.geronimo.GeronimoTransactionFactory.getConnection(GeronimoTransactionFactory.java:83) ~[ofbiz-geronimo.jar:?]
	at org.ofbiz.entity.transaction.TransactionFactory.getConnection(TransactionFactory.java:82) ~[ofbiz-entity-test.jar:?]
	at org.ofbiz.entity.jdbc.ConnectionFactory.getConnection(ConnectionFactory.java:97) ~[ofbiz-entity-test.jar:?]
	at org.ofbiz.entity.jdbc.SQLProcessor.getConnection(SQLProcessor.java:250) ~[ofbiz-entity-test.jar:?]
	at org.ofbiz.entity.jdbc.SQLProcessor.prepareStatement(SQLProcessor.java:356) ~[ofbiz-entity-test.jar:?]
	at org.ofbiz.entity.jdbc.SQLProcessor.prepareStatement(SQLProcessor.java:327) ~[ofbiz-entity-test.jar:?]
	at org.ofbiz.entity.datasource.GenericDAO.deleteByCondition(GenericDAO.java:1223) ~[ofbiz-entity-test.jar:?]
	at org.ofbiz.entity.datasource.GenericDAO.deleteByCondition(GenericDAO.java:1199) ~[ofbiz-entity-test.jar:?]
	at org.ofbiz.entity.datasource.GenericHelperDAO.removeByCondition(GenericHelperDAO.java:166) ~[ofbiz-entity-test.jar:?]
	at org.ofbiz.entity.GenericDelegator.removeByCondition(GenericDelegator.java:1140) ~[ofbiz-entity-test.jar:?]
	... 20 more
2016-10-11 23:20:44,888 |OFBiz-JobPoller      |DBCPConnectionFactory         |E| null
java.lang.ClassNotFoundException: Cached loader got a known bad class name: org.postgresql.Driver
	at org.ofbiz.base.util.CachedClassLoader.loadClass(CachedClassLoader.java:182) ~[ofbiz-base.jar:?]
	at org.ofbiz.base.util.CachedClassLoader.loadClass(CachedClassLoader.java:162) ~[ofbiz-base.jar:?]
	at java.lang.Class.forName0(Native Method) ~[?:1.8.0_91]
	at java.lang.Class.forName(Class.java:348) ~[?:1.8.0_91]
	at org.ofbiz.entity.connection.DBCPConnectionFactory.getConnection(DBCPConnectionFactory.java:87) [ofbiz-entity-test.jar:?]
	at org.ofbiz.entity.jdbc.ConnectionFactory.getManagedConnection(ConnectionFactory.java:121) [ofbiz-entity-test.jar:?]
	at org.ofbiz.geronimo.GeronimoTransactionFactory.getConnection(GeronimoTransactionFactory.java:83) [ofbiz-geronimo.jar:?]
	at org.ofbiz.entity.transaction.TransactionFactory.getConnection(TransactionFactory.java:82) [ofbiz-entity-test.jar:?]
	at org.ofbiz.entity.jdbc.ConnectionFactory.getConnection(ConnectionFactory.java:97) [ofbiz-entity-test.jar:?]
	at org.ofbiz.entity.jdbc.SQLProcessor.getConnection(SQLProcessor.java:250) [ofbiz-entity-test.jar:?]
	at org.ofbiz.entity.jdbc.SQLProcessor.prepareStatement(SQLProcessor.java:356) [ofbiz-entity-test.jar:?]
	at org.ofbiz.entity.datasource.GenericDAO.selectListIteratorByCondition(GenericDAO.java:774) [ofbiz-entity-test.jar:?]
	at org.ofbiz.entity.datasource.GenericHelperDAO.findListIteratorByCondition(GenericHelperDAO.java:145) [ofbiz-entity-test.jar:?]
	at org.ofbiz.entity.GenericDelegator.find(GenericDelegator.java:1688) [ofbiz-entity-test.jar:?]
	at org.ofbiz.entity.GenericDelegator.findList(GenericDelegator.java:1723) [ofbiz-entity-test.jar:?]
	at org.ofbiz.service.job.JobManager.reloadCrashedJobs(JobManager.java:294) [ofbiz-service.jar:?]
	at org.ofbiz.service.job.JobPoller$JobManagerPoller.run(JobPoller.java:223) [ofbiz-service.jar:?]
	at java.lang.Thread.run(Thread.java:745) [?:1.8.0_91]
2016-10-11 23:20:44,889 |OFBiz-JobPoller      |GenericDelegator              |E| Failure in findByCondition operation for entity [JobSandbox]: org.ofbiz.entity.GenericEntityException: Cached loader got a known bad class name: org.postgresql.Driver (Cached loader got a known bad class name: org.postgresql.Driver). Rolling back transaction.
org.ofbiz.entity.GenericEntityException: Cached loader got a known bad class name: org.postgresql.Driver (Cached loader got a known bad class name: org.postgresql.Driver)
	at org.ofbiz.entity.connection.DBCPConnectionFactory.getConnection(DBCPConnectionFactory.java:90) ~[ofbiz-entity-test.jar:?]
	at org.ofbiz.entity.jdbc.ConnectionFactory.getManagedConnection(ConnectionFactory.java:121) ~[ofbiz-entity-test.jar:?]
	at org.ofbiz.geronimo.GeronimoTransactionFactory.getConnection(GeronimoTransactionFactory.java:83) ~[ofbiz-geronimo.jar:?]
	at org.ofbiz.entity.transaction.TransactionFactory.getConnection(TransactionFactory.java:82) ~[ofbiz-entity-test.jar:?]
	at org.ofbiz.entity.jdbc.ConnectionFactory.getConnection(ConnectionFactory.java:97) ~[ofbiz-entity-test.jar:?]
	at org.ofbiz.entity.jdbc.SQLProcessor.getConnection(SQLProcessor.java:250) ~[ofbiz-entity-test.jar:?]
	at org.ofbiz.entity.jdbc.SQLProcessor.prepareStatement(SQLProcessor.java:356) ~[ofbiz-entity-test.jar:?]
	at org.ofbiz.entity.datasource.GenericDAO.selectListIteratorByCondition(GenericDAO.java:774) ~[ofbiz-entity-test.jar:?]
	at org.ofbiz.entity.datasource.GenericHelperDAO.findListIteratorByCondition(GenericHelperDAO.java:145) ~[ofbiz-entity-test.jar:?]
	at org.ofbiz.entity.GenericDelegator.find(GenericDelegator.java:1688) ~[ofbiz-entity-test.jar:?]
	at org.ofbiz.entity.GenericDelegator.findList(GenericDelegator.java:1723) [ofbiz-entity-test.jar:?]
	at org.ofbiz.service.job.JobManager.reloadCrashedJobs(JobManager.java:294) [ofbiz-service.jar:?]
	at org.ofbiz.service.job.JobPoller$JobManagerPoller.run(JobPoller.java:223) [ofbiz-service.jar:?]
	at java.lang.Thread.run(Thread.java:745) [?:1.8.0_91]
Caused by: java.lang.ClassNotFoundException: Cached loader got a known bad class name: org.postgresql.Driver
	at org.ofbiz.base.util.CachedClassLoader.loadClass(CachedClassLoader.java:182) ~[ofbiz-base.jar:?]
	at org.ofbiz.base.util.CachedClassLoader.loadClass(CachedClassLoader.java:162) ~[ofbiz-base.jar:?]
	at java.lang.Class.forName0(Native Method) ~[?:1.8.0_91]
	at java.lang.Class.forName(Class.java:348) ~[?:1.8.0_91]
	at org.ofbiz.entity.connection.DBCPConnectionFactory.getConnection(DBCPConnectionFactory.java:87) ~[ofbiz-entity-test.jar:?]
	... 13 more
2016-10-11 23:20:44,893 |OFBiz-JobPoller      |DBCPConnectionFactory         |E| null
java.lang.ClassNotFoundException: Cached loader got a known bad class name: org.postgresql.Driver
	at org.ofbiz.base.util.CachedClassLoader.loadClass(CachedClassLoader.java:182) ~[ofbiz-base.jar:?]
	at org.ofbiz.base.util.CachedClassLoader.loadClass(CachedClassLoader.java:162) ~[ofbiz-base.jar:?]
	at java.lang.Class.forName0(Native Method) ~[?:1.8.0_91]
	at java.lang.Class.forName(Class.java:348) ~[?:1.8.0_91]
	at org.ofbiz.entity.connection.DBCPConnectionFactory.getConnection(DBCPConnectionFactory.java:87) [ofbiz-entity-test.jar:?]
	at org.ofbiz.entity.jdbc.ConnectionFactory.getManagedConnection(ConnectionFactory.java:121) [ofbiz-entity-test.jar:?]
	at org.ofbiz.geronimo.GeronimoTransactionFactory.getConnection(GeronimoTransactionFactory.java:83) [ofbiz-geronimo.jar:?]
	at org.ofbiz.entity.transaction.TransactionFactory.getConnection(TransactionFactory.java:82) [ofbiz-entity-test.jar:?]
	at org.ofbiz.entity.jdbc.ConnectionFactory.getConnection(ConnectionFactory.java:97) [ofbiz-entity-test.jar:?]
	at org.ofbiz.entity.jdbc.SQLProcessor.getConnection(SQLProcessor.java:250) [ofbiz-entity-test.jar:?]
	at org.ofbiz.entity.jdbc.SQLProcessor.prepareStatement(SQLProcessor.java:356) [ofbiz-entity-test.jar:?]
	at org.ofbiz.entity.datasource.GenericDAO.selectListIteratorByCondition(GenericDAO.java:774) [ofbiz-entity-test.jar:?]
	at org.ofbiz.entity.datasource.GenericHelperDAO.findListIteratorByCondition(GenericHelperDAO.java:145) [ofbiz-entity-test.jar:?]
	at org.ofbiz.entity.GenericDelegator.find(GenericDelegator.java:1688) [ofbiz-entity-test.jar:?]
	at org.ofbiz.service.job.JobManager.poll(JobManager.java:194) [ofbiz-service.jar:?]
	at org.ofbiz.service.job.JobPoller$JobManagerPoller.run(JobPoller.java:224) [ofbiz-service.jar:?]
	at java.lang.Thread.run(Thread.java:745) [?:1.8.0_91]
2016-10-11 23:21:14,897 |OFBiz-JobPoller      |DBCPConnectionFactory         |E| null
java.lang.ClassNotFoundException: Cached loader got a known bad class name: org.postgresql.Driver
	at org.ofbiz.base.util.CachedClassLoader.loadClass(CachedClassLoader.java:182) ~[ofbiz-base.jar:?]
	at org.ofbiz.base.util.CachedClassLoader.loadClass(CachedClassLoader.java:162) ~[ofbiz-base.jar:?]
	at java.lang.Class.forName0(Native Method) ~[?:1.8.0_91]
	at java.lang.Class.forName(Class.java:348) ~[?:1.8.0_91]
	at org.ofbiz.entity.connection.DBCPConnectionFactory.getConnection(DBCPConnectionFactory.java:87) [ofbiz-entity-test.jar:?]
	at org.ofbiz.entity.jdbc.ConnectionFactory.getManagedConnection(ConnectionFactory.java:121) [ofbiz-entity-test.jar:?]
	at org.ofbiz.geronimo.GeronimoTransactionFactory.getConnection(GeronimoTransactionFactory.java:83) [ofbiz-geronimo.jar:?]
	at org.ofbiz.entity.transaction.TransactionFactory.getConnection(TransactionFactory.java:82) [ofbiz-entity-test.jar:?]
	at org.ofbiz.entity.jdbc.ConnectionFactory.getConnection(ConnectionFactory.java:97) [ofbiz-entity-test.jar:?]
	at org.ofbiz.entity.jdbc.SQLProcessor.getConnection(SQLProcessor.java:250) [ofbiz-entity-test.jar:?]
	at org.ofbiz.entity.jdbc.SQLProcessor.prepareStatement(SQLProcessor.java:356) [ofbiz-entity-test.jar:?]
	at org.ofbiz.entity.datasource.GenericDAO.selectListIteratorByCondition(GenericDAO.java:774) [ofbiz-entity-test.jar:?]
	at org.ofbiz.entity.datasource.GenericHelperDAO.findListIteratorByCondition(GenericHelperDAO.java:145) [ofbiz-entity-test.jar:?]
	at org.ofbiz.entity.GenericDelegator.find(GenericDelegator.java:1688) [ofbiz-entity-test.jar:?]
	at org.ofbiz.service.job.JobManager.poll(JobManager.java:194) [ofbiz-service.jar:?]
	at org.ofbiz.service.job.JobPoller$JobManagerPoller.run(JobPoller.java:224) [ofbiz-service.jar:?]
	at java.lang.Thread.run(Thread.java:745) [?:1.8.0_91]
2016-10-11 23:21:44,900 |OFBiz-JobPoller      |DBCPConnectionFactory         |E| null
java.lang.ClassNotFoundException: Cached loader got a known bad class name: org.postgresql.Driver
	at org.ofbiz.base.util.CachedClassLoader.loadClass(CachedClassLoader.java:182) ~[ofbiz-base.jar:?]
	at org.ofbiz.base.util.CachedClassLoader.loadClass(CachedClassLoader.java:162) ~[ofbiz-base.jar:?]
	at java.lang.Class.forName0(Native Method) ~[?:1.8.0_91]
	at java.lang.Class.forName(Class.java:348) ~[?:1.8.0_91]
	at org.ofbiz.entity.connection.DBCPConnectionFactory.getConnection(DBCPConnectionFactory.java:87) [ofbiz-entity-test.jar:?]
	at org.ofbiz.entity.jdbc.ConnectionFactory.getManagedConnection(ConnectionFactory.java:121) [ofbiz-entity-test.jar:?]
	at org.ofbiz.geronimo.GeronimoTransactionFactory.getConnection(GeronimoTransactionFactory.java:83) [ofbiz-geronimo.jar:?]
	at org.ofbiz.entity.transaction.TransactionFactory.getConnection(TransactionFactory.java:82) [ofbiz-entity-test.jar:?]
	at org.ofbiz.entity.jdbc.ConnectionFactory.getConnection(ConnectionFactory.java:97) [ofbiz-entity-test.jar:?]
	at org.ofbiz.entity.jdbc.SQLProcessor.getConnection(SQLProcessor.java:250) [ofbiz-entity-test.jar:?]
	at org.ofbiz.entity.jdbc.SQLProcessor.prepareStatement(SQLProcessor.java:356) [ofbiz-entity-test.jar:?]
	at org.ofbiz.entity.datasource.GenericDAO.selectListIteratorByCondition(GenericDAO.java:774) [ofbiz-entity-test.jar:?]
	at org.ofbiz.entity.datasource.GenericHelperDAO.findListIteratorByCondition(GenericHelperDAO.java:145) [ofbiz-entity-test.jar:?]
	at org.ofbiz.entity.GenericDelegator.find(GenericDelegator.java:1688) [ofbiz-entity-test.jar:?]
	at org.ofbiz.service.job.JobManager.poll(JobManager.java:194) [ofbiz-service.jar:?]
	at org.ofbiz.service.job.JobPoller$JobManagerPoller.run(JobPoller.java:224) [ofbiz-service.jar:?]
	at java.lang.Thread.run(Thread.java:745) [?:1.8.0_91]
2016-10-11 23:22:14,904 |OFBiz-JobPoller      |DBCPConnectionFactory         |E| null
java.lang.ClassNotFoundException: Cached loader got a known bad class name: org.postgresql.Driver
	at org.ofbiz.base.util.CachedClassLoader.loadClass(CachedClassLoader.java:182) ~[ofbiz-base.jar:?]
	at org.ofbiz.base.util.CachedClassLoader.loadClass(CachedClassLoader.java:162) ~[ofbiz-base.jar:?]
	at java.lang.Class.forName0(Native Method) ~[?:1.8.0_91]
	at java.lang.Class.forName(Class.java:348) ~[?:1.8.0_91]
	at org.ofbiz.entity.connection.DBCPConnectionFactory.getConnection(DBCPConnectionFactory.java:87) [ofbiz-entity-test.jar:?]
	at org.ofbiz.entity.jdbc.ConnectionFactory.getManagedConnection(ConnectionFactory.java:121) [ofbiz-entity-test.jar:?]
	at org.ofbiz.geronimo.GeronimoTransactionFactory.getConnection(GeronimoTransactionFactory.java:83) [ofbiz-geronimo.jar:?]
	at org.ofbiz.entity.transaction.TransactionFactory.getConnection(TransactionFactory.java:82) [ofbiz-entity-test.jar:?]
	at org.ofbiz.entity.jdbc.ConnectionFactory.getConnection(ConnectionFactory.java:97) [ofbiz-entity-test.jar:?]
	at org.ofbiz.entity.jdbc.SQLProcessor.getConnection(SQLProcessor.java:250) [ofbiz-entity-test.jar:?]
	at org.ofbiz.entity.jdbc.SQLProcessor.prepareStatement(SQLProcessor.java:356) [ofbiz-entity-test.jar:?]
	at org.ofbiz.entity.datasource.GenericDAO.selectListIteratorByCondition(GenericDAO.java:774) [ofbiz-entity-test.jar:?]
	at org.ofbiz.entity.datasource.GenericHelperDAO.findListIteratorByCondition(GenericHelperDAO.java:145) [ofbiz-entity-test.jar:?]
	at org.ofbiz.entity.GenericDelegator.find(GenericDelegator.java:1688) [ofbiz-entity-test.jar:?]
	at org.ofbiz.service.job.JobManager.poll(JobManager.java:194) [ofbiz-service.jar:?]
	at org.ofbiz.service.job.JobPoller$JobManagerPoller.run(JobPoller.java:224) [ofbiz-service.jar:?]
	at java.lang.Thread.run(Thread.java:745) [?:1.8.0_91]
2016-10-11 23:22:44,907 |OFBiz-JobPoller      |DBCPConnectionFactory         |E| null
java.lang.ClassNotFoundException: Cached loader got a known bad class name: org.postgresql.Driver
	at org.ofbiz.base.util.CachedClassLoader.loadClass(CachedClassLoader.java:182) ~[ofbiz-base.jar:?]
	at org.ofbiz.base.util.CachedClassLoader.loadClass(CachedClassLoader.java:162) ~[ofbiz-base.jar:?]
	at java.lang.Class.forName0(Native Method) ~[?:1.8.0_91]
	at java.lang.Class.forName(Class.java:348) ~[?:1.8.0_91]
	at org.ofbiz.entity.connection.DBCPConnectionFactory.getConnection(DBCPConnectionFactory.java:87) [ofbiz-entity-test.jar:?]
	at org.ofbiz.entity.jdbc.ConnectionFactory.getManagedConnection(ConnectionFactory.java:121) [ofbiz-entity-test.jar:?]
	at org.ofbiz.geronimo.GeronimoTransactionFactory.getConnection(GeronimoTransactionFactory.java:83) [ofbiz-geronimo.jar:?]
	at org.ofbiz.entity.transaction.TransactionFactory.getConnection(TransactionFactory.java:82) [ofbiz-entity-test.jar:?]
	at org.ofbiz.entity.jdbc.ConnectionFactory.getConnection(ConnectionFactory.java:97) [ofbiz-entity-test.jar:?]
	at org.ofbiz.entity.jdbc.SQLProcessor.getConnection(SQLProcessor.java:250) [ofbiz-entity-test.jar:?]
	at org.ofbiz.entity.jdbc.SQLProcessor.prepareStatement(SQLProcessor.java:356) [ofbiz-entity-test.jar:?]
	at org.ofbiz.entity.datasource.GenericDAO.selectListIteratorByCondition(GenericDAO.java:774) [ofbiz-entity-test.jar:?]
	at org.ofbiz.entity.datasource.GenericHelperDAO.findListIteratorByCondition(GenericHelperDAO.java:145) [ofbiz-entity-test.jar:?]
	at org.ofbiz.entity.GenericDelegator.find(GenericDelegator.java:1688) [ofbiz-entity-test.jar:?]
	at org.ofbiz.service.job.JobManager.poll(JobManager.java:194) [ofbiz-service.jar:?]
	at org.ofbiz.service.job.JobPoller$JobManagerPoller.run(JobPoller.java:224) [ofbiz-service.jar:?]
	at java.lang.Thread.run(Thread.java:745) [?:1.8.0_91]
2016-10-11 23:23:14,911 |OFBiz-JobPoller      |DBCPConnectionFactory         |E| null
java.lang.ClassNotFoundException: Cached loader got a known bad class name: org.postgresql.Driver
	at org.ofbiz.base.util.CachedClassLoader.loadClass(CachedClassLoader.java:182) ~[ofbiz-base.jar:?]
	at org.ofbiz.base.util.CachedClassLoader.loadClass(CachedClassLoader.java:162) ~[ofbiz-base.jar:?]
	at java.lang.Class.forName0(Native Method) ~[?:1.8.0_91]
	at java.lang.Class.forName(Class.java:348) ~[?:1.8.0_91]
	at org.ofbiz.entity.connection.DBCPConnectionFactory.getConnection(DBCPConnectionFactory.java:87) [ofbiz-entity-test.jar:?]
	at org.ofbiz.entity.jdbc.ConnectionFactory.getManagedConnection(ConnectionFactory.java:121) [ofbiz-entity-test.jar:?]
	at org.ofbiz.geronimo.GeronimoTransactionFactory.getConnection(GeronimoTransactionFactory.java:83) [ofbiz-geronimo.jar:?]
	at org.ofbiz.entity.transaction.TransactionFactory.getConnection(TransactionFactory.java:82) [ofbiz-entity-test.jar:?]
	at org.ofbiz.entity.jdbc.ConnectionFactory.getConnection(ConnectionFactory.java:97) [ofbiz-entity-test.jar:?]
	at org.ofbiz.entity.jdbc.SQLProcessor.getConnection(SQLProcessor.java:250) [ofbiz-entity-test.jar:?]
	at org.ofbiz.entity.jdbc.SQLProcessor.prepareStatement(SQLProcessor.java:356) [ofbiz-entity-test.jar:?]
	at org.ofbiz.entity.datasource.GenericDAO.selectListIteratorByCondition(GenericDAO.java:774) [ofbiz-entity-test.jar:?]
	at org.ofbiz.entity.datasource.GenericHelperDAO.findListIteratorByCondition(GenericHelperDAO.java:145) [ofbiz-entity-test.jar:?]
	at org.ofbiz.entity.GenericDelegator.find(GenericDelegator.java:1688) [ofbiz-entity-test.jar:?]
	at org.ofbiz.service.job.JobManager.poll(JobManager.java:194) [ofbiz-service.jar:?]
	at org.ofbiz.service.job.JobPoller$JobManagerPoller.run(JobPoller.java:224) [ofbiz-service.jar:?]
	at java.lang.Thread.run(Thread.java:745) [?:1.8.0_91]
2016-10-11 23:23:44,914 |OFBiz-JobPoller      |DBCPConnectionFactory         |E| null
java.lang.ClassNotFoundException: Cached loader got a known bad class name: org.postgresql.Driver
	at org.ofbiz.base.util.CachedClassLoader.loadClass(CachedClassLoader.java:182) ~[ofbiz-base.jar:?]
	at org.ofbiz.base.util.CachedClassLoader.loadClass(CachedClassLoader.java:162) ~[ofbiz-base.jar:?]
	at java.lang.Class.forName0(Native Method) ~[?:1.8.0_91]
	at java.lang.Class.forName(Class.java:348) ~[?:1.8.0_91]
	at org.ofbiz.entity.connection.DBCPConnectionFactory.getConnection(DBCPConnectionFactory.java:87) [ofbiz-entity-test.jar:?]
	at org.ofbiz.entity.jdbc.ConnectionFactory.getManagedConnection(ConnectionFactory.java:121) [ofbiz-entity-test.jar:?]
	at org.ofbiz.geronimo.GeronimoTransactionFactory.getConnection(GeronimoTransactionFactory.java:83) [ofbiz-geronimo.jar:?]
	at org.ofbiz.entity.transaction.TransactionFactory.getConnection(TransactionFactory.java:82) [ofbiz-entity-test.jar:?]
	at org.ofbiz.entity.jdbc.ConnectionFactory.getConnection(ConnectionFactory.java:97) [ofbiz-entity-test.jar:?]
	at org.ofbiz.entity.jdbc.SQLProcessor.getConnection(SQLProcessor.java:250) [ofbiz-entity-test.jar:?]
	at org.ofbiz.entity.jdbc.SQLProcessor.prepareStatement(SQLProcessor.java:356) [ofbiz-entity-test.jar:?]
	at org.ofbiz.entity.datasource.GenericDAO.selectListIteratorByCondition(GenericDAO.java:774) [ofbiz-entity-test.jar:?]
	at org.ofbiz.entity.datasource.GenericHelperDAO.findListIteratorByCondition(GenericHelperDAO.java:145) [ofbiz-entity-test.jar:?]
	at org.ofbiz.entity.GenericDelegator.find(GenericDelegator.java:1688) [ofbiz-entity-test.jar:?]
	at org.ofbiz.service.job.JobManager.poll(JobManager.java:194) [ofbiz-service.jar:?]
	at org.ofbiz.service.job.JobPoller$JobManagerPoller.run(JobPoller.java:224) [ofbiz-service.jar:?]
	at java.lang.Thread.run(Thread.java:745) [?:1.8.0_91]
2016-10-11 23:24:14,917 |OFBiz-JobPoller      |DBCPConnectionFactory         |E| null
java.lang.ClassNotFoundException: Cached loader got a known bad class name: org.postgresql.Driver
	at org.ofbiz.base.util.CachedClassLoader.loadClass(CachedClassLoader.java:182) ~[ofbiz-base.jar:?]
	at org.ofbiz.base.util.CachedClassLoader.loadClass(CachedClassLoader.java:162) ~[ofbiz-base.jar:?]
	at java.lang.Class.forName0(Native Method) ~[?:1.8.0_91]
	at java.lang.Class.forName(Class.java:348) ~[?:1.8.0_91]
	at org.ofbiz.entity.connection.DBCPConnectionFactory.getConnection(DBCPConnectionFactory.java:87) [ofbiz-entity-test.jar:?]
	at org.ofbiz.entity.jdbc.ConnectionFactory.getManagedConnection(ConnectionFactory.java:121) [ofbiz-entity-test.jar:?]
	at org.ofbiz.geronimo.GeronimoTransactionFactory.getConnection(GeronimoTransactionFactory.java:83) [ofbiz-geronimo.jar:?]
	at org.ofbiz.entity.transaction.TransactionFactory.getConnection(TransactionFactory.java:82) [ofbiz-entity-test.jar:?]
	at org.ofbiz.entity.jdbc.ConnectionFactory.getConnection(ConnectionFactory.java:97) [ofbiz-entity-test.jar:?]
	at org.ofbiz.entity.jdbc.SQLProcessor.getConnection(SQLProcessor.java:250) [ofbiz-entity-test.jar:?]
	at org.ofbiz.entity.jdbc.SQLProcessor.prepareStatement(SQLProcessor.java:356) [ofbiz-entity-test.jar:?]
	at org.ofbiz.entity.datasource.GenericDAO.selectListIteratorByCondition(GenericDAO.java:774) [ofbiz-entity-test.jar:?]
	at org.ofbiz.entity.datasource.GenericHelperDAO.findListIteratorByCondition(GenericHelperDAO.java:145) [ofbiz-entity-test.jar:?]
	at org.ofbiz.entity.GenericDelegator.find(GenericDelegator.java:1688) [ofbiz-entity-test.jar:?]
	at org.ofbiz.service.job.JobManager.poll(JobManager.java:194) [ofbiz-service.jar:?]
	at org.ofbiz.service.job.JobPoller$JobManagerPoller.run(JobPoller.java:224) [ofbiz-service.jar:?]
	at java.lang.Thread.run(Thread.java:745) [?:1.8.0_91]
2016-10-11 23:24:44,920 |OFBiz-JobPoller      |DBCPConnectionFactory         |E| null
java.lang.ClassNotFoundException: Cached loader got a known bad class name: org.postgresql.Driver
	at org.ofbiz.base.util.CachedClassLoader.loadClass(CachedClassLoader.java:182) ~[ofbiz-base.jar:?]
	at org.ofbiz.base.util.CachedClassLoader.loadClass(CachedClassLoader.java:162) ~[ofbiz-base.jar:?]
	at java.lang.Class.forName0(Native Method) ~[?:1.8.0_91]
	at java.lang.Class.forName(Class.java:348) ~[?:1.8.0_91]
	at org.ofbiz.entity.connection.DBCPConnectionFactory.getConnection(DBCPConnectionFactory.java:87) [ofbiz-entity-test.jar:?]
	at org.ofbiz.entity.jdbc.ConnectionFactory.getManagedConnection(ConnectionFactory.java:121) [ofbiz-entity-test.jar:?]
	at org.ofbiz.geronimo.GeronimoTransactionFactory.getConnection(GeronimoTransactionFactory.java:83) [ofbiz-geronimo.jar:?]
	at org.ofbiz.entity.transaction.TransactionFactory.getConnection(TransactionFactory.java:82) [ofbiz-entity-test.jar:?]
	at org.ofbiz.entity.jdbc.ConnectionFactory.getConnection(ConnectionFactory.java:97) [ofbiz-entity-test.jar:?]
	at org.ofbiz.entity.jdbc.SQLProcessor.getConnection(SQLProcessor.java:250) [ofbiz-entity-test.jar:?]
	at org.ofbiz.entity.jdbc.SQLProcessor.prepareStatement(SQLProcessor.java:356) [ofbiz-entity-test.jar:?]
	at org.ofbiz.entity.datasource.GenericDAO.selectListIteratorByCondition(GenericDAO.java:774) [ofbiz-entity-test.jar:?]
	at org.ofbiz.entity.datasource.GenericHelperDAO.findListIteratorByCondition(GenericHelperDAO.java:145) [ofbiz-entity-test.jar:?]
	at org.ofbiz.entity.GenericDelegator.find(GenericDelegator.java:1688) [ofbiz-entity-test.jar:?]
	at org.ofbiz.service.job.JobManager.poll(JobManager.java:194) [ofbiz-service.jar:?]
	at org.ofbiz.service.job.JobPoller$JobManagerPoller.run(JobPoller.java:224) [ofbiz-service.jar:?]
	at java.lang.Thread.run(Thread.java:745) [?:1.8.0_91]
2016-10-11 23:25:14,923 |OFBiz-JobPoller      |DBCPConnectionFactory         |E| null
java.lang.ClassNotFoundException: Cached loader got a known bad class name: org.postgresql.Driver
	at org.ofbiz.base.util.CachedClassLoader.loadClass(CachedClassLoader.java:182) ~[ofbiz-base.jar:?]
	at org.ofbiz.base.util.CachedClassLoader.loadClass(CachedClassLoader.java:162) ~[ofbiz-base.jar:?]
	at java.lang.Class.forName0(Native Method) ~[?:1.8.0_91]
	at java.lang.Class.forName(Class.java:348) ~[?:1.8.0_91]
	at org.ofbiz.entity.connection.DBCPConnectionFactory.getConnection(DBCPConnectionFactory.java:87) [ofbiz-entity-test.jar:?]
	at org.ofbiz.entity.jdbc.ConnectionFactory.getManagedConnection(ConnectionFactory.java:121) [ofbiz-entity-test.jar:?]
	at org.ofbiz.geronimo.GeronimoTransactionFactory.getConnection(GeronimoTransactionFactory.java:83) [ofbiz-geronimo.jar:?]
	at org.ofbiz.entity.transaction.TransactionFactory.getConnection(TransactionFactory.java:82) [ofbiz-entity-test.jar:?]
	at org.ofbiz.entity.jdbc.ConnectionFactory.getConnection(ConnectionFactory.java:97) [ofbiz-entity-test.jar:?]
	at org.ofbiz.entity.jdbc.SQLProcessor.getConnection(SQLProcessor.java:250) [ofbiz-entity-test.jar:?]
	at org.ofbiz.entity.jdbc.SQLProcessor.prepareStatement(SQLProcessor.java:356) [ofbiz-entity-test.jar:?]
	at org.ofbiz.entity.datasource.GenericDAO.selectListIteratorByCondition(GenericDAO.java:774) [ofbiz-entity-test.jar:?]
	at org.ofbiz.entity.datasource.GenericHelperDAO.findListIteratorByCondition(GenericHelperDAO.java:145) [ofbiz-entity-test.jar:?]
	at org.ofbiz.entity.GenericDelegator.find(GenericDelegator.java:1688) [ofbiz-entity-test.jar:?]
	at org.ofbiz.service.job.JobManager.poll(JobManager.java:194) [ofbiz-service.jar:?]
	at org.ofbiz.service.job.JobPoller$JobManagerPoller.run(JobPoller.java:224) [ofbiz-service.jar:?]
	at java.lang.Thread.run(Thread.java:745) [?:1.8.0_91]
2016-10-11 23:25:44,926 |OFBiz-JobPoller      |DBCPConnectionFactory         |E| null
java.lang.ClassNotFoundException: Cached loader got a known bad class name: org.postgresql.Driver
	at org.ofbiz.base.util.CachedClassLoader.loadClass(CachedClassLoader.java:182) ~[ofbiz-base.jar:?]
	at org.ofbiz.base.util.CachedClassLoader.loadClass(CachedClassLoader.java:162) ~[ofbiz-base.jar:?]
	at java.lang.Class.forName0(Native Method) ~[?:1.8.0_91]
	at java.lang.Class.forName(Class.java:348) ~[?:1.8.0_91]
	at org.ofbiz.entity.connection.DBCPConnectionFactory.getConnection(DBCPConnectionFactory.java:87) [ofbiz-entity-test.jar:?]
	at org.ofbiz.entity.jdbc.ConnectionFactory.getManagedConnection(ConnectionFactory.java:121) [ofbiz-entity-test.jar:?]
	at org.ofbiz.geronimo.GeronimoTransactionFactory.getConnection(GeronimoTransactionFactory.java:83) [ofbiz-geronimo.jar:?]
	at org.ofbiz.entity.transaction.TransactionFactory.getConnection(TransactionFactory.java:82) [ofbiz-entity-test.jar:?]
	at org.ofbiz.entity.jdbc.ConnectionFactory.getConnection(ConnectionFactory.java:97) [ofbiz-entity-test.jar:?]
	at org.ofbiz.entity.jdbc.SQLProcessor.getConnection(SQLProcessor.java:250) [ofbiz-entity-test.jar:?]
	at org.ofbiz.entity.jdbc.SQLProcessor.prepareStatement(SQLProcessor.java:356) [ofbiz-entity-test.jar:?]
	at org.ofbiz.entity.datasource.GenericDAO.selectListIteratorByCondition(GenericDAO.java:774) [ofbiz-entity-test.jar:?]
	at org.ofbiz.entity.datasource.GenericHelperDAO.findListIteratorByCondition(GenericHelperDAO.java:145) [ofbiz-entity-test.jar:?]
	at org.ofbiz.entity.GenericDelegator.find(GenericDelegator.java:1688) [ofbiz-entity-test.jar:?]
	at org.ofbiz.service.job.JobManager.poll(JobManager.java:194) [ofbiz-service.jar:?]
	at org.ofbiz.service.job.JobPoller$JobManagerPoller.run(JobPoller.java:224) [ofbiz-service.jar:?]
	at java.lang.Thread.run(Thread.java:745) [?:1.8.0_91]
2016-10-11 23:26:14,930 |OFBiz-JobPoller      |DBCPConnectionFactory         |E| null
java.lang.ClassNotFoundException: Cached loader got a known bad class name: org.postgresql.Driver
	at org.ofbiz.base.util.CachedClassLoader.loadClass(CachedClassLoader.java:182) ~[ofbiz-base.jar:?]
	at org.ofbiz.base.util.CachedClassLoader.loadClass(CachedClassLoader.java:162) ~[ofbiz-base.jar:?]
	at java.lang.Class.forName0(Native Method) ~[?:1.8.0_91]
	at java.lang.Class.forName(Class.java:348) ~[?:1.8.0_91]
	at org.ofbiz.entity.connection.DBCPConnectionFactory.getConnection(DBCPConnectionFactory.java:87) [ofbiz-entity-test.jar:?]
	at org.ofbiz.entity.jdbc.ConnectionFactory.getManagedConnection(ConnectionFactory.java:121) [ofbiz-entity-test.jar:?]
	at org.ofbiz.geronimo.GeronimoTransactionFactory.getConnection(GeronimoTransactionFactory.java:83) [ofbiz-geronimo.jar:?]
	at org.ofbiz.entity.transaction.TransactionFactory.getConnection(TransactionFactory.java:82) [ofbiz-entity-test.jar:?]
	at org.ofbiz.entity.jdbc.ConnectionFactory.getConnection(ConnectionFactory.java:97) [ofbiz-entity-test.jar:?]
	at org.ofbiz.entity.jdbc.SQLProcessor.getConnection(SQLProcessor.java:250) [ofbiz-entity-test.jar:?]
	at org.ofbiz.entity.jdbc.SQLProcessor.prepareStatement(SQLProcessor.java:356) [ofbiz-entity-test.jar:?]
	at org.ofbiz.entity.datasource.GenericDAO.selectListIteratorByCondition(GenericDAO.java:774) [ofbiz-entity-test.jar:?]
	at org.ofbiz.entity.datasource.GenericHelperDAO.findListIteratorByCondition(GenericHelperDAO.java:145) [ofbiz-entity-test.jar:?]
	at org.ofbiz.entity.GenericDelegator.find(GenericDelegator.java:1688) [ofbiz-entity-test.jar:?]
	at org.ofbiz.service.job.JobManager.poll(JobManager.java:194) [ofbiz-service.jar:?]
	at org.ofbiz.service.job.JobPoller$JobManagerPoller.run(JobPoller.java:224) [ofbiz-service.jar:?]
	at java.lang.Thread.run(Thread.java:745) [?:1.8.0_91]
2016-10-11 23:26:44,934 |OFBiz-JobPoller      |DBCPConnectionFactory         |E| null
java.lang.ClassNotFoundException: Cached loader got a known bad class name: org.postgresql.Driver
	at org.ofbiz.base.util.CachedClassLoader.loadClass(CachedClassLoader.java:182) ~[ofbiz-base.jar:?]
	at org.ofbiz.base.util.CachedClassLoader.loadClass(CachedClassLoader.java:162) ~[ofbiz-base.jar:?]
	at java.lang.Class.forName0(Native Method) ~[?:1.8.0_91]
	at java.lang.Class.forName(Class.java:348) ~[?:1.8.0_91]
	at org.ofbiz.entity.connection.DBCPConnectionFactory.getConnection(DBCPConnectionFactory.java:87) [ofbiz-entity-test.jar:?]
	at org.ofbiz.entity.jdbc.ConnectionFactory.getManagedConnection(ConnectionFactory.java:121) [ofbiz-entity-test.jar:?]
	at org.ofbiz.geronimo.GeronimoTransactionFactory.getConnection(GeronimoTransactionFactory.java:83) [ofbiz-geronimo.jar:?]
	at org.ofbiz.entity.transaction.TransactionFactory.getConnection(TransactionFactory.java:82) [ofbiz-entity-test.jar:?]
	at org.ofbiz.entity.jdbc.ConnectionFactory.getConnection(ConnectionFactory.java:97) [ofbiz-entity-test.jar:?]
	at org.ofbiz.entity.jdbc.SQLProcessor.getConnection(SQLProcessor.java:250) [ofbiz-entity-test.jar:?]
	at org.ofbiz.entity.jdbc.SQLProcessor.prepareStatement(SQLProcessor.java:356) [ofbiz-entity-test.jar:?]
	at org.ofbiz.entity.datasource.GenericDAO.selectListIteratorByCondition(GenericDAO.java:774) [ofbiz-entity-test.jar:?]
	at org.ofbiz.entity.datasource.GenericHelperDAO.findListIteratorByCondition(GenericHelperDAO.java:145) [ofbiz-entity-test.jar:?]
	at org.ofbiz.entity.GenericDelegator.find(GenericDelegator.java:1688) [ofbiz-entity-test.jar:?]
	at org.ofbiz.service.job.JobManager.poll(JobManager.java:194) [ofbiz-service.jar:?]
	at org.ofbiz.service.job.JobPoller$JobManagerPoller.run(JobPoller.java:224) [ofbiz-service.jar:?]
	at java.lang.Thread.run(Thread.java:745) [?:1.8.0_91]
2016-10-11 23:27:14,937 |OFBiz-JobPoller      |DBCPConnectionFactory         |E| null
java.lang.ClassNotFoundException: Cached loader got a known bad class name: org.postgresql.Driver
	at org.ofbiz.base.util.CachedClassLoader.loadClass(CachedClassLoader.java:182) ~[ofbiz-base.jar:?]
	at org.ofbiz.base.util.CachedClassLoader.loadClass(CachedClassLoader.java:162) ~[ofbiz-base.jar:?]
	at java.lang.Class.forName0(Native Method) ~[?:1.8.0_91]
	at java.lang.Class.forName(Class.java:348) ~[?:1.8.0_91]
	at org.ofbiz.entity.connection.DBCPConnectionFactory.getConnection(DBCPConnectionFactory.java:87) [ofbiz-entity-test.jar:?]
	at org.ofbiz.entity.jdbc.ConnectionFactory.getManagedConnection(ConnectionFactory.java:121) [ofbiz-entity-test.jar:?]
	at org.ofbiz.geronimo.GeronimoTransactionFactory.getConnection(GeronimoTransactionFactory.java:83) [ofbiz-geronimo.jar:?]
	at org.ofbiz.entity.transaction.TransactionFactory.getConnection(TransactionFactory.java:82) [ofbiz-entity-test.jar:?]
	at org.ofbiz.entity.jdbc.ConnectionFactory.getConnection(ConnectionFactory.java:97) [ofbiz-entity-test.jar:?]
	at org.ofbiz.entity.jdbc.SQLProcessor.getConnection(SQLProcessor.java:250) [ofbiz-entity-test.jar:?]
	at org.ofbiz.entity.jdbc.SQLProcessor.prepareStatement(SQLProcessor.java:356) [ofbiz-entity-test.jar:?]
	at org.ofbiz.entity.datasource.GenericDAO.selectListIteratorByCondition(GenericDAO.java:774) [ofbiz-entity-test.jar:?]
	at org.ofbiz.entity.datasource.GenericHelperDAO.findListIteratorByCondition(GenericHelperDAO.java:145) [ofbiz-entity-test.jar:?]
	at org.ofbiz.entity.GenericDelegator.find(GenericDelegator.java:1688) [ofbiz-entity-test.jar:?]
	at org.ofbiz.service.job.JobManager.poll(JobManager.java:194) [ofbiz-service.jar:?]
	at org.ofbiz.service.job.JobPoller$JobManagerPoller.run(JobPoller.java:224) [ofbiz-service.jar:?]
	at java.lang.Thread.run(Thread.java:745) [?:1.8.0_91]
2016-10-11 23:27:44,946 |OFBiz-JobPoller      |DBCPConnectionFactory         |E| null
java.lang.ClassNotFoundException: Cached loader got a known bad class name: org.postgresql.Driver
	at org.ofbiz.base.util.CachedClassLoader.loadClass(CachedClassLoader.java:182) ~[ofbiz-base.jar:?]
	at org.ofbiz.base.util.CachedClassLoader.loadClass(CachedClassLoader.java:162) ~[ofbiz-base.jar:?]
	at java.lang.Class.forName0(Native Method) ~[?:1.8.0_91]
	at java.lang.Class.forName(Class.java:348) ~[?:1.8.0_91]
	at org.ofbiz.entity.connection.DBCPConnectionFactory.getConnection(DBCPConnectionFactory.java:87) [ofbiz-entity-test.jar:?]
	at org.ofbiz.entity.jdbc.ConnectionFactory.getManagedConnection(ConnectionFactory.java:121) [ofbiz-entity-test.jar:?]
	at org.ofbiz.geronimo.GeronimoTransactionFactory.getConnection(GeronimoTransactionFactory.java:83) [ofbiz-geronimo.jar:?]
	at org.ofbiz.entity.transaction.TransactionFactory.getConnection(TransactionFactory.java:82) [ofbiz-entity-test.jar:?]
	at org.ofbiz.entity.jdbc.ConnectionFactory.getConnection(ConnectionFactory.java:97) [ofbiz-entity-test.jar:?]
	at org.ofbiz.entity.jdbc.SQLProcessor.getConnection(SQLProcessor.java:250) [ofbiz-entity-test.jar:?]
	at org.ofbiz.entity.jdbc.SQLProcessor.prepareStatement(SQLProcessor.java:356) [ofbiz-entity-test.jar:?]
	at org.ofbiz.entity.datasource.GenericDAO.selectListIteratorByCondition(GenericDAO.java:774) [ofbiz-entity-test.jar:?]
	at org.ofbiz.entity.datasource.GenericHelperDAO.findListIteratorByCondition(GenericHelperDAO.java:145) [ofbiz-entity-test.jar:?]
	at org.ofbiz.entity.GenericDelegator.find(GenericDelegator.java:1688) [ofbiz-entity-test.jar:?]
	at org.ofbiz.service.job.JobManager.poll(JobManager.java:194) [ofbiz-service.jar:?]
	at org.ofbiz.service.job.JobPoller$JobManagerPoller.run(JobPoller.java:224) [ofbiz-service.jar:?]
	at java.lang.Thread.run(Thread.java:745) [?:1.8.0_91]
2016-10-11 23:28:14,953 |OFBiz-JobPoller      |DBCPConnectionFactory         |E| null
java.lang.ClassNotFoundException: Cached loader got a known bad class name: org.postgresql.Driver
	at org.ofbiz.base.util.CachedClassLoader.loadClass(CachedClassLoader.java:182) ~[ofbiz-base.jar:?]
	at org.ofbiz.base.util.CachedClassLoader.loadClass(CachedClassLoader.java:162) ~[ofbiz-base.jar:?]
	at java.lang.Class.forName0(Native Method) ~[?:1.8.0_91]
	at java.lang.Class.forName(Class.java:348) ~[?:1.8.0_91]
	at org.ofbiz.entity.connection.DBCPConnectionFactory.getConnection(DBCPConnectionFactory.java:87) [ofbiz-entity-test.jar:?]
	at org.ofbiz.entity.jdbc.ConnectionFactory.getManagedConnection(ConnectionFactory.java:121) [ofbiz-entity-test.jar:?]
	at org.ofbiz.geronimo.GeronimoTransactionFactory.getConnection(GeronimoTransactionFactory.java:83) [ofbiz-geronimo.jar:?]
	at org.ofbiz.entity.transaction.TransactionFactory.getConnection(TransactionFactory.java:82) [ofbiz-entity-test.jar:?]
	at org.ofbiz.entity.jdbc.ConnectionFactory.getConnection(ConnectionFactory.java:97) [ofbiz-entity-test.jar:?]
	at org.ofbiz.entity.jdbc.SQLProcessor.getConnection(SQLProcessor.java:250) [ofbiz-entity-test.jar:?]
	at org.ofbiz.entity.jdbc.SQLProcessor.prepareStatement(SQLProcessor.java:356) [ofbiz-entity-test.jar:?]
	at org.ofbiz.entity.datasource.GenericDAO.selectListIteratorByCondition(GenericDAO.java:774) [ofbiz-entity-test.jar:?]
	at org.ofbiz.entity.datasource.GenericHelperDAO.findListIteratorByCondition(GenericHelperDAO.java:145) [ofbiz-entity-test.jar:?]
	at org.ofbiz.entity.GenericDelegator.find(GenericDelegator.java:1688) [ofbiz-entity-test.jar:?]
	at org.ofbiz.service.job.JobManager.poll(JobManager.java:194) [ofbiz-service.jar:?]
	at org.ofbiz.service.job.JobPoller$JobManagerPoller.run(JobPoller.java:224) [ofbiz-service.jar:?]
	at java.lang.Thread.run(Thread.java:745) [?:1.8.0_91]
2016-10-11 23:28:44,956 |OFBiz-JobPoller      |DBCPConnectionFactory         |E| null
java.lang.ClassNotFoundException: Cached loader got a known bad class name: org.postgresql.Driver
	at org.ofbiz.base.util.CachedClassLoader.loadClass(CachedClassLoader.java:182) ~[ofbiz-base.jar:?]
	at org.ofbiz.base.util.CachedClassLoader.loadClass(CachedClassLoader.java:162) ~[ofbiz-base.jar:?]
	at java.lang.Class.forName0(Native Method) ~[?:1.8.0_91]
	at java.lang.Class.forName(Class.java:348) ~[?:1.8.0_91]
	at org.ofbiz.entity.connection.DBCPConnectionFactory.getConnection(DBCPConnectionFactory.java:87) [ofbiz-entity-test.jar:?]
	at org.ofbiz.entity.jdbc.ConnectionFactory.getManagedConnection(ConnectionFactory.java:121) [ofbiz-entity-test.jar:?]
	at org.ofbiz.geronimo.GeronimoTransactionFactory.getConnection(GeronimoTransactionFactory.java:83) [ofbiz-geronimo.jar:?]
	at org.ofbiz.entity.transaction.TransactionFactory.getConnection(TransactionFactory.java:82) [ofbiz-entity-test.jar:?]
	at org.ofbiz.entity.jdbc.ConnectionFactory.getConnection(ConnectionFactory.java:97) [ofbiz-entity-test.jar:?]
	at org.ofbiz.entity.jdbc.SQLProcessor.getConnection(SQLProcessor.java:250) [ofbiz-entity-test.jar:?]
	at org.ofbiz.entity.jdbc.SQLProcessor.prepareStatement(SQLProcessor.java:356) [ofbiz-entity-test.jar:?]
	at org.ofbiz.entity.datasource.GenericDAO.selectListIteratorByCondition(GenericDAO.java:774) [ofbiz-entity-test.jar:?]
	at org.ofbiz.entity.datasource.GenericHelperDAO.findListIteratorByCondition(GenericHelperDAO.java:145) [ofbiz-entity-test.jar:?]
	at org.ofbiz.entity.GenericDelegator.find(GenericDelegator.java:1688) [ofbiz-entity-test.jar:?]
	at org.ofbiz.service.job.JobManager.poll(JobManager.java:194) [ofbiz-service.jar:?]
	at org.ofbiz.service.job.JobPoller$JobManagerPoller.run(JobPoller.java:224) [ofbiz-service.jar:?]
	at java.lang.Thread.run(Thread.java:745) [?:1.8.0_91]
2016-10-11 23:29:14,961 |OFBiz-JobPoller      |DBCPConnectionFactory         |E| null
java.lang.ClassNotFoundException: Cached loader got a known bad class name: org.postgresql.Driver
	at org.ofbiz.base.util.CachedClassLoader.loadClass(CachedClassLoader.java:182) ~[ofbiz-base.jar:?]
	at org.ofbiz.base.util.CachedClassLoader.loadClass(CachedClassLoader.java:162) ~[ofbiz-base.jar:?]
	at java.lang.Class.forName0(Native Method) ~[?:1.8.0_91]
	at java.lang.Class.forName(Class.java:348) ~[?:1.8.0_91]
	at org.ofbiz.entity.connection.DBCPConnectionFactory.getConnection(DBCPConnectionFactory.java:87) [ofbiz-entity-test.jar:?]
	at org.ofbiz.entity.jdbc.ConnectionFactory.getManagedConnection(ConnectionFactory.java:121) [ofbiz-entity-test.jar:?]
	at org.ofbiz.geronimo.GeronimoTransactionFactory.getConnection(GeronimoTransactionFactory.java:83) [ofbiz-geronimo.jar:?]
	at org.ofbiz.entity.transaction.TransactionFactory.getConnection(TransactionFactory.java:82) [ofbiz-entity-test.jar:?]
	at org.ofbiz.entity.jdbc.ConnectionFactory.getConnection(ConnectionFactory.java:97) [ofbiz-entity-test.jar:?]
	at org.ofbiz.entity.jdbc.SQLProcessor.getConnection(SQLProcessor.java:250) [ofbiz-entity-test.jar:?]
	at org.ofbiz.entity.jdbc.SQLProcessor.prepareStatement(SQLProcessor.java:356) [ofbiz-entity-test.jar:?]
	at org.ofbiz.entity.datasource.GenericDAO.selectListIteratorByCondition(GenericDAO.java:774) [ofbiz-entity-test.jar:?]
	at org.ofbiz.entity.datasource.GenericHelperDAO.findListIteratorByCondition(GenericHelperDAO.java:145) [ofbiz-entity-test.jar:?]
	at org.ofbiz.entity.GenericDelegator.find(GenericDelegator.java:1688) [ofbiz-entity-test.jar:?]
	at org.ofbiz.service.job.JobManager.poll(JobManager.java:194) [ofbiz-service.jar:?]
	at org.ofbiz.service.job.JobPoller$JobManagerPoller.run(JobPoller.java:224) [ofbiz-service.jar:?]
	at java.lang.Thread.run(Thread.java:745) [?:1.8.0_91]
2016-10-11 23:29:44,964 |OFBiz-JobPoller      |DBCPConnectionFactory         |E| null
java.lang.ClassNotFoundException: Cached loader got a known bad class name: org.postgresql.Driver
	at org.ofbiz.base.util.CachedClassLoader.loadClass(CachedClassLoader.java:182) ~[ofbiz-base.jar:?]
	at org.ofbiz.base.util.CachedClassLoader.loadClass(CachedClassLoader.java:162) ~[ofbiz-base.jar:?]
	at java.lang.Class.forName0(Native Method) ~[?:1.8.0_91]
	at java.lang.Class.forName(Class.java:348) ~[?:1.8.0_91]
	at org.ofbiz.entity.connection.DBCPConnectionFactory.getConnection(DBCPConnectionFactory.java:87) [ofbiz-entity-test.jar:?]
	at org.ofbiz.entity.jdbc.ConnectionFactory.getManagedConnection(ConnectionFactory.java:121) [ofbiz-entity-test.jar:?]
	at org.ofbiz.geronimo.GeronimoTransactionFactory.getConnection(GeronimoTransactionFactory.java:83) [ofbiz-geronimo.jar:?]
	at org.ofbiz.entity.transaction.TransactionFactory.getConnection(TransactionFactory.java:82) [ofbiz-entity-test.jar:?]
	at org.ofbiz.entity.jdbc.ConnectionFactory.getConnection(ConnectionFactory.java:97) [ofbiz-entity-test.jar:?]
	at org.ofbiz.entity.jdbc.SQLProcessor.getConnection(SQLProcessor.java:250) [ofbiz-entity-test.jar:?]
	at org.ofbiz.entity.jdbc.SQLProcessor.prepareStatement(SQLProcessor.java:356) [ofbiz-entity-test.jar:?]
	at org.ofbiz.entity.datasource.GenericDAO.selectListIteratorByCondition(GenericDAO.java:774) [ofbiz-entity-test.jar:?]
	at org.ofbiz.entity.datasource.GenericHelperDAO.findListIteratorByCondition(GenericHelperDAO.java:145) [ofbiz-entity-test.jar:?]
	at org.ofbiz.entity.GenericDelegator.find(GenericDelegator.java:1688) [ofbiz-entity-test.jar:?]
	at org.ofbiz.service.job.JobManager.poll(JobManager.java:194) [ofbiz-service.jar:?]
	at org.ofbiz.service.job.JobPoller$JobManagerPoller.run(JobPoller.java:224) [ofbiz-service.jar:?]
	at java.lang.Thread.run(Thread.java:745) [?:1.8.0_91]
2016-10-11 23:30:14,967 |OFBiz-JobPoller      |DBCPConnectionFactory         |E| null
java.lang.ClassNotFoundException: Cached loader got a known bad class name: org.postgresql.Driver
	at org.ofbiz.base.util.CachedClassLoader.loadClass(CachedClassLoader.java:182) ~[ofbiz-base.jar:?]
	at org.ofbiz.base.util.CachedClassLoader.loadClass(CachedClassLoader.java:162) ~[ofbiz-base.jar:?]
	at java.lang.Class.forName0(Native Method) ~[?:1.8.0_91]
	at java.lang.Class.forName(Class.java:348) ~[?:1.8.0_91]
	at org.ofbiz.entity.connection.DBCPConnectionFactory.getConnection(DBCPConnectionFactory.java:87) [ofbiz-entity-test.jar:?]
	at org.ofbiz.entity.jdbc.ConnectionFactory.getManagedConnection(ConnectionFactory.java:121) [ofbiz-entity-test.jar:?]
	at org.ofbiz.geronimo.GeronimoTransactionFactory.getConnection(GeronimoTransactionFactory.java:83) [ofbiz-geronimo.jar:?]
	at org.ofbiz.entity.transaction.TransactionFactory.getConnection(TransactionFactory.java:82) [ofbiz-entity-test.jar:?]
	at org.ofbiz.entity.jdbc.ConnectionFactory.getConnection(ConnectionFactory.java:97) [ofbiz-entity-test.jar:?]
	at org.ofbiz.entity.jdbc.SQLProcessor.getConnection(SQLProcessor.java:250) [ofbiz-entity-test.jar:?]
	at org.ofbiz.entity.jdbc.SQLProcessor.prepareStatement(SQLProcessor.java:356) [ofbiz-entity-test.jar:?]
	at org.ofbiz.entity.datasource.GenericDAO.selectListIteratorByCondition(GenericDAO.java:774) [ofbiz-entity-test.jar:?]
	at org.ofbiz.entity.datasource.GenericHelperDAO.findListIteratorByCondition(GenericHelperDAO.java:145) [ofbiz-entity-test.jar:?]
	at org.ofbiz.entity.GenericDelegator.find(GenericDelegator.java:1688) [ofbiz-entity-test.jar:?]
	at org.ofbiz.service.job.JobManager.poll(JobManager.java:194) [ofbiz-service.jar:?]
	at org.ofbiz.service.job.JobPoller$JobManagerPoller.run(JobPoller.java:224) [ofbiz-service.jar:?]
	at java.lang.Thread.run(Thread.java:745) [?:1.8.0_91]
2016-10-11 23:30:44,970 |OFBiz-JobPoller      |DBCPConnectionFactory         |E| null
java.lang.ClassNotFoundException: Cached loader got a known bad class name: org.postgresql.Driver
	at org.ofbiz.base.util.CachedClassLoader.loadClass(CachedClassLoader.java:182) ~[ofbiz-base.jar:?]
	at org.ofbiz.base.util.CachedClassLoader.loadClass(CachedClassLoader.java:162) ~[ofbiz-base.jar:?]
	at java.lang.Class.forName0(Native Method) ~[?:1.8.0_91]
	at java.lang.Class.forName(Class.java:348) ~[?:1.8.0_91]
	at org.ofbiz.entity.connection.DBCPConnectionFactory.getConnection(DBCPConnectionFactory.java:87) [ofbiz-entity-test.jar:?]
	at org.ofbiz.entity.jdbc.ConnectionFactory.getManagedConnection(ConnectionFactory.java:121) [ofbiz-entity-test.jar:?]
	at org.ofbiz.geronimo.GeronimoTransactionFactory.getConnection(GeronimoTransactionFactory.java:83) [ofbiz-geronimo.jar:?]
	at org.ofbiz.entity.transaction.TransactionFactory.getConnection(TransactionFactory.java:82) [ofbiz-entity-test.jar:?]
	at org.ofbiz.entity.jdbc.ConnectionFactory.getConnection(ConnectionFactory.java:97) [ofbiz-entity-test.jar:?]
	at org.ofbiz.entity.jdbc.SQLProcessor.getConnection(SQLProcessor.java:250) [ofbiz-entity-test.jar:?]
	at org.ofbiz.entity.jdbc.SQLProcessor.prepareStatement(SQLProcessor.java:356) [ofbiz-entity-test.jar:?]
	at org.ofbiz.entity.datasource.GenericDAO.selectListIteratorByCondition(GenericDAO.java:774) [ofbiz-entity-test.jar:?]
	at org.ofbiz.entity.datasource.GenericHelperDAO.findListIteratorByCondition(GenericHelperDAO.java:145) [ofbiz-entity-test.jar:?]
	at org.ofbiz.entity.GenericDelegator.find(GenericDelegator.java:1688) [ofbiz-entity-test.jar:?]
	at org.ofbiz.service.job.JobManager.poll(JobManager.java:194) [ofbiz-service.jar:?]
	at org.ofbiz.service.job.JobPoller$JobManagerPoller.run(JobPoller.java:224) [ofbiz-service.jar:?]
	at java.lang.Thread.run(Thread.java:745) [?:1.8.0_91]
2016-10-11 23:31:14,974 |OFBiz-JobPoller      |DBCPConnectionFactory         |E| null
java.lang.ClassNotFoundException: Cached loader got a known bad class name: org.postgresql.Driver
	at org.ofbiz.base.util.CachedClassLoader.loadClass(CachedClassLoader.java:182) ~[ofbiz-base.jar:?]
	at org.ofbiz.base.util.CachedClassLoader.loadClass(CachedClassLoader.java:162) ~[ofbiz-base.jar:?]
	at java.lang.Class.forName0(Native Method) ~[?:1.8.0_91]
	at java.lang.Class.forName(Class.java:348) ~[?:1.8.0_91]
	at org.ofbiz.entity.connection.DBCPConnectionFactory.getConnection(DBCPConnectionFactory.java:87) [ofbiz-entity-test.jar:?]
	at org.ofbiz.entity.jdbc.ConnectionFactory.getManagedConnection(ConnectionFactory.java:121) [ofbiz-entity-test.jar:?]
	at org.ofbiz.geronimo.GeronimoTransactionFactory.getConnection(GeronimoTransactionFactory.java:83) [ofbiz-geronimo.jar:?]
	at org.ofbiz.entity.transaction.TransactionFactory.getConnection(TransactionFactory.java:82) [ofbiz-entity-test.jar:?]
	at org.ofbiz.entity.jdbc.ConnectionFactory.getConnection(ConnectionFactory.java:97) [ofbiz-entity-test.jar:?]
	at org.ofbiz.entity.jdbc.SQLProcessor.getConnection(SQLProcessor.java:250) [ofbiz-entity-test.jar:?]
	at org.ofbiz.entity.jdbc.SQLProcessor.prepareStatement(SQLProcessor.java:356) [ofbiz-entity-test.jar:?]
	at org.ofbiz.entity.datasource.GenericDAO.selectListIteratorByCondition(GenericDAO.java:774) [ofbiz-entity-test.jar:?]
	at org.ofbiz.entity.datasource.GenericHelperDAO.findListIteratorByCondition(GenericHelperDAO.java:145) [ofbiz-entity-test.jar:?]
	at org.ofbiz.entity.GenericDelegator.find(GenericDelegator.java:1688) [ofbiz-entity-test.jar:?]
	at org.ofbiz.service.job.JobManager.poll(JobManager.java:194) [ofbiz-service.jar:?]
	at org.ofbiz.service.job.JobPoller$JobManagerPoller.run(JobPoller.java:224) [ofbiz-service.jar:?]
	at java.lang.Thread.run(Thread.java:745) [?:1.8.0_91]
2016-10-11 23:31:44,979 |OFBiz-JobPoller      |DBCPConnectionFactory         |E| null
java.lang.ClassNotFoundException: Cached loader got a known bad class name: org.postgresql.Driver
	at org.ofbiz.base.util.CachedClassLoader.loadClass(CachedClassLoader.java:182) ~[ofbiz-base.jar:?]
	at org.ofbiz.base.util.CachedClassLoader.loadClass(CachedClassLoader.java:162) ~[ofbiz-base.jar:?]
	at java.lang.Class.forName0(Native Method) ~[?:1.8.0_91]
	at java.lang.Class.forName(Class.java:348) ~[?:1.8.0_91]
	at org.ofbiz.entity.connection.DBCPConnectionFactory.getConnection(DBCPConnectionFactory.java:87) [ofbiz-entity-test.jar:?]
	at org.ofbiz.entity.jdbc.ConnectionFactory.getManagedConnection(ConnectionFactory.java:121) [ofbiz-entity-test.jar:?]
	at org.ofbiz.geronimo.GeronimoTransactionFactory.getConnection(GeronimoTransactionFactory.java:83) [ofbiz-geronimo.jar:?]
	at org.ofbiz.entity.transaction.TransactionFactory.getConnection(TransactionFactory.java:82) [ofbiz-entity-test.jar:?]
	at org.ofbiz.entity.jdbc.ConnectionFactory.getConnection(ConnectionFactory.java:97) [ofbiz-entity-test.jar:?]
	at org.ofbiz.entity.jdbc.SQLProcessor.getConnection(SQLProcessor.java:250) [ofbiz-entity-test.jar:?]
	at org.ofbiz.entity.jdbc.SQLProcessor.prepareStatement(SQLProcessor.java:356) [ofbiz-entity-test.jar:?]
	at org.ofbiz.entity.datasource.GenericDAO.selectListIteratorByCondition(GenericDAO.java:774) [ofbiz-entity-test.jar:?]
	at org.ofbiz.entity.datasource.GenericHelperDAO.findListIteratorByCondition(GenericHelperDAO.java:145) [ofbiz-entity-test.jar:?]
	at org.ofbiz.entity.GenericDelegator.find(GenericDelegator.java:1688) [ofbiz-entity-test.jar:?]
	at org.ofbiz.service.job.JobManager.poll(JobManager.java:194) [ofbiz-service.jar:?]
	at org.ofbiz.service.job.JobPoller$JobManagerPoller.run(JobPoller.java:224) [ofbiz-service.jar:?]
	at java.lang.Thread.run(Thread.java:745) [?:1.8.0_91]
2016-10-11 23:32:14,982 |OFBiz-JobPoller      |DBCPConnectionFactory         |E| null
java.lang.ClassNotFoundException: Cached loader got a known bad class name: org.postgresql.Driver
	at org.ofbiz.base.util.CachedClassLoader.loadClass(CachedClassLoader.java:182) ~[ofbiz-base.jar:?]
	at org.ofbiz.base.util.CachedClassLoader.loadClass(CachedClassLoader.java:162) ~[ofbiz-base.jar:?]
	at java.lang.Class.forName0(Native Method) ~[?:1.8.0_91]
	at java.lang.Class.forName(Class.java:348) ~[?:1.8.0_91]
	at org.ofbiz.entity.connection.DBCPConnectionFactory.getConnection(DBCPConnectionFactory.java:87) [ofbiz-entity-test.jar:?]
	at org.ofbiz.entity.jdbc.ConnectionFactory.getManagedConnection(ConnectionFactory.java:121) [ofbiz-entity-test.jar:?]
	at org.ofbiz.geronimo.GeronimoTransactionFactory.getConnection(GeronimoTransactionFactory.java:83) [ofbiz-geronimo.jar:?]
	at org.ofbiz.entity.transaction.TransactionFactory.getConnection(TransactionFactory.java:82) [ofbiz-entity-test.jar:?]
	at org.ofbiz.entity.jdbc.ConnectionFactory.getConnection(ConnectionFactory.java:97) [ofbiz-entity-test.jar:?]
	at org.ofbiz.entity.jdbc.SQLProcessor.getConnection(SQLProcessor.java:250) [ofbiz-entity-test.jar:?]
	at org.ofbiz.entity.jdbc.SQLProcessor.prepareStatement(SQLProcessor.java:356) [ofbiz-entity-test.jar:?]
	at org.ofbiz.entity.datasource.GenericDAO.selectListIteratorByCondition(GenericDAO.java:774) [ofbiz-entity-test.jar:?]
	at org.ofbiz.entity.datasource.GenericHelperDAO.findListIteratorByCondition(GenericHelperDAO.java:145) [ofbiz-entity-test.jar:?]
	at org.ofbiz.entity.GenericDelegator.find(GenericDelegator.java:1688) [ofbiz-entity-test.jar:?]
	at org.ofbiz.service.job.JobManager.poll(JobManager.java:194) [ofbiz-service.jar:?]
	at org.ofbiz.service.job.JobPoller$JobManagerPoller.run(JobPoller.java:224) [ofbiz-service.jar:?]
	at java.lang.Thread.run(Thread.java:745) [?:1.8.0_91]
2016-10-11 23:32:44,985 |OFBiz-JobPoller      |DBCPConnectionFactory         |E| null
java.lang.ClassNotFoundException: Cached loader got a known bad class name: org.postgresql.Driver
	at org.ofbiz.base.util.CachedClassLoader.loadClass(CachedClassLoader.java:182) ~[ofbiz-base.jar:?]
	at org.ofbiz.base.util.CachedClassLoader.loadClass(CachedClassLoader.java:162) ~[ofbiz-base.jar:?]
	at java.lang.Class.forName0(Native Method) ~[?:1.8.0_91]
	at java.lang.Class.forName(Class.java:348) ~[?:1.8.0_91]
	at org.ofbiz.entity.connection.DBCPConnectionFactory.getConnection(DBCPConnectionFactory.java:87) [ofbiz-entity-test.jar:?]
	at org.ofbiz.entity.jdbc.ConnectionFactory.getManagedConnection(ConnectionFactory.java:121) [ofbiz-entity-test.jar:?]
	at org.ofbiz.geronimo.GeronimoTransactionFactory.getConnection(GeronimoTransactionFactory.java:83) [ofbiz-geronimo.jar:?]
	at org.ofbiz.entity.transaction.TransactionFactory.getConnection(TransactionFactory.java:82) [ofbiz-entity-test.jar:?]
	at org.ofbiz.entity.jdbc.ConnectionFactory.getConnection(ConnectionFactory.java:97) [ofbiz-entity-test.jar:?]
	at org.ofbiz.entity.jdbc.SQLProcessor.getConnection(SQLProcessor.java:250) [ofbiz-entity-test.jar:?]
	at org.ofbiz.entity.jdbc.SQLProcessor.prepareStatement(SQLProcessor.java:356) [ofbiz-entity-test.jar:?]
	at org.ofbiz.entity.datasource.GenericDAO.selectListIteratorByCondition(GenericDAO.java:774) [ofbiz-entity-test.jar:?]
	at org.ofbiz.entity.datasource.GenericHelperDAO.findListIteratorByCondition(GenericHelperDAO.java:145) [ofbiz-entity-test.jar:?]
	at org.ofbiz.entity.GenericDelegator.find(GenericDelegator.java:1688) [ofbiz-entity-test.jar:?]
	at org.ofbiz.service.job.JobManager.poll(JobManager.java:194) [ofbiz-service.jar:?]
	at org.ofbiz.service.job.JobPoller$JobManagerPoller.run(JobPoller.java:224) [ofbiz-service.jar:?]
	at java.lang.Thread.run(Thread.java:745) [?:1.8.0_91]
2016-10-11 23:33:14,989 |OFBiz-JobPoller      |DBCPConnectionFactory         |E| null
java.lang.ClassNotFoundException: Cached loader got a known bad class name: org.postgresql.Driver
	at org.ofbiz.base.util.CachedClassLoader.loadClass(CachedClassLoader.java:182) ~[ofbiz-base.jar:?]
	at org.ofbiz.base.util.CachedClassLoader.loadClass(CachedClassLoader.java:162) ~[ofbiz-base.jar:?]
	at java.lang.Class.forName0(Native Method) ~[?:1.8.0_91]
	at java.lang.Class.forName(Class.java:348) ~[?:1.8.0_91]
	at org.ofbiz.entity.connection.DBCPConnectionFactory.getConnection(DBCPConnectionFactory.java:87) [ofbiz-entity-test.jar:?]
	at org.ofbiz.entity.jdbc.ConnectionFactory.getManagedConnection(ConnectionFactory.java:121) [ofbiz-entity-test.jar:?]
	at org.ofbiz.geronimo.GeronimoTransactionFactory.getConnection(GeronimoTransactionFactory.java:83) [ofbiz-geronimo.jar:?]
	at org.ofbiz.entity.transaction.TransactionFactory.getConnection(TransactionFactory.java:82) [ofbiz-entity-test.jar:?]
	at org.ofbiz.entity.jdbc.ConnectionFactory.getConnection(ConnectionFactory.java:97) [ofbiz-entity-test.jar:?]
	at org.ofbiz.entity.jdbc.SQLProcessor.getConnection(SQLProcessor.java:250) [ofbiz-entity-test.jar:?]
	at org.ofbiz.entity.jdbc.SQLProcessor.prepareStatement(SQLProcessor.java:356) [ofbiz-entity-test.jar:?]
	at org.ofbiz.entity.datasource.GenericDAO.selectListIteratorByCondition(GenericDAO.java:774) [ofbiz-entity-test.jar:?]
	at org.ofbiz.entity.datasource.GenericHelperDAO.findListIteratorByCondition(GenericHelperDAO.java:145) [ofbiz-entity-test.jar:?]
	at org.ofbiz.entity.GenericDelegator.find(GenericDelegator.java:1688) [ofbiz-entity-test.jar:?]
	at org.ofbiz.service.job.JobManager.poll(JobManager.java:194) [ofbiz-service.jar:?]
	at org.ofbiz.service.job.JobPoller$JobManagerPoller.run(JobPoller.java:224) [ofbiz-service.jar:?]
	at java.lang.Thread.run(Thread.java:745) [?:1.8.0_91]
2016-10-11 23:33:44,993 |OFBiz-JobPoller      |DBCPConnectionFactory         |E| null
java.lang.ClassNotFoundException: Cached loader got a known bad class name: org.postgresql.Driver
	at org.ofbiz.base.util.CachedClassLoader.loadClass(CachedClassLoader.java:182) ~[ofbiz-base.jar:?]
	at org.ofbiz.base.util.CachedClassLoader.loadClass(CachedClassLoader.java:162) ~[ofbiz-base.jar:?]
	at java.lang.Class.forName0(Native Method) ~[?:1.8.0_91]
	at java.lang.Class.forName(Class.java:348) ~[?:1.8.0_91]
	at org.ofbiz.entity.connection.DBCPConnectionFactory.getConnection(DBCPConnectionFactory.java:87) [ofbiz-entity-test.jar:?]
	at org.ofbiz.entity.jdbc.ConnectionFactory.getManagedConnection(ConnectionFactory.java:121) [ofbiz-entity-test.jar:?]
	at org.ofbiz.geronimo.GeronimoTransactionFactory.getConnection(GeronimoTransactionFactory.java:83) [ofbiz-geronimo.jar:?]
	at org.ofbiz.entity.transaction.TransactionFactory.getConnection(TransactionFactory.java:82) [ofbiz-entity-test.jar:?]
	at org.ofbiz.entity.jdbc.ConnectionFactory.getConnection(ConnectionFactory.java:97) [ofbiz-entity-test.jar:?]
	at org.ofbiz.entity.jdbc.SQLProcessor.getConnection(SQLProcessor.java:250) [ofbiz-entity-test.jar:?]
	at org.ofbiz.entity.jdbc.SQLProcessor.prepareStatement(SQLProcessor.java:356) [ofbiz-entity-test.jar:?]
	at org.ofbiz.entity.datasource.GenericDAO.selectListIteratorByCondition(GenericDAO.java:774) [ofbiz-entity-test.jar:?]
	at org.ofbiz.entity.datasource.GenericHelperDAO.findListIteratorByCondition(GenericHelperDAO.java:145) [ofbiz-entity-test.jar:?]
	at org.ofbiz.entity.GenericDelegator.find(GenericDelegator.java:1688) [ofbiz-entity-test.jar:?]
	at org.ofbiz.service.job.JobManager.poll(JobManager.java:194) [ofbiz-service.jar:?]
	at org.ofbiz.service.job.JobPoller$JobManagerPoller.run(JobPoller.java:224) [ofbiz-service.jar:?]
	at java.lang.Thread.run(Thread.java:745) [?:1.8.0_91]
2016-10-11 23:34:14,996 |OFBiz-JobPoller      |DBCPConnectionFactory         |E| null
java.lang.ClassNotFoundException: Cached loader got a known bad class name: org.postgresql.Driver
	at org.ofbiz.base.util.CachedClassLoader.loadClass(CachedClassLoader.java:182) ~[ofbiz-base.jar:?]
	at org.ofbiz.base.util.CachedClassLoader.loadClass(CachedClassLoader.java:162) ~[ofbiz-base.jar:?]
	at java.lang.Class.forName0(Native Method) ~[?:1.8.0_91]
	at java.lang.Class.forName(Class.java:348) ~[?:1.8.0_91]
	at org.ofbiz.entity.connection.DBCPConnectionFactory.getConnection(DBCPConnectionFactory.java:87) [ofbiz-entity-test.jar:?]
	at org.ofbiz.entity.jdbc.ConnectionFactory.getManagedConnection(ConnectionFactory.java:121) [ofbiz-entity-test.jar:?]
	at org.ofbiz.geronimo.GeronimoTransactionFactory.getConnection(GeronimoTransactionFactory.java:83) [ofbiz-geronimo.jar:?]
	at org.ofbiz.entity.transaction.TransactionFactory.getConnection(TransactionFactory.java:82) [ofbiz-entity-test.jar:?]
	at org.ofbiz.entity.jdbc.ConnectionFactory.getConnection(ConnectionFactory.java:97) [ofbiz-entity-test.jar:?]
	at org.ofbiz.entity.jdbc.SQLProcessor.getConnection(SQLProcessor.java:250) [ofbiz-entity-test.jar:?]
	at org.ofbiz.entity.jdbc.SQLProcessor.prepareStatement(SQLProcessor.java:356) [ofbiz-entity-test.jar:?]
	at org.ofbiz.entity.datasource.GenericDAO.selectListIteratorByCondition(GenericDAO.java:774) [ofbiz-entity-test.jar:?]
	at org.ofbiz.entity.datasource.GenericHelperDAO.findListIteratorByCondition(GenericHelperDAO.java:145) [ofbiz-entity-test.jar:?]
	at org.ofbiz.entity.GenericDelegator.find(GenericDelegator.java:1688) [ofbiz-entity-test.jar:?]
	at org.ofbiz.service.job.JobManager.poll(JobManager.java:194) [ofbiz-service.jar:?]
	at org.ofbiz.service.job.JobPoller$JobManagerPoller.run(JobPoller.java:224) [ofbiz-service.jar:?]
	at java.lang.Thread.run(Thread.java:745) [?:1.8.0_91]
2016-10-11 23:34:44,999 |OFBiz-JobPoller      |DBCPConnectionFactory         |E| null
java.lang.ClassNotFoundException: Cached loader got a known bad class name: org.postgresql.Driver
	at org.ofbiz.base.util.CachedClassLoader.loadClass(CachedClassLoader.java:182) ~[ofbiz-base.jar:?]
	at org.ofbiz.base.util.CachedClassLoader.loadClass(CachedClassLoader.java:162) ~[ofbiz-base.jar:?]
	at java.lang.Class.forName0(Native Method) ~[?:1.8.0_91]
	at java.lang.Class.forName(Class.java:348) ~[?:1.8.0_91]
	at org.ofbiz.entity.connection.DBCPConnectionFactory.getConnection(DBCPConnectionFactory.java:87) [ofbiz-entity-test.jar:?]
	at org.ofbiz.entity.jdbc.ConnectionFactory.getManagedConnection(ConnectionFactory.java:121) [ofbiz-entity-test.jar:?]
	at org.ofbiz.geronimo.GeronimoTransactionFactory.getConnection(GeronimoTransactionFactory.java:83) [ofbiz-geronimo.jar:?]
	at org.ofbiz.entity.transaction.TransactionFactory.getConnection(TransactionFactory.java:82) [ofbiz-entity-test.jar:?]
	at org.ofbiz.entity.jdbc.ConnectionFactory.getConnection(ConnectionFactory.java:97) [ofbiz-entity-test.jar:?]
	at org.ofbiz.entity.jdbc.SQLProcessor.getConnection(SQLProcessor.java:250) [ofbiz-entity-test.jar:?]
	at org.ofbiz.entity.jdbc.SQLProcessor.prepareStatement(SQLProcessor.java:356) [ofbiz-entity-test.jar:?]
	at org.ofbiz.entity.datasource.GenericDAO.selectListIteratorByCondition(GenericDAO.java:774) [ofbiz-entity-test.jar:?]
	at org.ofbiz.entity.datasource.GenericHelperDAO.findListIteratorByCondition(GenericHelperDAO.java:145) [ofbiz-entity-test.jar:?]
	at org.ofbiz.entity.GenericDelegator.find(GenericDelegator.java:1688) [ofbiz-entity-test.jar:?]
	at org.ofbiz.service.job.JobManager.poll(JobManager.java:194) [ofbiz-service.jar:?]
	at org.ofbiz.service.job.JobPoller$JobManagerPoller.run(JobPoller.java:224) [ofbiz-service.jar:?]
	at java.lang.Thread.run(Thread.java:745) [?:1.8.0_91]
2016-10-11 23:35:15,003 |OFBiz-JobPoller      |DBCPConnectionFactory         |E| null
java.lang.ClassNotFoundException: Cached loader got a known bad class name: org.postgresql.Driver
	at org.ofbiz.base.util.CachedClassLoader.loadClass(CachedClassLoader.java:182) ~[ofbiz-base.jar:?]
	at org.ofbiz.base.util.CachedClassLoader.loadClass(CachedClassLoader.java:162) ~[ofbiz-base.jar:?]
	at java.lang.Class.forName0(Native Method) ~[?:1.8.0_91]
	at java.lang.Class.forName(Class.java:348) ~[?:1.8.0_91]
	at org.ofbiz.entity.connection.DBCPConnectionFactory.getConnection(DBCPConnectionFactory.java:87) [ofbiz-entity-test.jar:?]
	at org.ofbiz.entity.jdbc.ConnectionFactory.getManagedConnection(ConnectionFactory.java:121) [ofbiz-entity-test.jar:?]
	at org.ofbiz.geronimo.GeronimoTransactionFactory.getConnection(GeronimoTransactionFactory.java:83) [ofbiz-geronimo.jar:?]
	at org.ofbiz.entity.transaction.TransactionFactory.getConnection(TransactionFactory.java:82) [ofbiz-entity-test.jar:?]
	at org.ofbiz.entity.jdbc.ConnectionFactory.getConnection(ConnectionFactory.java:97) [ofbiz-entity-test.jar:?]
	at org.ofbiz.entity.jdbc.SQLProcessor.getConnection(SQLProcessor.java:250) [ofbiz-entity-test.jar:?]
	at org.ofbiz.entity.jdbc.SQLProcessor.prepareStatement(SQLProcessor.java:356) [ofbiz-entity-test.jar:?]
	at org.ofbiz.entity.datasource.GenericDAO.selectListIteratorByCondition(GenericDAO.java:774) [ofbiz-entity-test.jar:?]
	at org.ofbiz.entity.datasource.GenericHelperDAO.findListIteratorByCondition(GenericHelperDAO.java:145) [ofbiz-entity-test.jar:?]
	at org.ofbiz.entity.GenericDelegator.find(GenericDelegator.java:1688) [ofbiz-entity-test.jar:?]
	at org.ofbiz.service.job.JobManager.poll(JobManager.java:194) [ofbiz-service.jar:?]
	at org.ofbiz.service.job.JobPoller$JobManagerPoller.run(JobPoller.java:224) [ofbiz-service.jar:?]
	at java.lang.Thread.run(Thread.java:745) [?:1.8.0_91]
2016-10-11 23:35:45,007 |OFBiz-JobPoller      |DBCPConnectionFactory         |E| null
java.lang.ClassNotFoundException: Cached loader got a known bad class name: org.postgresql.Driver
	at org.ofbiz.base.util.CachedClassLoader.loadClass(CachedClassLoader.java:182) ~[ofbiz-base.jar:?]
	at org.ofbiz.base.util.CachedClassLoader.loadClass(CachedClassLoader.java:162) ~[ofbiz-base.jar:?]
	at java.lang.Class.forName0(Native Method) ~[?:1.8.0_91]
	at java.lang.Class.forName(Class.java:348) ~[?:1.8.0_91]
	at org.ofbiz.entity.connection.DBCPConnectionFactory.getConnection(DBCPConnectionFactory.java:87) [ofbiz-entity-test.jar:?]
	at org.ofbiz.entity.jdbc.ConnectionFactory.getManagedConnection(ConnectionFactory.java:121) [ofbiz-entity-test.jar:?]
	at org.ofbiz.geronimo.GeronimoTransactionFactory.getConnection(GeronimoTransactionFactory.java:83) [ofbiz-geronimo.jar:?]
	at org.ofbiz.entity.transaction.TransactionFactory.getConnection(TransactionFactory.java:82) [ofbiz-entity-test.jar:?]
	at org.ofbiz.entity.jdbc.ConnectionFactory.getConnection(ConnectionFactory.java:97) [ofbiz-entity-test.jar:?]
	at org.ofbiz.entity.jdbc.SQLProcessor.getConnection(SQLProcessor.java:250) [ofbiz-entity-test.jar:?]
	at org.ofbiz.entity.jdbc.SQLProcessor.prepareStatement(SQLProcessor.java:356) [ofbiz-entity-test.jar:?]
	at org.ofbiz.entity.datasource.GenericDAO.selectListIteratorByCondition(GenericDAO.java:774) [ofbiz-entity-test.jar:?]
	at org.ofbiz.entity.datasource.GenericHelperDAO.findListIteratorByCondition(GenericHelperDAO.java:145) [ofbiz-entity-test.jar:?]
	at org.ofbiz.entity.GenericDelegator.find(GenericDelegator.java:1688) [ofbiz-entity-test.jar:?]
	at org.ofbiz.service.job.JobManager.poll(JobManager.java:194) [ofbiz-service.jar:?]
	at org.ofbiz.service.job.JobPoller$JobManagerPoller.run(JobPoller.java:224) [ofbiz-service.jar:?]
	at java.lang.Thread.run(Thread.java:745) [?:1.8.0_91]
