2016-10-13 00:00:04,033 |OFBiz-JobQueue-0     |PersistedServiceJob           |I| Job  [Create Also Bought Product Associations] Id [11000] -- Next runtime: Fri Oct 14 00:00:00 IST 2016
2016-10-13 00:00:04,241 |OFBiz-JobQueue-1     |PersistedServiceJob           |I| Job  [Extend expired Subscriptions] Id [11001] -- Next runtime: Fri Oct 14 00:00:00 IST 2016
2016-10-13 00:00:05,108 |OFBiz-JobQueue-0     |GenericDAO                    |T| Ran query in 794 milli-seconds:  EntityName: OrderHeader Sql: SELECT ORDER_ID FROM public.ORDER_HEADER WHERE ((ORDER_TYPE_ID = ? AND ENTRY_DATE > ?)) ORDER BY ENTRY_DATE ASC where clause:[ORDER_TYPE_ID=SALES_ORDER, ENTRY_DATE=2016-10-12 23:32:32.291]
2016-10-13 00:00:05,306 |OFBiz-JobQueue-0     |ServiceDispatcher             |T| Sync service [default/createAlsoBoughtProductAssocs] finished in [1270] milliseconds
2016-10-13 00:00:05,407 |OFBiz-JobQueue-0     |PersistedServiceJob           |I| Job  [Cancels all orders after date] Id [11002] -- Next runtime: Fri Oct 14 00:00:00 IST 2016
2016-10-13 00:00:06,777 |OFBiz-JobQueue-1     |UtilProperties                |I| ResourceBundle OrderUiLabels (en) created in 2.394s with 970 properties
2016-10-13 00:00:06,779 |OFBiz-JobQueue-1     |ServiceDispatcher             |T| Sync service [default/runSubscriptionAutoReorders] finished in [2536] milliseconds
2016-10-13 00:00:06,808 |OFBiz-JobQueue-1     |PersistedServiceJob           |I| Job  [Delete auto-save shopping list for anonymous users] Id [11003] -- Next runtime: Fri Oct 14 00:00:00 IST 2016
2016-10-13 00:00:07,198 |OFBiz-JobQueue-0     |GenericDAO                    |T| Ran query in 451 milli-seconds:  EntityName: OrderItem Sql: SELECT ORDER_ID, ORDER_ITEM_SEQ_ID, EXTERNAL_ID, ORDER_ITEM_TYPE_ID, ORDER_ITEM_GROUP_SEQ_ID, IS_ITEM_GROUP_PRIMARY, FROM_INVENTORY_ITEM_ID, BUDGET_ID, BUDGET_ITEM_SEQ_ID, PRODUCT_ID, SUPPLIER_PRODUCT_ID, PRODUCT_FEATURE_ID, PROD_CATALOG_ID, PRODUCT_CATEGORY_ID, IS_PROMO, QUOTE_ID, QUOTE_ITEM_SEQ_ID, SHOPPING_LIST_ID, SHOPPING_LIST_ITEM_SEQ_ID, SUBSCRIPTION_ID, DEPLOYMENT_ID, QUANTITY, CANCEL_QUANTITY, SELECTED_AMOUNT, UNIT_PRICE, UNIT_LIST_PRICE, UNIT_AVERAGE_COST, UNIT_RECURRING_PRICE, IS_MODIFIED_PRICE, RECURRING_FREQ_UOM_ID, ITEM_DESCRIPTION, COMMENTS, CORRESPONDING_PO_ID, STATUS_ID, SYNC_STATUS_ID, ESTIMATED_SHIP_DATE, ESTIMATED_DELIVERY_DATE, AUTO_CANCEL_DATE, DONT_CANCEL_SET_DATE, DONT_CANCEL_SET_USER_LOGIN, SHIP_BEFORE_DATE, SHIP_AFTER_DATE, CANCEL_BACK_ORDER_DATE, OVERRIDE_GL_ACCOUNT_ID, SALES_OPPORTUNITY_ID, CHANGE_BY_USER_LOGIN_ID, LAST_UPDATED_STAMP, LAST_UPDATED_TX_STAMP, CREATED_STAMP, CREATED_TX_STAMP FROM public.ORDER_ITEM WHERE ((ORDER_ID = ?)) where clause:[ORDER_ID=DEMO10091]
2016-10-13 00:00:07,205 |OFBiz-JobQueue-0     |ServiceDispatcher             |T| Sync service [default/cancelAllBackOrders] finished in [1797] milliseconds
2016-10-13 00:00:07,282 |OFBiz-JobQueue-0     |PersistedServiceJob           |I| Job  [Replacement Held Order Auto-Cancel] Id [11004] -- Next runtime: Fri Oct 14 00:00:00 IST 2016
2016-10-13 00:00:07,375 |OFBiz-JobQueue-1     |ServiceDispatcher             |T| Sync service [default/autoDeleteAutoSaveShoppingList] finished in [567] milliseconds
2016-10-13 00:00:07,398 |OFBiz-JobQueue-1     |PersistedServiceJob           |I| Job  [BackOrder Notification] Id [11005] -- Next runtime: Fri Oct 14 00:00:00 IST 2016
2016-10-13 00:00:07,409 |OFBiz-JobQueue-0     |ServiceDispatcher             |T| Sync service [default/autoCancelReplacementOrders] finished in [126] milliseconds
2016-10-13 00:00:07,443 |OFBiz-JobQueue-0     |PersistedServiceJob           |I| Job  [Purge Old Store Auto-Entered Promos] Id [11006] -- Next runtime: Fri Oct 14 00:00:00 IST 2016
2016-10-13 00:00:07,749 |OFBiz-JobQueue-0     |GenericDAO                    |T| Ran query in 295 milli-seconds:  EntityName: ProductStorePromoAndAppl Sql: SELECT PP.PROMO_NAME, PP.USER_ENTERED, PSPA.FROM_DATE, PSPA.SEQUENCE_NUM, PSPA.MANUAL_ONLY, PSPA.PRODUCT_STORE_ID, PSPA.PRODUCT_PROMO_ID, PSPA.THRU_DATE FROM public.PRODUCT_STORE_PROMO_APPL PSPA INNER JOIN public.PRODUCT_PROMO PP ON PSPA.PRODUCT_PROMO_ID = PP.PRODUCT_PROMO_ID WHERE ((PSPA.PRODUCT_STORE_ID IS NULL AND PP.USER_ENTERED = ? AND PSPA.THRU_DATE IS NOT NULL AND PSPA.THRU_DATE < ?)) where clause:[PP_USER_ENTERED=Y, PSPA_THRU_DATE=2016-10-13 00:00:07.452]
2016-10-13 00:00:07,750 |OFBiz-JobQueue-0     |ServiceDispatcher             |T| Sync service [default/purgeOldStoreAutoPromos] finished in [306] milliseconds
2016-10-13 00:00:07,778 |OFBiz-JobQueue-0     |PersistedServiceJob           |I| Job  [Clear EntitySyncRemove Info] Id [11007] -- Next runtime: Fri Oct 14 00:00:00 IST 2016
2016-10-13 00:00:07,816 |OFBiz-JobQueue-1     |GenericDAO                    |T| Ran query in 391 milli-seconds:  EntityName: InventoryItem Sql: SELECT INVENTORY_ITEM_ID, INVENTORY_ITEM_TYPE_ID, PRODUCT_ID, PARTY_ID, OWNER_PARTY_ID, STATUS_ID, DATETIME_RECEIVED, DATETIME_MANUFACTURED, EXPIRE_DATE, FACILITY_ID, CONTAINER_ID, LOT_ID, UOM_ID, BIN_NUMBER, LOCATION_SEQ_ID, COMMENTS, QUANTITY_ON_HAND_TOTAL, AVAILABLE_TO_PROMISE_TOTAL, ACCOUNTING_QUANTITY_TOTAL, QUANTITY_ON_HAND, AVAILABLE_TO_PROMISE, SERIAL_NUMBER, SOFT_IDENTIFIER, ACTIVATION_NUMBER, ACTIVATION_VALID_THRU, UNIT_COST, CURRENCY_UOM_ID, LAST_UPDATED_STAMP, LAST_UPDATED_TX_STAMP, CREATED_STAMP, CREATED_TX_STAMP, FIXED_ASSET_ID FROM public.INVENTORY_ITEM WHERE (AVAILABLE_TO_PROMISE_TOTAL < ?) where clause:[AVAILABLE_TO_PROMISE_TOTAL=0]
2016-10-13 00:00:07,818 |OFBiz-JobQueue-1     |InventoryServices             |I| OOS Inventory Items: 0
2016-10-13 00:00:07,818 |OFBiz-JobQueue-0     |EntitySyncServices            |I| Running cleanSyncRemoveInfo
2016-10-13 00:00:07,820 |OFBiz-JobQueue-1     |ServiceDispatcher             |T| Sync service [default/checkInventoryAvailability] finished in [421] milliseconds
2016-10-13 00:00:07,862 |OFBiz-JobQueue-1     |PersistedServiceJob           |I| Job  [Re-Try Failed Auths] Id [11009] -- Next runtime: Fri Oct 14 00:00:00 IST 2016
2016-10-13 00:00:08,053 |OFBiz-JobQueue-0     |EntitySyncServices            |I| In cleanSyncRemoveInfo removed [0] values with TX timestamp before [2016-10-12 00:00:07.952]
2016-10-13 00:00:08,056 |OFBiz-JobQueue-0     |ServiceDispatcher             |T| Sync service [default/cleanSyncRemoveInfo] finished in [277] milliseconds
2016-10-13 00:00:08,329 |OFBiz-JobQueue-1     |GenericDAO                    |T| Ran query in 372 milli-seconds:  EntityName: OrderPaymentPreference Sql: SELECT ORDER_PAYMENT_PREFERENCE_ID, ORDER_ID, ORDER_ITEM_SEQ_ID, SHIP_GROUP_SEQ_ID, PRODUCT_PRICE_PURPOSE_ID, PAYMENT_METHOD_TYPE_ID, PAYMENT_METHOD_ID, FIN_ACCOUNT_ID, SECURITY_CODE, TRACK2, PRESENT_FLAG, SWIPED_FLAG, OVERFLOW_FLAG, MAX_AMOUNT, PROCESS_ATTEMPT, BILLING_POSTAL_CODE, MANUAL_AUTH_CODE, MANUAL_REF_NUM, STATUS_ID, NEEDS_NSF_RETRY, CREATED_DATE, CREATED_BY_USER_LOGIN, LAST_MODIFIED_DATE, LAST_MODIFIED_BY_USER_LOGIN, LAST_UPDATED_STAMP, LAST_UPDATED_TX_STAMP, CREATED_STAMP, CREATED_TX_STAMP FROM public.ORDER_PAYMENT_PREFERENCE WHERE ((STATUS_ID = ? AND PROCESS_ATTEMPT > ?)) ORDER BY ORDER_ID ASC where clause:[STATUS_ID=PAYMENT_NOT_AUTH, PROCESS_ATTEMPT=0]
2016-10-13 00:00:08,330 |OFBiz-JobQueue-1     |PaymentGatewayServices        |I| Processing failed order re-auth(s)
2016-10-13 00:00:08,332 |OFBiz-JobQueue-1     |ServiceDispatcher             |T| Sync service [default/retryFailedAuths] finished in [468] milliseconds
2016-10-13 00:00:08,383 |OFBiz-JobQueue-1     |PersistedServiceJob           |I| Job  [Re-Try Failed Auths NSF] Id [11008] -- Next runtime: Fri Oct 14 00:00:00 IST 2016
2016-10-13 00:00:08,392 |OFBiz-JobQueue-1     |PaymentGatewayServices        |I| Processing failed order re-auth(s)
2016-10-13 00:00:08,394 |OFBiz-JobQueue-1     |ServiceDispatcher             |T| Sync service [default/retryFailedAuthNsfs] finished in [10] milliseconds
2016-10-13 00:00:08,423 |OFBiz-JobQueue-1     |PersistedServiceJob           |I| Job  [Run Auto-Reorders] Id [11010] -- Next runtime: Fri Oct 14 00:00:00 IST 2016
2016-10-13 00:00:08,440 |OFBiz-JobQueue-1     |ServiceDispatcher             |T| Sync service [default/runShoppingListAutoReorder] finished in [15] milliseconds
2016-10-13 00:00:08,596 |OFBiz-JobQueue-0     |PersistedServiceJob           |W| Persisted Job [10911] references a RecurrenceInfo, recommend using TemporalExpression instead
2016-10-13 00:00:08,675 |OFBiz-JobQueue-0     |PersistedServiceJob           |I| Job  [Auto Reconcile Financial Account] Id [10911] -- Next runtime: Tue Oct 18 00:00:00 IST 2016
2016-10-13 00:00:12,705 |OFBiz-JobQueue-0     |GenericDAO                    |T| Ran query in 189 milli-seconds:  EntityName: GlReconciliation Sql: SELECT GL_RECONCILIATION_ID, GL_RECONCILIATION_NAME, DESCRIPTION, CREATED_DATE, CREATED_BY_USER_LOGIN, LAST_MODIFIED_DATE, LAST_MODIFIED_BY_USER_LOGIN, GL_ACCOUNT_ID, STATUS_ID, ORGANIZATION_PARTY_ID, RECONCILED_BALANCE, OPENING_BALANCE, RECONCILED_DATE, LAST_UPDATED_STAMP, LAST_UPDATED_TX_STAMP, CREATED_STAMP, CREATED_TX_STAMP FROM public.GL_RECONCILIATION WHERE ((RECONCILED_DATE >= ? AND RECONCILED_DATE <= ? AND STATUS_ID = ?)) where clause:[RECONCILED_DATE=2016-10-13 00:00:00.0, RECONCILED_DATE=2016-10-13 23:59:59.0, STATUS_ID=GLREC_CREATED]
2016-10-13 00:00:13,346 |OFBiz-JobQueue-0     |GenericDAO                    |T| Ran query in 378 milli-seconds:  EntityName: FinAccountTrans Sql: SELECT FIN_ACCOUNT_TRANS_ID, FIN_ACCOUNT_TRANS_TYPE_ID, FIN_ACCOUNT_ID, PARTY_ID, GL_RECONCILIATION_ID, TRANSACTION_DATE, ENTRY_DATE, AMOUNT, PAYMENT_ID, ORDER_ID, ORDER_ITEM_SEQ_ID, PERFORMED_BY_PARTY_ID, REASON_ENUM_ID, COMMENTS, STATUS_ID, LAST_UPDATED_STAMP, LAST_UPDATED_TX_STAMP, CREATED_STAMP, CREATED_TX_STAMP FROM public.FIN_ACCOUNT_TRANS WHERE (1=0) where clause:[]
2016-10-13 00:00:13,350 |OFBiz-JobQueue-0     |ServiceDispatcher             |T| Sync service [default/autoFinAccountReconciliation] finished in [4674] milliseconds
2016-10-13 00:03:04,204 |OFBiz-JobQueue-1     |PersistedServiceJob           |I| Job  [Send Email] Id [11100] -- Next runtime: Thu Oct 13 00:18:04 IST 2016
2016-10-13 00:03:04,720 |OFBiz-JobQueue-1     |GenericDAO                    |T| Ran query in 354 milli-seconds:  EntityName: CommunicationEvent Sql: SELECT COMMUNICATION_EVENT_ID, COMMUNICATION_EVENT_TYPE_ID, ORIG_COMM_EVENT_ID, PARENT_COMM_EVENT_ID, STATUS_ID, CONTACT_MECH_TYPE_ID, CONTACT_MECH_ID_FROM, CONTACT_MECH_ID_TO, ROLE_TYPE_ID_FROM, ROLE_TYPE_ID_TO, PARTY_ID_FROM, PARTY_ID_TO, ENTRY_DATE, DATETIME_STARTED, DATETIME_ENDED, SUBJECT, CONTENT_MIME_TYPE_ID, CONTENT, NOTE, REASON_ENUM_ID, CONTACT_LIST_ID, HEADER_STRING, FROM_STRING, TO_STRING, CC_STRING, BCC_STRING, MESSAGE_ID, LAST_UPDATED_STAMP, LAST_UPDATED_TX_STAMP, CREATED_STAMP, CREATED_TX_STAMP FROM public.COMMUNICATION_EVENT WHERE (((COMMUNICATION_EVENT_TYPE_ID = ? OR COMMUNICATION_EVENT_TYPE_ID = ?) AND STATUS_ID = ? AND (DATETIME_STARTED < ? OR DATETIME_STARTED IS NULL))) where clause:[COMMUNICATION_EVENT_TYPE_ID=EMAIL_COMMUNICATION, COMMUNICATION_EVENT_TYPE_ID=AUTO_EMAIL_COMM, STATUS_ID=COM_IN_PROGRESS, DATETIME_STARTED=2016-10-13 00:03:04.363]
2016-10-13 00:03:04,728 |OFBiz-JobQueue-1     |ServiceDispatcher             |T| Sync service [default/sendEmailDated] finished in [523] milliseconds
2016-10-13 00:18:04,619 |OFBiz-JobQueue-0     |PersistedServiceJob           |I| Job  [Send Email] Id [11113] -- Next runtime: Thu Oct 13 00:33:04 IST 2016
2016-10-13 00:18:04,941 |OFBiz-JobQueue-0     |ServiceDispatcher             |T| Sync service [default/sendEmailDated] finished in [308] milliseconds
