2016-12-28 00:00:03,161 |OFBiz-JobQueue-1     |PersistedServiceJob           |I| Job  [Delete auto-save shopping list for anonymous users] Id [10017] -- Next runtime: Thu Dec 29 00:00:00 IST 2016
2016-12-28 00:00:03,166 |OFBiz-JobQueue-0     |PersistedServiceJob           |I| Job  [Create Also Bought Product Associations] Id [10018] -- Next runtime: Thu Dec 29 00:00:00 IST 2016
2016-12-28 00:00:03,576 |OFBiz-JobQueue-1     |GenericDAO                    |T| Ran query in 320 milli-seconds:  EntityName: ShoppingList Sql: SELECT SHOPPING_LIST_ID, SHOPPING_LIST_TYPE_ID, PARENT_SHOPPING_LIST_ID, PRODUCT_STORE_ID, VISITOR_ID, PARTY_ID, LIST_NAME, DESCRIPTION, IS_PUBLIC, IS_ACTIVE, CURRENCY_UOM, SHIPMENT_METHOD_TYPE_ID, CARRIER_PARTY_ID, CARRIER_ROLE_TYPE_ID, CONTACT_MECH_ID, PAYMENT_METHOD_ID, RECURRENCE_INFO_ID, LAST_ORDERED_DATE, LAST_ADMIN_MODIFIED, PRODUCT_PROMO_CODE_ID, LAST_UPDATED_STAMP, LAST_UPDATED_TX_STAMP, CREATED_STAMP, CREATED_TX_STAMP FROM public.SHOPPING_LIST WHERE ((PARTY_ID IS NULL AND SHOPPING_LIST_TYPE_ID = ?)) where clause:[SHOPPING_LIST_TYPE_ID=SLT_SPEC_PURP]
2016-12-28 00:00:03,619 |OFBiz-JobQueue-1     |ServiceDispatcher             |T| Sync service [default/autoDeleteAutoSaveShoppingList] finished in [457] milliseconds
2016-12-28 00:00:03,655 |OFBiz-JobQueue-1     |PersistedServiceJob           |I| Job  [Replacement Held Order Auto-Cancel] Id [10019] -- Next runtime: Thu Dec 29 00:00:00 IST 2016
2016-12-28 00:00:03,955 |OFBiz-JobQueue-0     |GenericDAO                    |T| Ran query in 596 milli-seconds:  EntityName: OrderHeader Sql: SELECT ORDER_ID FROM public.ORDER_HEADER WHERE ((ORDER_TYPE_ID = ? AND ENTRY_DATE > ?)) ORDER BY ENTRY_DATE ASC where clause:[ORDER_TYPE_ID=SALES_ORDER, ENTRY_DATE=2016-12-27 00:00:06.965]
2016-12-28 00:00:03,959 |OFBiz-JobQueue-0     |ServiceDispatcher             |T| Sync service [default/createAlsoBoughtProductAssocs] finished in [792] milliseconds
2016-12-28 00:00:03,980 |OFBiz-JobQueue-0     |PersistedServiceJob           |I| Job  [BackOrder Notification] Id [10020] -- Next runtime: Thu Dec 29 00:00:00 IST 2016
2016-12-28 00:00:04,014 |OFBiz-JobQueue-1     |GenericDAO                    |T| Ran query in 319 milli-seconds:  EntityName: ReturnHeader Sql: SELECT RETURN_ID, RETURN_HEADER_TYPE_ID, STATUS_ID, CREATED_BY, FROM_PARTY_ID, TO_PARTY_ID, PAYMENT_METHOD_ID, FIN_ACCOUNT_ID, BILLING_ACCOUNT_ID, ENTRY_DATE, ORIGIN_CONTACT_MECH_ID, DESTINATION_FACILITY_ID, NEEDS_INVENTORY_RECEIVE, CURRENCY_UOM_ID, SUPPLIER_RMA_ID, LAST_UPDATED_STAMP, LAST_UPDATED_TX_STAMP, CREATED_STAMP, CREATED_TX_STAMP FROM public.RETURN_HEADER WHERE ((STATUS_ID = ? AND RETURN_HEADER_TYPE_ID = ?)) ORDER BY ENTRY_DATE ASC where clause:[STATUS_ID=RETURN_ACCEPTED, RETURN_HEADER_TYPE_ID=CUSTOMER_RETURN]
2016-12-28 00:00:04,016 |OFBiz-JobQueue-1     |ServiceDispatcher             |T| Sync service [default/autoCancelReplacementOrders] finished in [360] milliseconds
2016-12-28 00:00:04,043 |OFBiz-JobQueue-1     |PersistedServiceJob           |I| Job  [Purge Old Store Auto-Entered Promos] Id [10022] -- Next runtime: Thu Dec 29 00:00:00 IST 2016
2016-12-28 00:00:04,523 |OFBiz-JobQueue-0     |GenericDAO                    |T| Ran query in 525 milli-seconds:  EntityName: InventoryItem Sql: SELECT INVENTORY_ITEM_ID, INVENTORY_ITEM_TYPE_ID, PRODUCT_ID, PARTY_ID, OWNER_PARTY_ID, STATUS_ID, DATETIME_RECEIVED, DATETIME_MANUFACTURED, EXPIRE_DATE, FACILITY_ID, CONTAINER_ID, LOT_ID, UOM_ID, BIN_NUMBER, LOCATION_SEQ_ID, COMMENTS, QUANTITY_ON_HAND_TOTAL, AVAILABLE_TO_PROMISE_TOTAL, ACCOUNTING_QUANTITY_TOTAL, QUANTITY_ON_HAND, AVAILABLE_TO_PROMISE, SERIAL_NUMBER, SOFT_IDENTIFIER, ACTIVATION_NUMBER, ACTIVATION_VALID_THRU, UNIT_COST, CURRENCY_UOM_ID, LAST_UPDATED_STAMP, LAST_UPDATED_TX_STAMP, CREATED_STAMP, CREATED_TX_STAMP, FIXED_ASSET_ID FROM public.INVENTORY_ITEM WHERE (AVAILABLE_TO_PROMISE_TOTAL < ?) where clause:[AVAILABLE_TO_PROMISE_TOTAL=0]
2016-12-28 00:00:04,524 |OFBiz-JobQueue-0     |InventoryServices             |I| OOS Inventory Items: 0
2016-12-28 00:00:04,526 |OFBiz-JobQueue-0     |ServiceDispatcher             |T| Sync service [default/checkInventoryAvailability] finished in [546] milliseconds
2016-12-28 00:00:04,552 |OFBiz-JobQueue-1     |GenericDAO                    |T| Ran query in 492 milli-seconds:  EntityName: ProductStorePromoAndAppl Sql: SELECT PP.PROMO_NAME, PP.USER_ENTERED, PSPA.FROM_DATE, PSPA.SEQUENCE_NUM, PSPA.MANUAL_ONLY, PSPA.PRODUCT_STORE_ID, PSPA.PRODUCT_PROMO_ID, PSPA.THRU_DATE FROM public.PRODUCT_STORE_PROMO_APPL PSPA INNER JOIN public.PRODUCT_PROMO PP ON PSPA.PRODUCT_PROMO_ID = PP.PRODUCT_PROMO_ID WHERE ((PSPA.PRODUCT_STORE_ID IS NULL AND PP.USER_ENTERED = ? AND PSPA.THRU_DATE IS NOT NULL AND PSPA.THRU_DATE < ?)) where clause:[PP_USER_ENTERED=Y, PSPA_THRU_DATE=2016-12-28 00:00:04.057]
2016-12-28 00:00:04,553 |OFBiz-JobQueue-0     |PersistedServiceJob           |I| Job  [Clear EntitySyncRemove Info] Id [10023] -- Next runtime: Thu Dec 29 00:00:00 IST 2016
2016-12-28 00:00:04,554 |OFBiz-JobQueue-1     |ServiceDispatcher             |T| Sync service [default/purgeOldStoreAutoPromos] finished in [511] milliseconds
2016-12-28 00:00:04,584 |OFBiz-JobQueue-1     |PersistedServiceJob           |I| Job  [Re-Try Failed Auths NSF] Id [10024] -- Next runtime: Thu Dec 29 00:00:00 IST 2016
2016-12-28 00:00:04,636 |OFBiz-JobQueue-0     |EntitySyncServices            |I| Running cleanSyncRemoveInfo
2016-12-28 00:00:04,864 |OFBiz-JobQueue-0     |GenericDAO                    |T| Ran query in 227 milli-seconds:  EntityName: EntitySync Sql: SELECT ENTITY_SYNC_ID, RUN_STATUS_ID, LAST_SUCCESSFUL_SYNCH_TIME, LAST_HISTORY_START_DATE, PRE_OFFLINE_SYNCH_TIME, OFFLINE_SYNC_SPLIT_MILLIS, SYNC_SPLIT_MILLIS, SYNC_END_BUFFER_MILLIS, MAX_RUNNING_NO_UPDATE_MILLIS, TARGET_SERVICE_NAME, TARGET_DELEGATOR_NAME, KEEP_REMOVE_INFO_HOURS, FOR_PULL_ONLY, FOR_PUSH_ONLY, LAST_UPDATED_STAMP, LAST_UPDATED_TX_STAMP, CREATED_STAMP, CREATED_TX_STAMP FROM public.ENTITY_SYNC where clause:[]
2016-12-28 00:00:04,966 |OFBiz-JobQueue-0     |EntitySyncServices            |I| In cleanSyncRemoveInfo removed [0] values with TX timestamp before [2016-12-27 00:00:04.877]
2016-12-28 00:00:04,968 |OFBiz-JobQueue-0     |ServiceDispatcher             |T| Sync service [default/cleanSyncRemoveInfo] finished in [414] milliseconds
2016-12-28 00:00:04,991 |OFBiz-JobQueue-0     |PersistedServiceJob           |I| Job  [Re-Try Failed Auths] Id [10025] -- Next runtime: Thu Dec 29 00:00:00 IST 2016
2016-12-28 00:00:05,184 |OFBiz-JobQueue-0     |GenericDAO                    |T| Ran query in 189 milli-seconds:  EntityName: OrderPaymentPreference Sql: SELECT ORDER_PAYMENT_PREFERENCE_ID, ORDER_ID, ORDER_ITEM_SEQ_ID, SHIP_GROUP_SEQ_ID, PRODUCT_PRICE_PURPOSE_ID, PAYMENT_METHOD_TYPE_ID, PAYMENT_METHOD_ID, FIN_ACCOUNT_ID, SECURITY_CODE, TRACK2, PRESENT_FLAG, SWIPED_FLAG, OVERFLOW_FLAG, MAX_AMOUNT, PROCESS_ATTEMPT, BILLING_POSTAL_CODE, MANUAL_AUTH_CODE, MANUAL_REF_NUM, STATUS_ID, NEEDS_NSF_RETRY, CREATED_DATE, CREATED_BY_USER_LOGIN, LAST_MODIFIED_DATE, LAST_MODIFIED_BY_USER_LOGIN, LAST_UPDATED_STAMP, LAST_UPDATED_TX_STAMP, CREATED_STAMP, CREATED_TX_STAMP FROM public.ORDER_PAYMENT_PREFERENCE WHERE ((STATUS_ID = ? AND PROCESS_ATTEMPT > ?)) ORDER BY ORDER_ID ASC where clause:[STATUS_ID=PAYMENT_NOT_AUTH, PROCESS_ATTEMPT=0]
2016-12-28 00:00:05,184 |OFBiz-JobQueue-1     |GenericDAO                    |T| Ran query in 526 milli-seconds:  EntityName: OrderPaymentPreference Sql: SELECT ORDER_PAYMENT_PREFERENCE_ID, ORDER_ID, ORDER_ITEM_SEQ_ID, SHIP_GROUP_SEQ_ID, PRODUCT_PRICE_PURPOSE_ID, PAYMENT_METHOD_TYPE_ID, PAYMENT_METHOD_ID, FIN_ACCOUNT_ID, SECURITY_CODE, TRACK2, PRESENT_FLAG, SWIPED_FLAG, OVERFLOW_FLAG, MAX_AMOUNT, PROCESS_ATTEMPT, BILLING_POSTAL_CODE, MANUAL_AUTH_CODE, MANUAL_REF_NUM, STATUS_ID, NEEDS_NSF_RETRY, CREATED_DATE, CREATED_BY_USER_LOGIN, LAST_MODIFIED_DATE, LAST_MODIFIED_BY_USER_LOGIN, LAST_UPDATED_STAMP, LAST_UPDATED_TX_STAMP, CREATED_STAMP, CREATED_TX_STAMP FROM public.ORDER_PAYMENT_PREFERENCE WHERE ((NEEDS_NSF_RETRY = ? AND LAST_UPDATED_STAMP <= ?)) ORDER BY ORDER_ID ASC where clause:[NEEDS_NSF_RETRY=Y, LAST_UPDATED_STAMP=2016-12-21 00:00:04.656]
2016-12-28 00:00:05,184 |OFBiz-JobQueue-0     |PaymentGatewayServices        |I| Processing failed order re-auth(s)
2016-12-28 00:00:05,184 |OFBiz-JobQueue-1     |PaymentGatewayServices        |I| Processing failed order re-auth(s)
2016-12-28 00:00:05,186 |OFBiz-JobQueue-1     |ServiceDispatcher             |T| Sync service [default/retryFailedAuthNsfs] finished in [601] milliseconds
2016-12-28 00:00:05,186 |OFBiz-JobQueue-0     |ServiceDispatcher             |T| Sync service [default/retryFailedAuths] finished in [195] milliseconds
2016-12-28 00:00:05,259 |OFBiz-JobQueue-1     |PersistedServiceJob           |I| Job  [Run Auto-Reorders] Id [10027] -- Next runtime: Thu Dec 29 00:00:00 IST 2016
2016-12-28 00:00:05,259 |OFBiz-JobQueue-0     |PersistedServiceJob           |I| Job  [Extend expired Subscriptions] Id [10026] -- Next runtime: Thu Dec 29 00:00:00 IST 2016
2016-12-28 00:00:05,291 |OFBiz-JobQueue-1     |ServiceDispatcher             |T| Sync service [default/runShoppingListAutoReorder] finished in [31] milliseconds
2016-12-28 00:00:05,337 |OFBiz-JobQueue-1     |PersistedServiceJob           |I| Job  [Cancels all orders after date] Id [10028] -- Next runtime: Thu Dec 29 00:00:00 IST 2016
2016-12-28 00:00:05,820 |OFBiz-JobQueue-0     |GenericDAO                    |T| Ran query in 557 milli-seconds:  EntityName: Subscription Sql: SELECT SUBSCRIPTION_ID, DESCRIPTION, SUBSCRIPTION_RESOURCE_ID, COMMUNICATION_EVENT_ID, CONTACT_MECH_ID, ORIGINATED_FROM_PARTY_ID, ORIGINATED_FROM_ROLE_TYPE_ID, PARTY_ID, ROLE_TYPE_ID, PARTY_NEED_ID, NEED_TYPE_ID, ORDER_ID, ORDER_ITEM_SEQ_ID, PRODUCT_ID, PRODUCT_CATEGORY_ID, INVENTORY_ITEM_ID, SUBSCRIPTION_TYPE_ID, EXTERNAL_SUBSCRIPTION_ID, FROM_DATE, THRU_DATE, PURCHASE_FROM_DATE, PURCHASE_THRU_DATE, MAX_LIFE_TIME, MAX_LIFE_TIME_UOM_ID, AVAILABLE_TIME, AVAILABLE_TIME_UOM_ID, USE_COUNT_LIMIT, USE_TIME, USE_TIME_UOM_ID, AUTOMATIC_EXTEND, CANCL_AUTM_EXT_TIME, CANCL_AUTM_EXT_TIME_UOM_ID, LAST_UPDATED_STAMP, LAST_UPDATED_TX_STAMP, CREATED_STAMP, CREATED_TX_STAMP FROM public.SUBSCRIPTION WHERE ((AUTOMATIC_EXTEND = ? AND ORDER_ID IS NOT NULL AND PRODUCT_ID IS NOT NULL)) where clause:[AUTOMATIC_EXTEND=Y]
2016-12-28 00:00:06,291 |OFBiz-JobQueue-0     |UtilProperties                |I| ResourceBundle OrderUiLabels (en) created in 0.469s with 970 properties
2016-12-28 00:00:06,293 |OFBiz-JobQueue-0     |ServiceDispatcher             |T| Sync service [default/runSubscriptionAutoReorders] finished in [1034] milliseconds
2016-12-28 00:00:06,529 |OFBiz-JobQueue-1     |GenericDAO                    |T| Ran query in 1035 milli-seconds:  EntityName: OrderItem Sql: SELECT ORDER_ID, ORDER_ITEM_SEQ_ID, EXTERNAL_ID, ORDER_ITEM_TYPE_ID, ORDER_ITEM_GROUP_SEQ_ID, IS_ITEM_GROUP_PRIMARY, FROM_INVENTORY_ITEM_ID, BUDGET_ID, BUDGET_ITEM_SEQ_ID, PRODUCT_ID, SUPPLIER_PRODUCT_ID, PRODUCT_FEATURE_ID, PROD_CATALOG_ID, PRODUCT_CATEGORY_ID, IS_PROMO, QUOTE_ID, QUOTE_ITEM_SEQ_ID, SHOPPING_LIST_ID, SHOPPING_LIST_ITEM_SEQ_ID, SUBSCRIPTION_ID, DEPLOYMENT_ID, QUANTITY, CANCEL_QUANTITY, SELECTED_AMOUNT, UNIT_PRICE, UNIT_LIST_PRICE, UNIT_AVERAGE_COST, UNIT_RECURRING_PRICE, IS_MODIFIED_PRICE, RECURRING_FREQ_UOM_ID, ITEM_DESCRIPTION, COMMENTS, CORRESPONDING_PO_ID, STATUS_ID, SYNC_STATUS_ID, ESTIMATED_SHIP_DATE, ESTIMATED_DELIVERY_DATE, AUTO_CANCEL_DATE, DONT_CANCEL_SET_DATE, DONT_CANCEL_SET_USER_LOGIN, SHIP_BEFORE_DATE, SHIP_AFTER_DATE, CANCEL_BACK_ORDER_DATE, OVERRIDE_GL_ACCOUNT_ID, SALES_OPPORTUNITY_ID, CHANGE_BY_USER_LOGIN_ID, LAST_UPDATED_STAMP, LAST_UPDATED_TX_STAMP, CREATED_STAMP, CREATED_TX_STAMP FROM public.ORDER_ITEM WHERE ((ORDER_ID = ?)) where clause:[ORDER_ID=DEMO10091]
2016-12-28 00:00:06,535 |OFBiz-JobQueue-1     |ServiceDispatcher             |T| Sync service [default/cancelAllBackOrders] finished in [1198] milliseconds
2016-12-28 00:14:08,293 |OFBiz-JobQueue-0     |PersistedServiceJob           |I| Job  [Send Email] Id [10105] -- Next runtime: Wed Dec 28 00:29:08 IST 2016
2016-12-28 00:14:08,579 |OFBiz-JobQueue-0     |ServiceDispatcher             |T| Sync service [default/sendEmailDated] finished in [285] milliseconds
2016-12-28 00:29:08,775 |OFBiz-JobQueue-1     |PersistedServiceJob           |I| Job  [Send Email] Id [10118] -- Next runtime: Wed Dec 28 00:44:08 IST 2016
2016-12-28 00:29:09,010 |OFBiz-JobQueue-1     |ServiceDispatcher             |T| Sync service [default/sendEmailDated] finished in [224] milliseconds
2016-12-28 00:44:09,440 |OFBiz-JobQueue-0     |PersistedServiceJob           |I| Job  [Send Email] Id [10119] -- Next runtime: Wed Dec 28 00:59:09 IST 2016
2016-12-28 00:44:09,599 |OFBiz-JobQueue-0     |ServiceDispatcher             |T| Sync service [default/sendEmailDated] finished in [157] milliseconds
